[2021-07-01 10:12:03,853] {scheduler_job.py:182} INFO - Started process (PID=62) to work on /home/airflow/.local/lib/python3.6/site-packages/airflow/example_dags/example_trigger_controller_dag.py
[2021-07-01 10:12:03,869] {scheduler_job.py:633} INFO - Processing file /home/airflow/.local/lib/python3.6/site-packages/airflow/example_dags/example_trigger_controller_dag.py for tasks to queue
[2021-07-01 10:12:03,879] {logging_mixin.py:104} INFO - [2021-07-01 10:12:03,877] {dagbag.py:487} INFO - Filling up the DagBag from /home/airflow/.local/lib/python3.6/site-packages/airflow/example_dags/example_trigger_controller_dag.py
[2021-07-01 10:12:03,975] {scheduler_job.py:643} INFO - DAG(s) dict_keys(['example_trigger_controller_dag']) retrieved from /home/airflow/.local/lib/python3.6/site-packages/airflow/example_dags/example_trigger_controller_dag.py
[2021-07-01 10:12:04,056] {logging_mixin.py:104} INFO - [2021-07-01 10:12:04,055] {dag.py:1832} INFO - Sync 1 DAGs
[2021-07-01 10:12:04,131] {logging_mixin.py:104} INFO - [2021-07-01 10:12:04,131] {dag.py:2305} INFO - Setting next_dagrun for example_trigger_controller_dag to 2021-06-29 00:00:00+00:00
[2021-07-01 10:12:04,188] {scheduler_job.py:190} INFO - Processing /home/airflow/.local/lib/python3.6/site-packages/airflow/example_dags/example_trigger_controller_dag.py took 0.348 seconds
[2021-07-01 10:12:34,783] {scheduler_job.py:182} INFO - Started process (PID=120) to work on /home/airflow/.local/lib/python3.6/site-packages/airflow/example_dags/example_trigger_controller_dag.py
[2021-07-01 10:12:34,785] {scheduler_job.py:633} INFO - Processing file /home/airflow/.local/lib/python3.6/site-packages/airflow/example_dags/example_trigger_controller_dag.py for tasks to queue
[2021-07-01 10:12:34,789] {logging_mixin.py:104} INFO - [2021-07-01 10:12:34,789] {dagbag.py:487} INFO - Filling up the DagBag from /home/airflow/.local/lib/python3.6/site-packages/airflow/example_dags/example_trigger_controller_dag.py
[2021-07-01 10:12:34,807] {scheduler_job.py:643} INFO - DAG(s) dict_keys(['example_trigger_controller_dag']) retrieved from /home/airflow/.local/lib/python3.6/site-packages/airflow/example_dags/example_trigger_controller_dag.py
[2021-07-01 10:12:34,830] {logging_mixin.py:104} INFO - [2021-07-01 10:12:34,830] {dag.py:1832} INFO - Sync 1 DAGs
[2021-07-01 10:12:34,848] {logging_mixin.py:104} INFO - [2021-07-01 10:12:34,848] {dag.py:2305} INFO - Setting next_dagrun for example_trigger_controller_dag to 2021-06-29 00:00:00+00:00
[2021-07-01 10:12:34,866] {scheduler_job.py:190} INFO - Processing /home/airflow/.local/lib/python3.6/site-packages/airflow/example_dags/example_trigger_controller_dag.py took 0.090 seconds
[2021-07-01 10:13:05,027] {scheduler_job.py:182} INFO - Started process (PID=177) to work on /home/airflow/.local/lib/python3.6/site-packages/airflow/example_dags/example_trigger_controller_dag.py
[2021-07-01 10:13:05,030] {scheduler_job.py:633} INFO - Processing file /home/airflow/.local/lib/python3.6/site-packages/airflow/example_dags/example_trigger_controller_dag.py for tasks to queue
[2021-07-01 10:13:05,033] {logging_mixin.py:104} INFO - [2021-07-01 10:13:05,032] {dagbag.py:487} INFO - Filling up the DagBag from /home/airflow/.local/lib/python3.6/site-packages/airflow/example_dags/example_trigger_controller_dag.py
[2021-07-01 10:13:05,047] {scheduler_job.py:643} INFO - DAG(s) dict_keys(['example_trigger_controller_dag']) retrieved from /home/airflow/.local/lib/python3.6/site-packages/airflow/example_dags/example_trigger_controller_dag.py
[2021-07-01 10:13:05,071] {logging_mixin.py:104} INFO - [2021-07-01 10:13:05,071] {dag.py:1832} INFO - Sync 1 DAGs
[2021-07-01 10:13:05,089] {logging_mixin.py:104} INFO - [2021-07-01 10:13:05,089] {dag.py:2305} INFO - Setting next_dagrun for example_trigger_controller_dag to 2021-06-29 00:00:00+00:00
[2021-07-01 10:13:05,103] {scheduler_job.py:190} INFO - Processing /home/airflow/.local/lib/python3.6/site-packages/airflow/example_dags/example_trigger_controller_dag.py took 0.081 seconds
[2021-07-01 10:13:36,210] {scheduler_job.py:182} INFO - Started process (PID=244) to work on /home/airflow/.local/lib/python3.6/site-packages/airflow/example_dags/example_trigger_controller_dag.py
[2021-07-01 10:13:36,212] {scheduler_job.py:633} INFO - Processing file /home/airflow/.local/lib/python3.6/site-packages/airflow/example_dags/example_trigger_controller_dag.py for tasks to queue
[2021-07-01 10:13:36,213] {logging_mixin.py:104} INFO - [2021-07-01 10:13:36,213] {dagbag.py:487} INFO - Filling up the DagBag from /home/airflow/.local/lib/python3.6/site-packages/airflow/example_dags/example_trigger_controller_dag.py
[2021-07-01 10:13:36,233] {scheduler_job.py:643} INFO - DAG(s) dict_keys(['example_trigger_controller_dag']) retrieved from /home/airflow/.local/lib/python3.6/site-packages/airflow/example_dags/example_trigger_controller_dag.py
[2021-07-01 10:13:36,255] {logging_mixin.py:104} INFO - [2021-07-01 10:13:36,255] {dag.py:1832} INFO - Sync 1 DAGs
[2021-07-01 10:13:36,272] {logging_mixin.py:104} INFO - [2021-07-01 10:13:36,272] {dag.py:2305} INFO - Setting next_dagrun for example_trigger_controller_dag to 2021-06-29 00:00:00+00:00
[2021-07-01 10:13:36,282] {scheduler_job.py:190} INFO - Processing /home/airflow/.local/lib/python3.6/site-packages/airflow/example_dags/example_trigger_controller_dag.py took 0.079 seconds
[2021-07-01 10:14:07,205] {scheduler_job.py:182} INFO - Started process (PID=298) to work on /home/airflow/.local/lib/python3.6/site-packages/airflow/example_dags/example_trigger_controller_dag.py
[2021-07-01 10:14:07,211] {scheduler_job.py:633} INFO - Processing file /home/airflow/.local/lib/python3.6/site-packages/airflow/example_dags/example_trigger_controller_dag.py for tasks to queue
[2021-07-01 10:14:07,213] {logging_mixin.py:104} INFO - [2021-07-01 10:14:07,213] {dagbag.py:487} INFO - Filling up the DagBag from /home/airflow/.local/lib/python3.6/site-packages/airflow/example_dags/example_trigger_controller_dag.py
[2021-07-01 10:14:07,227] {scheduler_job.py:643} INFO - DAG(s) dict_keys(['example_trigger_controller_dag']) retrieved from /home/airflow/.local/lib/python3.6/site-packages/airflow/example_dags/example_trigger_controller_dag.py
[2021-07-01 10:14:07,250] {logging_mixin.py:104} INFO - [2021-07-01 10:14:07,250] {dag.py:1832} INFO - Sync 1 DAGs
[2021-07-01 10:14:07,275] {logging_mixin.py:104} INFO - [2021-07-01 10:14:07,274] {dag.py:2305} INFO - Setting next_dagrun for example_trigger_controller_dag to 2021-06-29 00:00:00+00:00
[2021-07-01 10:14:07,298] {scheduler_job.py:190} INFO - Processing /home/airflow/.local/lib/python3.6/site-packages/airflow/example_dags/example_trigger_controller_dag.py took 0.096 seconds
[2021-07-01 10:14:38,095] {scheduler_job.py:182} INFO - Started process (PID=364) to work on /home/airflow/.local/lib/python3.6/site-packages/airflow/example_dags/example_trigger_controller_dag.py
[2021-07-01 10:14:38,100] {scheduler_job.py:633} INFO - Processing file /home/airflow/.local/lib/python3.6/site-packages/airflow/example_dags/example_trigger_controller_dag.py for tasks to queue
[2021-07-01 10:14:38,104] {logging_mixin.py:104} INFO - [2021-07-01 10:14:38,104] {dagbag.py:487} INFO - Filling up the DagBag from /home/airflow/.local/lib/python3.6/site-packages/airflow/example_dags/example_trigger_controller_dag.py
[2021-07-01 10:14:38,124] {scheduler_job.py:643} INFO - DAG(s) dict_keys(['example_trigger_controller_dag']) retrieved from /home/airflow/.local/lib/python3.6/site-packages/airflow/example_dags/example_trigger_controller_dag.py
[2021-07-01 10:14:38,159] {logging_mixin.py:104} INFO - [2021-07-01 10:14:38,159] {dag.py:1832} INFO - Sync 1 DAGs
[2021-07-01 10:14:38,176] {logging_mixin.py:104} INFO - [2021-07-01 10:14:38,176] {dag.py:2305} INFO - Setting next_dagrun for example_trigger_controller_dag to 2021-06-29 00:00:00+00:00
[2021-07-01 10:14:38,187] {scheduler_job.py:190} INFO - Processing /home/airflow/.local/lib/python3.6/site-packages/airflow/example_dags/example_trigger_controller_dag.py took 0.098 seconds
[2021-07-01 10:15:08,952] {scheduler_job.py:182} INFO - Started process (PID=429) to work on /home/airflow/.local/lib/python3.6/site-packages/airflow/example_dags/example_trigger_controller_dag.py
[2021-07-01 10:15:08,954] {scheduler_job.py:633} INFO - Processing file /home/airflow/.local/lib/python3.6/site-packages/airflow/example_dags/example_trigger_controller_dag.py for tasks to queue
[2021-07-01 10:15:08,958] {logging_mixin.py:104} INFO - [2021-07-01 10:15:08,958] {dagbag.py:487} INFO - Filling up the DagBag from /home/airflow/.local/lib/python3.6/site-packages/airflow/example_dags/example_trigger_controller_dag.py
[2021-07-01 10:15:08,983] {scheduler_job.py:643} INFO - DAG(s) dict_keys(['example_trigger_controller_dag']) retrieved from /home/airflow/.local/lib/python3.6/site-packages/airflow/example_dags/example_trigger_controller_dag.py
[2021-07-01 10:15:09,006] {logging_mixin.py:104} INFO - [2021-07-01 10:15:09,006] {dag.py:1832} INFO - Sync 1 DAGs
[2021-07-01 10:15:09,029] {logging_mixin.py:104} INFO - [2021-07-01 10:15:09,028] {dag.py:2305} INFO - Setting next_dagrun for example_trigger_controller_dag to 2021-06-29 00:00:00+00:00
[2021-07-01 10:15:09,040] {scheduler_job.py:190} INFO - Processing /home/airflow/.local/lib/python3.6/site-packages/airflow/example_dags/example_trigger_controller_dag.py took 0.092 seconds
[2021-07-01 10:15:39,939] {scheduler_job.py:182} INFO - Started process (PID=484) to work on /home/airflow/.local/lib/python3.6/site-packages/airflow/example_dags/example_trigger_controller_dag.py
[2021-07-01 10:15:39,942] {scheduler_job.py:633} INFO - Processing file /home/airflow/.local/lib/python3.6/site-packages/airflow/example_dags/example_trigger_controller_dag.py for tasks to queue
[2021-07-01 10:15:39,950] {logging_mixin.py:104} INFO - [2021-07-01 10:15:39,950] {dagbag.py:487} INFO - Filling up the DagBag from /home/airflow/.local/lib/python3.6/site-packages/airflow/example_dags/example_trigger_controller_dag.py
[2021-07-01 10:15:39,977] {scheduler_job.py:643} INFO - DAG(s) dict_keys(['example_trigger_controller_dag']) retrieved from /home/airflow/.local/lib/python3.6/site-packages/airflow/example_dags/example_trigger_controller_dag.py
[2021-07-01 10:15:40,022] {logging_mixin.py:104} INFO - [2021-07-01 10:15:40,022] {dag.py:1832} INFO - Sync 1 DAGs
[2021-07-01 10:15:40,050] {logging_mixin.py:104} INFO - [2021-07-01 10:15:40,050] {dag.py:2305} INFO - Setting next_dagrun for example_trigger_controller_dag to 2021-06-29 00:00:00+00:00
[2021-07-01 10:15:40,062] {scheduler_job.py:190} INFO - Processing /home/airflow/.local/lib/python3.6/site-packages/airflow/example_dags/example_trigger_controller_dag.py took 0.131 seconds
[2021-07-01 10:16:10,262] {scheduler_job.py:182} INFO - Started process (PID=552) to work on /home/airflow/.local/lib/python3.6/site-packages/airflow/example_dags/example_trigger_controller_dag.py
[2021-07-01 10:16:10,265] {scheduler_job.py:633} INFO - Processing file /home/airflow/.local/lib/python3.6/site-packages/airflow/example_dags/example_trigger_controller_dag.py for tasks to queue
[2021-07-01 10:16:10,267] {logging_mixin.py:104} INFO - [2021-07-01 10:16:10,267] {dagbag.py:487} INFO - Filling up the DagBag from /home/airflow/.local/lib/python3.6/site-packages/airflow/example_dags/example_trigger_controller_dag.py
[2021-07-01 10:16:10,284] {scheduler_job.py:643} INFO - DAG(s) dict_keys(['example_trigger_controller_dag']) retrieved from /home/airflow/.local/lib/python3.6/site-packages/airflow/example_dags/example_trigger_controller_dag.py
[2021-07-01 10:16:10,320] {logging_mixin.py:104} INFO - [2021-07-01 10:16:10,320] {dag.py:1832} INFO - Sync 1 DAGs
[2021-07-01 10:16:10,337] {logging_mixin.py:104} INFO - [2021-07-01 10:16:10,337] {dag.py:2305} INFO - Setting next_dagrun for example_trigger_controller_dag to 2021-06-29 00:00:00+00:00
[2021-07-01 10:16:10,360] {scheduler_job.py:190} INFO - Processing /home/airflow/.local/lib/python3.6/site-packages/airflow/example_dags/example_trigger_controller_dag.py took 0.107 seconds
