[2021-07-01 10:12:02,894] {scheduler_job.py:182} INFO - Started process (PID=58) to work on /home/airflow/.local/lib/python3.6/site-packages/airflow/example_dags/example_branch_day_of_week_operator.py
[2021-07-01 10:12:02,917] {scheduler_job.py:633} INFO - Processing file /home/airflow/.local/lib/python3.6/site-packages/airflow/example_dags/example_branch_day_of_week_operator.py for tasks to queue
[2021-07-01 10:12:02,925] {logging_mixin.py:104} INFO - [2021-07-01 10:12:02,924] {dagbag.py:487} INFO - Filling up the DagBag from /home/airflow/.local/lib/python3.6/site-packages/airflow/example_dags/example_branch_day_of_week_operator.py
[2021-07-01 10:12:03,040] {scheduler_job.py:643} INFO - DAG(s) dict_keys(['example_weekday_branch_operator']) retrieved from /home/airflow/.local/lib/python3.6/site-packages/airflow/example_dags/example_branch_day_of_week_operator.py
[2021-07-01 10:12:03,164] {logging_mixin.py:104} INFO - [2021-07-01 10:12:03,164] {dag.py:1832} INFO - Sync 1 DAGs
[2021-07-01 10:12:03,287] {logging_mixin.py:104} INFO - [2021-07-01 10:12:03,287] {dag.py:2305} INFO - Setting next_dagrun for example_weekday_branch_operator to 2021-06-29 00:00:00+00:00
[2021-07-01 10:12:03,369] {scheduler_job.py:190} INFO - Processing /home/airflow/.local/lib/python3.6/site-packages/airflow/example_dags/example_branch_day_of_week_operator.py took 0.497 seconds
[2021-07-01 10:12:33,572] {scheduler_job.py:182} INFO - Started process (PID=116) to work on /home/airflow/.local/lib/python3.6/site-packages/airflow/example_dags/example_branch_day_of_week_operator.py
[2021-07-01 10:12:33,574] {scheduler_job.py:633} INFO - Processing file /home/airflow/.local/lib/python3.6/site-packages/airflow/example_dags/example_branch_day_of_week_operator.py for tasks to queue
[2021-07-01 10:12:33,576] {logging_mixin.py:104} INFO - [2021-07-01 10:12:33,575] {dagbag.py:487} INFO - Filling up the DagBag from /home/airflow/.local/lib/python3.6/site-packages/airflow/example_dags/example_branch_day_of_week_operator.py
[2021-07-01 10:12:33,593] {scheduler_job.py:643} INFO - DAG(s) dict_keys(['example_weekday_branch_operator']) retrieved from /home/airflow/.local/lib/python3.6/site-packages/airflow/example_dags/example_branch_day_of_week_operator.py
[2021-07-01 10:12:33,621] {logging_mixin.py:104} INFO - [2021-07-01 10:12:33,621] {dag.py:1832} INFO - Sync 1 DAGs
[2021-07-01 10:12:33,642] {logging_mixin.py:104} INFO - [2021-07-01 10:12:33,642] {dag.py:2305} INFO - Setting next_dagrun for example_weekday_branch_operator to 2021-06-29 00:00:00+00:00
[2021-07-01 10:12:33,652] {scheduler_job.py:190} INFO - Processing /home/airflow/.local/lib/python3.6/site-packages/airflow/example_dags/example_branch_day_of_week_operator.py took 0.090 seconds
[2021-07-01 10:13:04,772] {scheduler_job.py:182} INFO - Started process (PID=173) to work on /home/airflow/.local/lib/python3.6/site-packages/airflow/example_dags/example_branch_day_of_week_operator.py
[2021-07-01 10:13:04,775] {scheduler_job.py:633} INFO - Processing file /home/airflow/.local/lib/python3.6/site-packages/airflow/example_dags/example_branch_day_of_week_operator.py for tasks to queue
[2021-07-01 10:13:04,777] {logging_mixin.py:104} INFO - [2021-07-01 10:13:04,777] {dagbag.py:487} INFO - Filling up the DagBag from /home/airflow/.local/lib/python3.6/site-packages/airflow/example_dags/example_branch_day_of_week_operator.py
[2021-07-01 10:13:04,799] {scheduler_job.py:643} INFO - DAG(s) dict_keys(['example_weekday_branch_operator']) retrieved from /home/airflow/.local/lib/python3.6/site-packages/airflow/example_dags/example_branch_day_of_week_operator.py
[2021-07-01 10:13:04,827] {logging_mixin.py:104} INFO - [2021-07-01 10:13:04,827] {dag.py:1832} INFO - Sync 1 DAGs
[2021-07-01 10:13:04,851] {logging_mixin.py:104} INFO - [2021-07-01 10:13:04,851] {dag.py:2305} INFO - Setting next_dagrun for example_weekday_branch_operator to 2021-06-29 00:00:00+00:00
[2021-07-01 10:13:04,868] {scheduler_job.py:190} INFO - Processing /home/airflow/.local/lib/python3.6/site-packages/airflow/example_dags/example_branch_day_of_week_operator.py took 0.102 seconds
[2021-07-01 10:13:35,861] {scheduler_job.py:182} INFO - Started process (PID=240) to work on /home/airflow/.local/lib/python3.6/site-packages/airflow/example_dags/example_branch_day_of_week_operator.py
[2021-07-01 10:13:35,863] {scheduler_job.py:633} INFO - Processing file /home/airflow/.local/lib/python3.6/site-packages/airflow/example_dags/example_branch_day_of_week_operator.py for tasks to queue
[2021-07-01 10:13:35,864] {logging_mixin.py:104} INFO - [2021-07-01 10:13:35,864] {dagbag.py:487} INFO - Filling up the DagBag from /home/airflow/.local/lib/python3.6/site-packages/airflow/example_dags/example_branch_day_of_week_operator.py
[2021-07-01 10:13:35,877] {scheduler_job.py:643} INFO - DAG(s) dict_keys(['example_weekday_branch_operator']) retrieved from /home/airflow/.local/lib/python3.6/site-packages/airflow/example_dags/example_branch_day_of_week_operator.py
[2021-07-01 10:13:35,911] {logging_mixin.py:104} INFO - [2021-07-01 10:13:35,910] {dag.py:1832} INFO - Sync 1 DAGs
[2021-07-01 10:13:35,944] {logging_mixin.py:104} INFO - [2021-07-01 10:13:35,944] {dag.py:2305} INFO - Setting next_dagrun for example_weekday_branch_operator to 2021-06-29 00:00:00+00:00
[2021-07-01 10:13:35,963] {scheduler_job.py:190} INFO - Processing /home/airflow/.local/lib/python3.6/site-packages/airflow/example_dags/example_branch_day_of_week_operator.py took 0.106 seconds
[2021-07-01 10:14:06,959] {scheduler_job.py:182} INFO - Started process (PID=294) to work on /home/airflow/.local/lib/python3.6/site-packages/airflow/example_dags/example_branch_day_of_week_operator.py
[2021-07-01 10:14:06,962] {scheduler_job.py:633} INFO - Processing file /home/airflow/.local/lib/python3.6/site-packages/airflow/example_dags/example_branch_day_of_week_operator.py for tasks to queue
[2021-07-01 10:14:06,964] {logging_mixin.py:104} INFO - [2021-07-01 10:14:06,964] {dagbag.py:487} INFO - Filling up the DagBag from /home/airflow/.local/lib/python3.6/site-packages/airflow/example_dags/example_branch_day_of_week_operator.py
[2021-07-01 10:14:06,977] {scheduler_job.py:643} INFO - DAG(s) dict_keys(['example_weekday_branch_operator']) retrieved from /home/airflow/.local/lib/python3.6/site-packages/airflow/example_dags/example_branch_day_of_week_operator.py
[2021-07-01 10:14:06,997] {logging_mixin.py:104} INFO - [2021-07-01 10:14:06,997] {dag.py:1832} INFO - Sync 1 DAGs
[2021-07-01 10:14:07,017] {logging_mixin.py:104} INFO - [2021-07-01 10:14:07,017] {dag.py:2305} INFO - Setting next_dagrun for example_weekday_branch_operator to 2021-06-29 00:00:00+00:00
[2021-07-01 10:14:07,027] {scheduler_job.py:190} INFO - Processing /home/airflow/.local/lib/python3.6/site-packages/airflow/example_dags/example_branch_day_of_week_operator.py took 0.072 seconds
[2021-07-01 10:14:37,732] {scheduler_job.py:182} INFO - Started process (PID=360) to work on /home/airflow/.local/lib/python3.6/site-packages/airflow/example_dags/example_branch_day_of_week_operator.py
[2021-07-01 10:14:37,735] {scheduler_job.py:633} INFO - Processing file /home/airflow/.local/lib/python3.6/site-packages/airflow/example_dags/example_branch_day_of_week_operator.py for tasks to queue
[2021-07-01 10:14:37,737] {logging_mixin.py:104} INFO - [2021-07-01 10:14:37,737] {dagbag.py:487} INFO - Filling up the DagBag from /home/airflow/.local/lib/python3.6/site-packages/airflow/example_dags/example_branch_day_of_week_operator.py
[2021-07-01 10:14:37,752] {scheduler_job.py:643} INFO - DAG(s) dict_keys(['example_weekday_branch_operator']) retrieved from /home/airflow/.local/lib/python3.6/site-packages/airflow/example_dags/example_branch_day_of_week_operator.py
[2021-07-01 10:14:37,777] {logging_mixin.py:104} INFO - [2021-07-01 10:14:37,777] {dag.py:1832} INFO - Sync 1 DAGs
[2021-07-01 10:14:37,798] {logging_mixin.py:104} INFO - [2021-07-01 10:14:37,798] {dag.py:2305} INFO - Setting next_dagrun for example_weekday_branch_operator to 2021-06-29 00:00:00+00:00
[2021-07-01 10:14:37,810] {scheduler_job.py:190} INFO - Processing /home/airflow/.local/lib/python3.6/site-packages/airflow/example_dags/example_branch_day_of_week_operator.py took 0.081 seconds
[2021-07-01 10:15:08,739] {scheduler_job.py:182} INFO - Started process (PID=426) to work on /home/airflow/.local/lib/python3.6/site-packages/airflow/example_dags/example_branch_day_of_week_operator.py
[2021-07-01 10:15:08,742] {scheduler_job.py:633} INFO - Processing file /home/airflow/.local/lib/python3.6/site-packages/airflow/example_dags/example_branch_day_of_week_operator.py for tasks to queue
[2021-07-01 10:15:08,743] {logging_mixin.py:104} INFO - [2021-07-01 10:15:08,743] {dagbag.py:487} INFO - Filling up the DagBag from /home/airflow/.local/lib/python3.6/site-packages/airflow/example_dags/example_branch_day_of_week_operator.py
[2021-07-01 10:15:08,760] {scheduler_job.py:643} INFO - DAG(s) dict_keys(['example_weekday_branch_operator']) retrieved from /home/airflow/.local/lib/python3.6/site-packages/airflow/example_dags/example_branch_day_of_week_operator.py
[2021-07-01 10:15:08,785] {logging_mixin.py:104} INFO - [2021-07-01 10:15:08,785] {dag.py:1832} INFO - Sync 1 DAGs
[2021-07-01 10:15:08,813] {logging_mixin.py:104} INFO - [2021-07-01 10:15:08,813] {dag.py:2305} INFO - Setting next_dagrun for example_weekday_branch_operator to 2021-06-29 00:00:00+00:00
[2021-07-01 10:15:08,824] {scheduler_job.py:190} INFO - Processing /home/airflow/.local/lib/python3.6/site-packages/airflow/example_dags/example_branch_day_of_week_operator.py took 0.088 seconds
[2021-07-01 10:15:39,656] {scheduler_job.py:182} INFO - Started process (PID=481) to work on /home/airflow/.local/lib/python3.6/site-packages/airflow/example_dags/example_branch_day_of_week_operator.py
[2021-07-01 10:15:39,658] {scheduler_job.py:633} INFO - Processing file /home/airflow/.local/lib/python3.6/site-packages/airflow/example_dags/example_branch_day_of_week_operator.py for tasks to queue
[2021-07-01 10:15:39,660] {logging_mixin.py:104} INFO - [2021-07-01 10:15:39,660] {dagbag.py:487} INFO - Filling up the DagBag from /home/airflow/.local/lib/python3.6/site-packages/airflow/example_dags/example_branch_day_of_week_operator.py
[2021-07-01 10:15:39,674] {scheduler_job.py:643} INFO - DAG(s) dict_keys(['example_weekday_branch_operator']) retrieved from /home/airflow/.local/lib/python3.6/site-packages/airflow/example_dags/example_branch_day_of_week_operator.py
[2021-07-01 10:15:39,700] {logging_mixin.py:104} INFO - [2021-07-01 10:15:39,700] {dag.py:1832} INFO - Sync 1 DAGs
[2021-07-01 10:15:39,738] {logging_mixin.py:104} INFO - [2021-07-01 10:15:39,738] {dag.py:2305} INFO - Setting next_dagrun for example_weekday_branch_operator to 2021-06-29 00:00:00+00:00
[2021-07-01 10:15:39,757] {scheduler_job.py:190} INFO - Processing /home/airflow/.local/lib/python3.6/site-packages/airflow/example_dags/example_branch_day_of_week_operator.py took 0.106 seconds
[2021-07-01 10:16:09,927] {scheduler_job.py:182} INFO - Started process (PID=549) to work on /home/airflow/.local/lib/python3.6/site-packages/airflow/example_dags/example_branch_day_of_week_operator.py
[2021-07-01 10:16:09,929] {scheduler_job.py:633} INFO - Processing file /home/airflow/.local/lib/python3.6/site-packages/airflow/example_dags/example_branch_day_of_week_operator.py for tasks to queue
[2021-07-01 10:16:09,931] {logging_mixin.py:104} INFO - [2021-07-01 10:16:09,931] {dagbag.py:487} INFO - Filling up the DagBag from /home/airflow/.local/lib/python3.6/site-packages/airflow/example_dags/example_branch_day_of_week_operator.py
[2021-07-01 10:16:09,943] {scheduler_job.py:643} INFO - DAG(s) dict_keys(['example_weekday_branch_operator']) retrieved from /home/airflow/.local/lib/python3.6/site-packages/airflow/example_dags/example_branch_day_of_week_operator.py
[2021-07-01 10:16:09,963] {logging_mixin.py:104} INFO - [2021-07-01 10:16:09,963] {dag.py:1832} INFO - Sync 1 DAGs
[2021-07-01 10:16:09,983] {logging_mixin.py:104} INFO - [2021-07-01 10:16:09,982] {dag.py:2305} INFO - Setting next_dagrun for example_weekday_branch_operator to 2021-06-29 00:00:00+00:00
[2021-07-01 10:16:10,001] {scheduler_job.py:190} INFO - Processing /home/airflow/.local/lib/python3.6/site-packages/airflow/example_dags/example_branch_day_of_week_operator.py took 0.077 seconds
