[2021-07-01 10:12:00,526] {scheduler_job.py:182} INFO - Started process (PID=53) to work on /home/airflow/.local/lib/python3.6/site-packages/airflow/example_dags/example_dag_decorator.py
[2021-07-01 10:12:00,542] {scheduler_job.py:633} INFO - Processing file /home/airflow/.local/lib/python3.6/site-packages/airflow/example_dags/example_dag_decorator.py for tasks to queue
[2021-07-01 10:12:00,546] {logging_mixin.py:104} INFO - [2021-07-01 10:12:00,545] {dagbag.py:487} INFO - Filling up the DagBag from /home/airflow/.local/lib/python3.6/site-packages/airflow/example_dags/example_dag_decorator.py
[2021-07-01 10:12:00,711] {scheduler_job.py:643} INFO - DAG(s) dict_keys(['example_dag_decorator']) retrieved from /home/airflow/.local/lib/python3.6/site-packages/airflow/example_dags/example_dag_decorator.py
[2021-07-01 10:12:02,074] {logging_mixin.py:104} INFO - [2021-07-01 10:12:02,074] {dag.py:1832} INFO - Sync 1 DAGs
[2021-07-01 10:12:02,167] {logging_mixin.py:104} INFO - [2021-07-01 10:12:02,157] {dag.py:2305} INFO - Setting next_dagrun for example_dag_decorator to None
[2021-07-01 10:12:02,209] {scheduler_job.py:190} INFO - Processing /home/airflow/.local/lib/python3.6/site-packages/airflow/example_dags/example_dag_decorator.py took 1.696 seconds
[2021-07-01 10:12:33,155] {scheduler_job.py:182} INFO - Started process (PID=112) to work on /home/airflow/.local/lib/python3.6/site-packages/airflow/example_dags/example_dag_decorator.py
[2021-07-01 10:12:33,157] {scheduler_job.py:633} INFO - Processing file /home/airflow/.local/lib/python3.6/site-packages/airflow/example_dags/example_dag_decorator.py for tasks to queue
[2021-07-01 10:12:33,159] {logging_mixin.py:104} INFO - [2021-07-01 10:12:33,158] {dagbag.py:487} INFO - Filling up the DagBag from /home/airflow/.local/lib/python3.6/site-packages/airflow/example_dags/example_dag_decorator.py
[2021-07-01 10:12:33,179] {scheduler_job.py:643} INFO - DAG(s) dict_keys(['example_dag_decorator']) retrieved from /home/airflow/.local/lib/python3.6/site-packages/airflow/example_dags/example_dag_decorator.py
[2021-07-01 10:12:33,400] {logging_mixin.py:104} INFO - [2021-07-01 10:12:33,400] {dag.py:1832} INFO - Sync 1 DAGs
[2021-07-01 10:12:33,416] {logging_mixin.py:104} INFO - [2021-07-01 10:12:33,416] {dag.py:2305} INFO - Setting next_dagrun for example_dag_decorator to None
[2021-07-01 10:12:33,427] {scheduler_job.py:190} INFO - Processing /home/airflow/.local/lib/python3.6/site-packages/airflow/example_dags/example_dag_decorator.py took 0.278 seconds
[2021-07-01 10:13:04,228] {scheduler_job.py:182} INFO - Started process (PID=169) to work on /home/airflow/.local/lib/python3.6/site-packages/airflow/example_dags/example_dag_decorator.py
[2021-07-01 10:13:04,232] {scheduler_job.py:633} INFO - Processing file /home/airflow/.local/lib/python3.6/site-packages/airflow/example_dags/example_dag_decorator.py for tasks to queue
[2021-07-01 10:13:04,234] {logging_mixin.py:104} INFO - [2021-07-01 10:13:04,233] {dagbag.py:487} INFO - Filling up the DagBag from /home/airflow/.local/lib/python3.6/site-packages/airflow/example_dags/example_dag_decorator.py
[2021-07-01 10:13:04,257] {scheduler_job.py:643} INFO - DAG(s) dict_keys(['example_dag_decorator']) retrieved from /home/airflow/.local/lib/python3.6/site-packages/airflow/example_dags/example_dag_decorator.py
[2021-07-01 10:13:04,565] {logging_mixin.py:104} INFO - [2021-07-01 10:13:04,565] {dag.py:1832} INFO - Sync 1 DAGs
[2021-07-01 10:13:04,586] {logging_mixin.py:104} INFO - [2021-07-01 10:13:04,586] {dag.py:2305} INFO - Setting next_dagrun for example_dag_decorator to None
[2021-07-01 10:13:04,600] {scheduler_job.py:190} INFO - Processing /home/airflow/.local/lib/python3.6/site-packages/airflow/example_dags/example_dag_decorator.py took 0.376 seconds
[2021-07-01 10:13:35,301] {scheduler_job.py:182} INFO - Started process (PID=236) to work on /home/airflow/.local/lib/python3.6/site-packages/airflow/example_dags/example_dag_decorator.py
[2021-07-01 10:13:35,305] {scheduler_job.py:633} INFO - Processing file /home/airflow/.local/lib/python3.6/site-packages/airflow/example_dags/example_dag_decorator.py for tasks to queue
[2021-07-01 10:13:35,307] {logging_mixin.py:104} INFO - [2021-07-01 10:13:35,307] {dagbag.py:487} INFO - Filling up the DagBag from /home/airflow/.local/lib/python3.6/site-packages/airflow/example_dags/example_dag_decorator.py
[2021-07-01 10:13:35,352] {scheduler_job.py:643} INFO - DAG(s) dict_keys(['example_dag_decorator']) retrieved from /home/airflow/.local/lib/python3.6/site-packages/airflow/example_dags/example_dag_decorator.py
[2021-07-01 10:13:35,713] {logging_mixin.py:104} INFO - [2021-07-01 10:13:35,713] {dag.py:1832} INFO - Sync 1 DAGs
[2021-07-01 10:13:35,728] {logging_mixin.py:104} INFO - [2021-07-01 10:13:35,728] {dag.py:2305} INFO - Setting next_dagrun for example_dag_decorator to None
[2021-07-01 10:13:35,743] {scheduler_job.py:190} INFO - Processing /home/airflow/.local/lib/python3.6/site-packages/airflow/example_dags/example_dag_decorator.py took 0.453 seconds
[2021-07-01 10:14:06,514] {scheduler_job.py:182} INFO - Started process (PID=290) to work on /home/airflow/.local/lib/python3.6/site-packages/airflow/example_dags/example_dag_decorator.py
[2021-07-01 10:14:06,517] {scheduler_job.py:633} INFO - Processing file /home/airflow/.local/lib/python3.6/site-packages/airflow/example_dags/example_dag_decorator.py for tasks to queue
[2021-07-01 10:14:06,520] {logging_mixin.py:104} INFO - [2021-07-01 10:14:06,519] {dagbag.py:487} INFO - Filling up the DagBag from /home/airflow/.local/lib/python3.6/site-packages/airflow/example_dags/example_dag_decorator.py
[2021-07-01 10:14:06,568] {scheduler_job.py:643} INFO - DAG(s) dict_keys(['example_dag_decorator']) retrieved from /home/airflow/.local/lib/python3.6/site-packages/airflow/example_dags/example_dag_decorator.py
[2021-07-01 10:14:06,774] {logging_mixin.py:104} INFO - [2021-07-01 10:14:06,774] {dag.py:1832} INFO - Sync 1 DAGs
[2021-07-01 10:14:06,790] {logging_mixin.py:104} INFO - [2021-07-01 10:14:06,790] {dag.py:2305} INFO - Setting next_dagrun for example_dag_decorator to None
[2021-07-01 10:14:06,805] {scheduler_job.py:190} INFO - Processing /home/airflow/.local/lib/python3.6/site-packages/airflow/example_dags/example_dag_decorator.py took 0.296 seconds
[2021-07-01 10:14:36,921] {scheduler_job.py:182} INFO - Started process (PID=356) to work on /home/airflow/.local/lib/python3.6/site-packages/airflow/example_dags/example_dag_decorator.py
[2021-07-01 10:14:36,924] {scheduler_job.py:633} INFO - Processing file /home/airflow/.local/lib/python3.6/site-packages/airflow/example_dags/example_dag_decorator.py for tasks to queue
[2021-07-01 10:14:36,926] {logging_mixin.py:104} INFO - [2021-07-01 10:14:36,926] {dagbag.py:487} INFO - Filling up the DagBag from /home/airflow/.local/lib/python3.6/site-packages/airflow/example_dags/example_dag_decorator.py
[2021-07-01 10:14:36,975] {scheduler_job.py:643} INFO - DAG(s) dict_keys(['example_dag_decorator']) retrieved from /home/airflow/.local/lib/python3.6/site-packages/airflow/example_dags/example_dag_decorator.py
[2021-07-01 10:14:37,410] {logging_mixin.py:104} INFO - [2021-07-01 10:14:37,410] {dag.py:1832} INFO - Sync 1 DAGs
[2021-07-01 10:14:37,438] {logging_mixin.py:104} INFO - [2021-07-01 10:14:37,438] {dag.py:2305} INFO - Setting next_dagrun for example_dag_decorator to None
[2021-07-01 10:14:37,467] {scheduler_job.py:190} INFO - Processing /home/airflow/.local/lib/python3.6/site-packages/airflow/example_dags/example_dag_decorator.py took 0.553 seconds
[2021-07-01 10:15:08,231] {scheduler_job.py:182} INFO - Started process (PID=422) to work on /home/airflow/.local/lib/python3.6/site-packages/airflow/example_dags/example_dag_decorator.py
[2021-07-01 10:15:08,235] {scheduler_job.py:633} INFO - Processing file /home/airflow/.local/lib/python3.6/site-packages/airflow/example_dags/example_dag_decorator.py for tasks to queue
[2021-07-01 10:15:08,237] {logging_mixin.py:104} INFO - [2021-07-01 10:15:08,237] {dagbag.py:487} INFO - Filling up the DagBag from /home/airflow/.local/lib/python3.6/site-packages/airflow/example_dags/example_dag_decorator.py
[2021-07-01 10:15:08,292] {scheduler_job.py:643} INFO - DAG(s) dict_keys(['example_dag_decorator']) retrieved from /home/airflow/.local/lib/python3.6/site-packages/airflow/example_dags/example_dag_decorator.py
[2021-07-01 10:15:08,541] {logging_mixin.py:104} INFO - [2021-07-01 10:15:08,541] {dag.py:1832} INFO - Sync 1 DAGs
[2021-07-01 10:15:08,566] {logging_mixin.py:104} INFO - [2021-07-01 10:15:08,566] {dag.py:2305} INFO - Setting next_dagrun for example_dag_decorator to None
[2021-07-01 10:15:08,584] {scheduler_job.py:190} INFO - Processing /home/airflow/.local/lib/python3.6/site-packages/airflow/example_dags/example_dag_decorator.py took 0.358 seconds
[2021-07-01 10:15:39,100] {scheduler_job.py:182} INFO - Started process (PID=477) to work on /home/airflow/.local/lib/python3.6/site-packages/airflow/example_dags/example_dag_decorator.py
[2021-07-01 10:15:39,104] {scheduler_job.py:633} INFO - Processing file /home/airflow/.local/lib/python3.6/site-packages/airflow/example_dags/example_dag_decorator.py for tasks to queue
[2021-07-01 10:15:39,109] {logging_mixin.py:104} INFO - [2021-07-01 10:15:39,108] {dagbag.py:487} INFO - Filling up the DagBag from /home/airflow/.local/lib/python3.6/site-packages/airflow/example_dags/example_dag_decorator.py
[2021-07-01 10:15:39,159] {scheduler_job.py:643} INFO - DAG(s) dict_keys(['example_dag_decorator']) retrieved from /home/airflow/.local/lib/python3.6/site-packages/airflow/example_dags/example_dag_decorator.py
[2021-07-01 10:15:39,200] {logging_mixin.py:104} INFO - [2021-07-01 10:15:39,200] {dag.py:1832} INFO - Sync 1 DAGs
[2021-07-01 10:15:39,228] {logging_mixin.py:104} INFO - [2021-07-01 10:15:39,228] {dag.py:2305} INFO - Setting next_dagrun for example_dag_decorator to None
[2021-07-01 10:15:39,246] {scheduler_job.py:190} INFO - Processing /home/airflow/.local/lib/python3.6/site-packages/airflow/example_dags/example_dag_decorator.py took 0.159 seconds
[2021-07-01 10:16:09,498] {scheduler_job.py:182} INFO - Started process (PID=545) to work on /home/airflow/.local/lib/python3.6/site-packages/airflow/example_dags/example_dag_decorator.py
[2021-07-01 10:16:09,502] {scheduler_job.py:633} INFO - Processing file /home/airflow/.local/lib/python3.6/site-packages/airflow/example_dags/example_dag_decorator.py for tasks to queue
[2021-07-01 10:16:09,504] {logging_mixin.py:104} INFO - [2021-07-01 10:16:09,503] {dagbag.py:487} INFO - Filling up the DagBag from /home/airflow/.local/lib/python3.6/site-packages/airflow/example_dags/example_dag_decorator.py
[2021-07-01 10:16:09,537] {scheduler_job.py:643} INFO - DAG(s) dict_keys(['example_dag_decorator']) retrieved from /home/airflow/.local/lib/python3.6/site-packages/airflow/example_dags/example_dag_decorator.py
[2021-07-01 10:16:09,763] {logging_mixin.py:104} INFO - [2021-07-01 10:16:09,763] {dag.py:1832} INFO - Sync 1 DAGs
[2021-07-01 10:16:09,777] {logging_mixin.py:104} INFO - [2021-07-01 10:16:09,777] {dag.py:2305} INFO - Setting next_dagrun for example_dag_decorator to None
[2021-07-01 10:16:09,789] {scheduler_job.py:190} INFO - Processing /home/airflow/.local/lib/python3.6/site-packages/airflow/example_dags/example_dag_decorator.py took 0.299 seconds
