[2021-07-01 10:11:54,841] {scheduler_job.py:182} INFO - Started process (PID=25) to work on /home/airflow/.local/lib/python3.6/site-packages/airflow/example_dags/example_complex.py
[2021-07-01 10:11:54,858] {scheduler_job.py:633} INFO - Processing file /home/airflow/.local/lib/python3.6/site-packages/airflow/example_dags/example_complex.py for tasks to queue
[2021-07-01 10:11:54,871] {logging_mixin.py:104} INFO - [2021-07-01 10:11:54,870] {dagbag.py:487} INFO - Filling up the DagBag from /home/airflow/.local/lib/python3.6/site-packages/airflow/example_dags/example_complex.py
[2021-07-01 10:11:54,994] {scheduler_job.py:643} INFO - DAG(s) dict_keys(['example_complex']) retrieved from /home/airflow/.local/lib/python3.6/site-packages/airflow/example_dags/example_complex.py
[2021-07-01 10:11:55,095] {logging_mixin.py:104} INFO - [2021-07-01 10:11:55,094] {dag.py:1832} INFO - Sync 1 DAGs
[2021-07-01 10:11:55,149] {logging_mixin.py:104} INFO - [2021-07-01 10:11:55,149] {dag.py:2305} INFO - Setting next_dagrun for example_complex to None
[2021-07-01 10:11:55,203] {scheduler_job.py:190} INFO - Processing /home/airflow/.local/lib/python3.6/site-packages/airflow/example_dags/example_complex.py took 0.383 seconds
[2021-07-01 10:12:25,410] {scheduler_job.py:182} INFO - Started process (PID=81) to work on /home/airflow/.local/lib/python3.6/site-packages/airflow/example_dags/example_complex.py
[2021-07-01 10:12:25,412] {scheduler_job.py:633} INFO - Processing file /home/airflow/.local/lib/python3.6/site-packages/airflow/example_dags/example_complex.py for tasks to queue
[2021-07-01 10:12:25,426] {logging_mixin.py:104} INFO - [2021-07-01 10:12:25,426] {dagbag.py:487} INFO - Filling up the DagBag from /home/airflow/.local/lib/python3.6/site-packages/airflow/example_dags/example_complex.py
[2021-07-01 10:12:25,452] {scheduler_job.py:643} INFO - DAG(s) dict_keys(['example_complex']) retrieved from /home/airflow/.local/lib/python3.6/site-packages/airflow/example_dags/example_complex.py
[2021-07-01 10:12:25,476] {logging_mixin.py:104} INFO - [2021-07-01 10:12:25,476] {dag.py:1832} INFO - Sync 1 DAGs
[2021-07-01 10:12:25,492] {logging_mixin.py:104} INFO - [2021-07-01 10:12:25,492] {dag.py:2305} INFO - Setting next_dagrun for example_complex to None
[2021-07-01 10:12:25,502] {scheduler_job.py:190} INFO - Processing /home/airflow/.local/lib/python3.6/site-packages/airflow/example_dags/example_complex.py took 0.096 seconds
[2021-07-01 10:12:56,296] {scheduler_job.py:182} INFO - Started process (PID=150) to work on /home/airflow/.local/lib/python3.6/site-packages/airflow/example_dags/example_complex.py
[2021-07-01 10:12:56,301] {scheduler_job.py:633} INFO - Processing file /home/airflow/.local/lib/python3.6/site-packages/airflow/example_dags/example_complex.py for tasks to queue
[2021-07-01 10:12:56,311] {logging_mixin.py:104} INFO - [2021-07-01 10:12:56,311] {dagbag.py:487} INFO - Filling up the DagBag from /home/airflow/.local/lib/python3.6/site-packages/airflow/example_dags/example_complex.py
[2021-07-01 10:12:56,417] {scheduler_job.py:643} INFO - DAG(s) dict_keys(['example_complex']) retrieved from /home/airflow/.local/lib/python3.6/site-packages/airflow/example_dags/example_complex.py
[2021-07-01 10:12:56,491] {logging_mixin.py:104} INFO - [2021-07-01 10:12:56,491] {dag.py:1832} INFO - Sync 1 DAGs
[2021-07-01 10:12:56,540] {logging_mixin.py:104} INFO - [2021-07-01 10:12:56,540] {dag.py:2305} INFO - Setting next_dagrun for example_complex to None
[2021-07-01 10:12:56,571] {scheduler_job.py:190} INFO - Processing /home/airflow/.local/lib/python3.6/site-packages/airflow/example_dags/example_complex.py took 0.280 seconds
[2021-07-01 10:13:26,706] {scheduler_job.py:182} INFO - Started process (PID=208) to work on /home/airflow/.local/lib/python3.6/site-packages/airflow/example_dags/example_complex.py
[2021-07-01 10:13:26,708] {scheduler_job.py:633} INFO - Processing file /home/airflow/.local/lib/python3.6/site-packages/airflow/example_dags/example_complex.py for tasks to queue
[2021-07-01 10:13:26,709] {logging_mixin.py:104} INFO - [2021-07-01 10:13:26,709] {dagbag.py:487} INFO - Filling up the DagBag from /home/airflow/.local/lib/python3.6/site-packages/airflow/example_dags/example_complex.py
[2021-07-01 10:13:26,748] {scheduler_job.py:643} INFO - DAG(s) dict_keys(['example_complex']) retrieved from /home/airflow/.local/lib/python3.6/site-packages/airflow/example_dags/example_complex.py
[2021-07-01 10:13:26,792] {logging_mixin.py:104} INFO - [2021-07-01 10:13:26,792] {dag.py:1832} INFO - Sync 1 DAGs
[2021-07-01 10:13:26,836] {logging_mixin.py:104} INFO - [2021-07-01 10:13:26,836] {dag.py:2305} INFO - Setting next_dagrun for example_complex to None
[2021-07-01 10:13:26,887] {scheduler_job.py:190} INFO - Processing /home/airflow/.local/lib/python3.6/site-packages/airflow/example_dags/example_complex.py took 0.186 seconds
[2021-07-01 10:13:57,801] {scheduler_job.py:182} INFO - Started process (PID=273) to work on /home/airflow/.local/lib/python3.6/site-packages/airflow/example_dags/example_complex.py
[2021-07-01 10:13:57,810] {scheduler_job.py:633} INFO - Processing file /home/airflow/.local/lib/python3.6/site-packages/airflow/example_dags/example_complex.py for tasks to queue
[2021-07-01 10:13:57,811] {logging_mixin.py:104} INFO - [2021-07-01 10:13:57,811] {dagbag.py:487} INFO - Filling up the DagBag from /home/airflow/.local/lib/python3.6/site-packages/airflow/example_dags/example_complex.py
[2021-07-01 10:13:57,842] {scheduler_job.py:643} INFO - DAG(s) dict_keys(['example_complex']) retrieved from /home/airflow/.local/lib/python3.6/site-packages/airflow/example_dags/example_complex.py
[2021-07-01 10:13:57,872] {logging_mixin.py:104} INFO - [2021-07-01 10:13:57,872] {dag.py:1832} INFO - Sync 1 DAGs
[2021-07-01 10:13:57,887] {logging_mixin.py:104} INFO - [2021-07-01 10:13:57,887] {dag.py:2305} INFO - Setting next_dagrun for example_complex to None
[2021-07-01 10:13:57,899] {scheduler_job.py:190} INFO - Processing /home/airflow/.local/lib/python3.6/site-packages/airflow/example_dags/example_complex.py took 0.102 seconds
[2021-07-01 10:14:27,981] {scheduler_job.py:182} INFO - Started process (PID=329) to work on /home/airflow/.local/lib/python3.6/site-packages/airflow/example_dags/example_complex.py
[2021-07-01 10:14:27,983] {scheduler_job.py:633} INFO - Processing file /home/airflow/.local/lib/python3.6/site-packages/airflow/example_dags/example_complex.py for tasks to queue
[2021-07-01 10:14:27,985] {logging_mixin.py:104} INFO - [2021-07-01 10:14:27,985] {dagbag.py:487} INFO - Filling up the DagBag from /home/airflow/.local/lib/python3.6/site-packages/airflow/example_dags/example_complex.py
[2021-07-01 10:14:28,033] {scheduler_job.py:643} INFO - DAG(s) dict_keys(['example_complex']) retrieved from /home/airflow/.local/lib/python3.6/site-packages/airflow/example_dags/example_complex.py
[2021-07-01 10:14:28,076] {logging_mixin.py:104} INFO - [2021-07-01 10:14:28,076] {dag.py:1832} INFO - Sync 1 DAGs
[2021-07-01 10:14:28,098] {logging_mixin.py:104} INFO - [2021-07-01 10:14:28,098] {dag.py:2305} INFO - Setting next_dagrun for example_complex to None
[2021-07-01 10:14:28,112] {scheduler_job.py:190} INFO - Processing /home/airflow/.local/lib/python3.6/site-packages/airflow/example_dags/example_complex.py took 0.135 seconds
[2021-07-01 10:14:58,167] {scheduler_job.py:182} INFO - Started process (PID=393) to work on /home/airflow/.local/lib/python3.6/site-packages/airflow/example_dags/example_complex.py
[2021-07-01 10:14:58,173] {scheduler_job.py:633} INFO - Processing file /home/airflow/.local/lib/python3.6/site-packages/airflow/example_dags/example_complex.py for tasks to queue
[2021-07-01 10:14:58,174] {logging_mixin.py:104} INFO - [2021-07-01 10:14:58,174] {dagbag.py:487} INFO - Filling up the DagBag from /home/airflow/.local/lib/python3.6/site-packages/airflow/example_dags/example_complex.py
[2021-07-01 10:14:58,198] {scheduler_job.py:643} INFO - DAG(s) dict_keys(['example_complex']) retrieved from /home/airflow/.local/lib/python3.6/site-packages/airflow/example_dags/example_complex.py
[2021-07-01 10:14:58,229] {logging_mixin.py:104} INFO - [2021-07-01 10:14:58,228] {dag.py:1832} INFO - Sync 1 DAGs
[2021-07-01 10:14:58,248] {logging_mixin.py:104} INFO - [2021-07-01 10:14:58,248] {dag.py:2305} INFO - Setting next_dagrun for example_complex to None
[2021-07-01 10:14:58,263] {scheduler_job.py:190} INFO - Processing /home/airflow/.local/lib/python3.6/site-packages/airflow/example_dags/example_complex.py took 0.099 seconds
[2021-07-01 10:15:28,625] {scheduler_job.py:182} INFO - Started process (PID=448) to work on /home/airflow/.local/lib/python3.6/site-packages/airflow/example_dags/example_complex.py
[2021-07-01 10:15:28,629] {scheduler_job.py:633} INFO - Processing file /home/airflow/.local/lib/python3.6/site-packages/airflow/example_dags/example_complex.py for tasks to queue
[2021-07-01 10:15:28,631] {logging_mixin.py:104} INFO - [2021-07-01 10:15:28,631] {dagbag.py:487} INFO - Filling up the DagBag from /home/airflow/.local/lib/python3.6/site-packages/airflow/example_dags/example_complex.py
[2021-07-01 10:15:28,655] {scheduler_job.py:643} INFO - DAG(s) dict_keys(['example_complex']) retrieved from /home/airflow/.local/lib/python3.6/site-packages/airflow/example_dags/example_complex.py
[2021-07-01 10:15:28,683] {logging_mixin.py:104} INFO - [2021-07-01 10:15:28,682] {dag.py:1832} INFO - Sync 1 DAGs
[2021-07-01 10:15:28,698] {logging_mixin.py:104} INFO - [2021-07-01 10:15:28,698] {dag.py:2305} INFO - Setting next_dagrun for example_complex to None
[2021-07-01 10:15:28,715] {scheduler_job.py:190} INFO - Processing /home/airflow/.local/lib/python3.6/site-packages/airflow/example_dags/example_complex.py took 0.094 seconds
[2021-07-01 10:15:58,806] {scheduler_job.py:182} INFO - Started process (PID=515) to work on /home/airflow/.local/lib/python3.6/site-packages/airflow/example_dags/example_complex.py
[2021-07-01 10:15:58,808] {scheduler_job.py:633} INFO - Processing file /home/airflow/.local/lib/python3.6/site-packages/airflow/example_dags/example_complex.py for tasks to queue
[2021-07-01 10:15:58,816] {logging_mixin.py:104} INFO - [2021-07-01 10:15:58,815] {dagbag.py:487} INFO - Filling up the DagBag from /home/airflow/.local/lib/python3.6/site-packages/airflow/example_dags/example_complex.py
[2021-07-01 10:15:58,864] {scheduler_job.py:643} INFO - DAG(s) dict_keys(['example_complex']) retrieved from /home/airflow/.local/lib/python3.6/site-packages/airflow/example_dags/example_complex.py
[2021-07-01 10:15:58,904] {logging_mixin.py:104} INFO - [2021-07-01 10:15:58,904] {dag.py:1832} INFO - Sync 1 DAGs
[2021-07-01 10:15:58,941] {logging_mixin.py:104} INFO - [2021-07-01 10:15:58,941] {dag.py:2305} INFO - Setting next_dagrun for example_complex to None
[2021-07-01 10:15:58,966] {scheduler_job.py:190} INFO - Processing /home/airflow/.local/lib/python3.6/site-packages/airflow/example_dags/example_complex.py took 0.167 seconds
