[2021-07-01 10:12:03,351] {scheduler_job.py:182} INFO - Started process (PID=60) to work on /home/airflow/.local/lib/python3.6/site-packages/airflow/example_dags/example_short_circuit_operator.py
[2021-07-01 10:12:03,357] {scheduler_job.py:633} INFO - Processing file /home/airflow/.local/lib/python3.6/site-packages/airflow/example_dags/example_short_circuit_operator.py for tasks to queue
[2021-07-01 10:12:03,361] {logging_mixin.py:104} INFO - [2021-07-01 10:12:03,360] {dagbag.py:487} INFO - Filling up the DagBag from /home/airflow/.local/lib/python3.6/site-packages/airflow/example_dags/example_short_circuit_operator.py
[2021-07-01 10:12:03,510] {scheduler_job.py:643} INFO - DAG(s) dict_keys(['example_short_circuit_operator']) retrieved from /home/airflow/.local/lib/python3.6/site-packages/airflow/example_dags/example_short_circuit_operator.py
[2021-07-01 10:12:03,616] {logging_mixin.py:104} INFO - [2021-07-01 10:12:03,616] {dag.py:1832} INFO - Sync 1 DAGs
[2021-07-01 10:12:03,679] {logging_mixin.py:104} INFO - [2021-07-01 10:12:03,679] {dag.py:2305} INFO - Setting next_dagrun for example_short_circuit_operator to 2021-06-29 00:00:00+00:00
[2021-07-01 10:12:03,719] {scheduler_job.py:190} INFO - Processing /home/airflow/.local/lib/python3.6/site-packages/airflow/example_dags/example_short_circuit_operator.py took 0.382 seconds
[2021-07-01 10:12:34,683] {scheduler_job.py:182} INFO - Started process (PID=118) to work on /home/airflow/.local/lib/python3.6/site-packages/airflow/example_dags/example_short_circuit_operator.py
[2021-07-01 10:12:34,685] {scheduler_job.py:633} INFO - Processing file /home/airflow/.local/lib/python3.6/site-packages/airflow/example_dags/example_short_circuit_operator.py for tasks to queue
[2021-07-01 10:12:34,687] {logging_mixin.py:104} INFO - [2021-07-01 10:12:34,686] {dagbag.py:487} INFO - Filling up the DagBag from /home/airflow/.local/lib/python3.6/site-packages/airflow/example_dags/example_short_circuit_operator.py
[2021-07-01 10:12:34,703] {scheduler_job.py:643} INFO - DAG(s) dict_keys(['example_short_circuit_operator']) retrieved from /home/airflow/.local/lib/python3.6/site-packages/airflow/example_dags/example_short_circuit_operator.py
[2021-07-01 10:12:34,724] {logging_mixin.py:104} INFO - [2021-07-01 10:12:34,724] {dag.py:1832} INFO - Sync 1 DAGs
[2021-07-01 10:12:34,741] {logging_mixin.py:104} INFO - [2021-07-01 10:12:34,741] {dag.py:2305} INFO - Setting next_dagrun for example_short_circuit_operator to 2021-06-29 00:00:00+00:00
[2021-07-01 10:12:34,753] {scheduler_job.py:190} INFO - Processing /home/airflow/.local/lib/python3.6/site-packages/airflow/example_dags/example_short_circuit_operator.py took 0.074 seconds
[2021-07-01 10:13:04,902] {scheduler_job.py:182} INFO - Started process (PID=175) to work on /home/airflow/.local/lib/python3.6/site-packages/airflow/example_dags/example_short_circuit_operator.py
[2021-07-01 10:13:04,905] {scheduler_job.py:633} INFO - Processing file /home/airflow/.local/lib/python3.6/site-packages/airflow/example_dags/example_short_circuit_operator.py for tasks to queue
[2021-07-01 10:13:04,906] {logging_mixin.py:104} INFO - [2021-07-01 10:13:04,906] {dagbag.py:487} INFO - Filling up the DagBag from /home/airflow/.local/lib/python3.6/site-packages/airflow/example_dags/example_short_circuit_operator.py
[2021-07-01 10:13:04,930] {scheduler_job.py:643} INFO - DAG(s) dict_keys(['example_short_circuit_operator']) retrieved from /home/airflow/.local/lib/python3.6/site-packages/airflow/example_dags/example_short_circuit_operator.py
[2021-07-01 10:13:04,964] {logging_mixin.py:104} INFO - [2021-07-01 10:13:04,963] {dag.py:1832} INFO - Sync 1 DAGs
[2021-07-01 10:13:04,983] {logging_mixin.py:104} INFO - [2021-07-01 10:13:04,982] {dag.py:2305} INFO - Setting next_dagrun for example_short_circuit_operator to 2021-06-29 00:00:00+00:00
[2021-07-01 10:13:04,995] {scheduler_job.py:190} INFO - Processing /home/airflow/.local/lib/python3.6/site-packages/airflow/example_dags/example_short_circuit_operator.py took 0.099 seconds
[2021-07-01 10:13:36,109] {scheduler_job.py:182} INFO - Started process (PID=242) to work on /home/airflow/.local/lib/python3.6/site-packages/airflow/example_dags/example_short_circuit_operator.py
[2021-07-01 10:13:36,110] {scheduler_job.py:633} INFO - Processing file /home/airflow/.local/lib/python3.6/site-packages/airflow/example_dags/example_short_circuit_operator.py for tasks to queue
[2021-07-01 10:13:36,112] {logging_mixin.py:104} INFO - [2021-07-01 10:13:36,112] {dagbag.py:487} INFO - Filling up the DagBag from /home/airflow/.local/lib/python3.6/site-packages/airflow/example_dags/example_short_circuit_operator.py
[2021-07-01 10:13:36,130] {scheduler_job.py:643} INFO - DAG(s) dict_keys(['example_short_circuit_operator']) retrieved from /home/airflow/.local/lib/python3.6/site-packages/airflow/example_dags/example_short_circuit_operator.py
[2021-07-01 10:13:36,152] {logging_mixin.py:104} INFO - [2021-07-01 10:13:36,152] {dag.py:1832} INFO - Sync 1 DAGs
[2021-07-01 10:13:36,169] {logging_mixin.py:104} INFO - [2021-07-01 10:13:36,169] {dag.py:2305} INFO - Setting next_dagrun for example_short_circuit_operator to 2021-06-29 00:00:00+00:00
[2021-07-01 10:13:36,182] {scheduler_job.py:190} INFO - Processing /home/airflow/.local/lib/python3.6/site-packages/airflow/example_dags/example_short_circuit_operator.py took 0.077 seconds
[2021-07-01 10:14:07,062] {scheduler_job.py:182} INFO - Started process (PID=296) to work on /home/airflow/.local/lib/python3.6/site-packages/airflow/example_dags/example_short_circuit_operator.py
[2021-07-01 10:14:07,064] {scheduler_job.py:633} INFO - Processing file /home/airflow/.local/lib/python3.6/site-packages/airflow/example_dags/example_short_circuit_operator.py for tasks to queue
[2021-07-01 10:14:07,065] {logging_mixin.py:104} INFO - [2021-07-01 10:14:07,065] {dagbag.py:487} INFO - Filling up the DagBag from /home/airflow/.local/lib/python3.6/site-packages/airflow/example_dags/example_short_circuit_operator.py
[2021-07-01 10:14:07,079] {scheduler_job.py:643} INFO - DAG(s) dict_keys(['example_short_circuit_operator']) retrieved from /home/airflow/.local/lib/python3.6/site-packages/airflow/example_dags/example_short_circuit_operator.py
[2021-07-01 10:14:07,101] {logging_mixin.py:104} INFO - [2021-07-01 10:14:07,101] {dag.py:1832} INFO - Sync 1 DAGs
[2021-07-01 10:14:07,128] {logging_mixin.py:104} INFO - [2021-07-01 10:14:07,128] {dag.py:2305} INFO - Setting next_dagrun for example_short_circuit_operator to 2021-06-29 00:00:00+00:00
[2021-07-01 10:14:07,143] {scheduler_job.py:190} INFO - Processing /home/airflow/.local/lib/python3.6/site-packages/airflow/example_dags/example_short_circuit_operator.py took 0.085 seconds
[2021-07-01 10:14:37,854] {scheduler_job.py:182} INFO - Started process (PID=362) to work on /home/airflow/.local/lib/python3.6/site-packages/airflow/example_dags/example_short_circuit_operator.py
[2021-07-01 10:14:37,858] {scheduler_job.py:633} INFO - Processing file /home/airflow/.local/lib/python3.6/site-packages/airflow/example_dags/example_short_circuit_operator.py for tasks to queue
[2021-07-01 10:14:37,862] {logging_mixin.py:104} INFO - [2021-07-01 10:14:37,861] {dagbag.py:487} INFO - Filling up the DagBag from /home/airflow/.local/lib/python3.6/site-packages/airflow/example_dags/example_short_circuit_operator.py
[2021-07-01 10:14:37,894] {scheduler_job.py:643} INFO - DAG(s) dict_keys(['example_short_circuit_operator']) retrieved from /home/airflow/.local/lib/python3.6/site-packages/airflow/example_dags/example_short_circuit_operator.py
[2021-07-01 10:14:37,943] {logging_mixin.py:104} INFO - [2021-07-01 10:14:37,942] {dag.py:1832} INFO - Sync 1 DAGs
[2021-07-01 10:14:37,979] {logging_mixin.py:104} INFO - [2021-07-01 10:14:37,979] {dag.py:2305} INFO - Setting next_dagrun for example_short_circuit_operator to 2021-06-29 00:00:00+00:00
[2021-07-01 10:14:37,993] {scheduler_job.py:190} INFO - Processing /home/airflow/.local/lib/python3.6/site-packages/airflow/example_dags/example_short_circuit_operator.py took 0.154 seconds
[2021-07-01 10:15:08,855] {scheduler_job.py:182} INFO - Started process (PID=428) to work on /home/airflow/.local/lib/python3.6/site-packages/airflow/example_dags/example_short_circuit_operator.py
[2021-07-01 10:15:08,857] {scheduler_job.py:633} INFO - Processing file /home/airflow/.local/lib/python3.6/site-packages/airflow/example_dags/example_short_circuit_operator.py for tasks to queue
[2021-07-01 10:15:08,859] {logging_mixin.py:104} INFO - [2021-07-01 10:15:08,859] {dagbag.py:487} INFO - Filling up the DagBag from /home/airflow/.local/lib/python3.6/site-packages/airflow/example_dags/example_short_circuit_operator.py
[2021-07-01 10:15:08,881] {scheduler_job.py:643} INFO - DAG(s) dict_keys(['example_short_circuit_operator']) retrieved from /home/airflow/.local/lib/python3.6/site-packages/airflow/example_dags/example_short_circuit_operator.py
[2021-07-01 10:15:08,922] {logging_mixin.py:104} INFO - [2021-07-01 10:15:08,922] {dag.py:1832} INFO - Sync 1 DAGs
[2021-07-01 10:15:08,948] {logging_mixin.py:104} INFO - [2021-07-01 10:15:08,948] {dag.py:2305} INFO - Setting next_dagrun for example_short_circuit_operator to 2021-06-29 00:00:00+00:00
[2021-07-01 10:15:08,959] {scheduler_job.py:190} INFO - Processing /home/airflow/.local/lib/python3.6/site-packages/airflow/example_dags/example_short_circuit_operator.py took 0.113 seconds
[2021-07-01 10:15:39,818] {scheduler_job.py:182} INFO - Started process (PID=483) to work on /home/airflow/.local/lib/python3.6/site-packages/airflow/example_dags/example_short_circuit_operator.py
[2021-07-01 10:15:39,821] {scheduler_job.py:633} INFO - Processing file /home/airflow/.local/lib/python3.6/site-packages/airflow/example_dags/example_short_circuit_operator.py for tasks to queue
[2021-07-01 10:15:39,826] {logging_mixin.py:104} INFO - [2021-07-01 10:15:39,823] {dagbag.py:487} INFO - Filling up the DagBag from /home/airflow/.local/lib/python3.6/site-packages/airflow/example_dags/example_short_circuit_operator.py
[2021-07-01 10:15:39,876] {scheduler_job.py:643} INFO - DAG(s) dict_keys(['example_short_circuit_operator']) retrieved from /home/airflow/.local/lib/python3.6/site-packages/airflow/example_dags/example_short_circuit_operator.py
[2021-07-01 10:15:39,920] {logging_mixin.py:104} INFO - [2021-07-01 10:15:39,920] {dag.py:1832} INFO - Sync 1 DAGs
[2021-07-01 10:15:39,963] {logging_mixin.py:104} INFO - [2021-07-01 10:15:39,963] {dag.py:2305} INFO - Setting next_dagrun for example_short_circuit_operator to 2021-06-29 00:00:00+00:00
[2021-07-01 10:15:39,986] {scheduler_job.py:190} INFO - Processing /home/airflow/.local/lib/python3.6/site-packages/airflow/example_dags/example_short_circuit_operator.py took 0.179 seconds
[2021-07-01 10:16:10,217] {scheduler_job.py:182} INFO - Started process (PID=551) to work on /home/airflow/.local/lib/python3.6/site-packages/airflow/example_dags/example_short_circuit_operator.py
[2021-07-01 10:16:10,227] {scheduler_job.py:633} INFO - Processing file /home/airflow/.local/lib/python3.6/site-packages/airflow/example_dags/example_short_circuit_operator.py for tasks to queue
[2021-07-01 10:16:10,229] {logging_mixin.py:104} INFO - [2021-07-01 10:16:10,229] {dagbag.py:487} INFO - Filling up the DagBag from /home/airflow/.local/lib/python3.6/site-packages/airflow/example_dags/example_short_circuit_operator.py
[2021-07-01 10:16:10,278] {scheduler_job.py:643} INFO - DAG(s) dict_keys(['example_short_circuit_operator']) retrieved from /home/airflow/.local/lib/python3.6/site-packages/airflow/example_dags/example_short_circuit_operator.py
[2021-07-01 10:16:10,319] {logging_mixin.py:104} INFO - [2021-07-01 10:16:10,319] {dag.py:1832} INFO - Sync 1 DAGs
[2021-07-01 10:16:10,339] {logging_mixin.py:104} INFO - [2021-07-01 10:16:10,339] {dag.py:2305} INFO - Setting next_dagrun for example_short_circuit_operator to 2021-06-29 00:00:00+00:00
[2021-07-01 10:16:10,360] {scheduler_job.py:190} INFO - Processing /home/airflow/.local/lib/python3.6/site-packages/airflow/example_dags/example_short_circuit_operator.py took 0.147 seconds
