[2021-07-01 10:11:56,877] {scheduler_job.py:182} INFO - Started process (PID=31) to work on /home/airflow/.local/lib/python3.6/site-packages/airflow/example_dags/example_task_group_decorator.py
[2021-07-01 10:11:56,879] {scheduler_job.py:633} INFO - Processing file /home/airflow/.local/lib/python3.6/site-packages/airflow/example_dags/example_task_group_decorator.py for tasks to queue
[2021-07-01 10:11:56,884] {logging_mixin.py:104} INFO - [2021-07-01 10:11:56,884] {dagbag.py:487} INFO - Filling up the DagBag from /home/airflow/.local/lib/python3.6/site-packages/airflow/example_dags/example_task_group_decorator.py
[2021-07-01 10:11:56,975] {scheduler_job.py:643} INFO - DAG(s) dict_keys(['example_task_group_decorator']) retrieved from /home/airflow/.local/lib/python3.6/site-packages/airflow/example_dags/example_task_group_decorator.py
[2021-07-01 10:11:58,724] {logging_mixin.py:104} INFO - [2021-07-01 10:11:58,724] {dag.py:1832} INFO - Sync 1 DAGs
[2021-07-01 10:11:58,871] {logging_mixin.py:104} INFO - [2021-07-01 10:11:58,871] {dag.py:2305} INFO - Setting next_dagrun for example_task_group_decorator to 2021-06-29 00:00:00+00:00
[2021-07-01 10:11:58,928] {scheduler_job.py:190} INFO - Processing /home/airflow/.local/lib/python3.6/site-packages/airflow/example_dags/example_task_group_decorator.py took 2.084 seconds
[2021-07-01 10:12:29,601] {scheduler_job.py:182} INFO - Started process (PID=100) to work on /home/airflow/.local/lib/python3.6/site-packages/airflow/example_dags/example_task_group_decorator.py
[2021-07-01 10:12:29,608] {scheduler_job.py:633} INFO - Processing file /home/airflow/.local/lib/python3.6/site-packages/airflow/example_dags/example_task_group_decorator.py for tasks to queue
[2021-07-01 10:12:29,615] {logging_mixin.py:104} INFO - [2021-07-01 10:12:29,615] {dagbag.py:487} INFO - Filling up the DagBag from /home/airflow/.local/lib/python3.6/site-packages/airflow/example_dags/example_task_group_decorator.py
[2021-07-01 10:12:29,720] {scheduler_job.py:643} INFO - DAG(s) dict_keys(['example_task_group_decorator']) retrieved from /home/airflow/.local/lib/python3.6/site-packages/airflow/example_dags/example_task_group_decorator.py
[2021-07-01 10:12:30,401] {logging_mixin.py:104} INFO - [2021-07-01 10:12:30,401] {dag.py:1832} INFO - Sync 1 DAGs
[2021-07-01 10:12:30,446] {logging_mixin.py:104} INFO - [2021-07-01 10:12:30,445] {dag.py:2305} INFO - Setting next_dagrun for example_task_group_decorator to 2021-06-29 00:00:00+00:00
[2021-07-01 10:12:30,485] {scheduler_job.py:190} INFO - Processing /home/airflow/.local/lib/python3.6/site-packages/airflow/example_dags/example_task_group_decorator.py took 0.893 seconds
[2021-07-01 10:13:01,126] {scheduler_job.py:182} INFO - Started process (PID=161) to work on /home/airflow/.local/lib/python3.6/site-packages/airflow/example_dags/example_task_group_decorator.py
[2021-07-01 10:13:01,131] {scheduler_job.py:633} INFO - Processing file /home/airflow/.local/lib/python3.6/site-packages/airflow/example_dags/example_task_group_decorator.py for tasks to queue
[2021-07-01 10:13:01,132] {logging_mixin.py:104} INFO - [2021-07-01 10:13:01,132] {dagbag.py:487} INFO - Filling up the DagBag from /home/airflow/.local/lib/python3.6/site-packages/airflow/example_dags/example_task_group_decorator.py
[2021-07-01 10:13:01,192] {scheduler_job.py:643} INFO - DAG(s) dict_keys(['example_task_group_decorator']) retrieved from /home/airflow/.local/lib/python3.6/site-packages/airflow/example_dags/example_task_group_decorator.py
[2021-07-01 10:13:01,851] {logging_mixin.py:104} INFO - [2021-07-01 10:13:01,851] {dag.py:1832} INFO - Sync 1 DAGs
[2021-07-01 10:13:01,865] {logging_mixin.py:104} INFO - [2021-07-01 10:13:01,865] {dag.py:2305} INFO - Setting next_dagrun for example_task_group_decorator to 2021-06-29 00:00:00+00:00
[2021-07-01 10:13:01,877] {scheduler_job.py:190} INFO - Processing /home/airflow/.local/lib/python3.6/site-packages/airflow/example_dags/example_task_group_decorator.py took 0.762 seconds
[2021-07-01 10:13:32,559] {scheduler_job.py:182} INFO - Started process (PID=228) to work on /home/airflow/.local/lib/python3.6/site-packages/airflow/example_dags/example_task_group_decorator.py
[2021-07-01 10:13:32,564] {scheduler_job.py:633} INFO - Processing file /home/airflow/.local/lib/python3.6/site-packages/airflow/example_dags/example_task_group_decorator.py for tasks to queue
[2021-07-01 10:13:32,572] {logging_mixin.py:104} INFO - [2021-07-01 10:13:32,571] {dagbag.py:487} INFO - Filling up the DagBag from /home/airflow/.local/lib/python3.6/site-packages/airflow/example_dags/example_task_group_decorator.py
[2021-07-01 10:13:32,786] {scheduler_job.py:643} INFO - DAG(s) dict_keys(['example_task_group_decorator']) retrieved from /home/airflow/.local/lib/python3.6/site-packages/airflow/example_dags/example_task_group_decorator.py
[2021-07-01 10:13:33,848] {logging_mixin.py:104} INFO - [2021-07-01 10:13:33,846] {dag.py:1832} INFO - Sync 1 DAGs
[2021-07-01 10:13:33,945] {logging_mixin.py:104} INFO - [2021-07-01 10:13:33,945] {dag.py:2305} INFO - Setting next_dagrun for example_task_group_decorator to 2021-06-29 00:00:00+00:00
[2021-07-01 10:13:34,008] {scheduler_job.py:190} INFO - Processing /home/airflow/.local/lib/python3.6/site-packages/airflow/example_dags/example_task_group_decorator.py took 1.462 seconds
[2021-07-01 10:14:04,131] {scheduler_job.py:182} INFO - Started process (PID=287) to work on /home/airflow/.local/lib/python3.6/site-packages/airflow/example_dags/example_task_group_decorator.py
[2021-07-01 10:14:04,132] {scheduler_job.py:633} INFO - Processing file /home/airflow/.local/lib/python3.6/site-packages/airflow/example_dags/example_task_group_decorator.py for tasks to queue
[2021-07-01 10:14:04,134] {logging_mixin.py:104} INFO - [2021-07-01 10:14:04,134] {dagbag.py:487} INFO - Filling up the DagBag from /home/airflow/.local/lib/python3.6/site-packages/airflow/example_dags/example_task_group_decorator.py
[2021-07-01 10:14:04,156] {scheduler_job.py:643} INFO - DAG(s) dict_keys(['example_task_group_decorator']) retrieved from /home/airflow/.local/lib/python3.6/site-packages/airflow/example_dags/example_task_group_decorator.py
[2021-07-01 10:14:04,342] {logging_mixin.py:104} INFO - [2021-07-01 10:14:04,342] {dag.py:1832} INFO - Sync 1 DAGs
[2021-07-01 10:14:04,355] {logging_mixin.py:104} INFO - [2021-07-01 10:14:04,355] {dag.py:2305} INFO - Setting next_dagrun for example_task_group_decorator to 2021-06-29 00:00:00+00:00
[2021-07-01 10:14:04,372] {scheduler_job.py:190} INFO - Processing /home/airflow/.local/lib/python3.6/site-packages/airflow/example_dags/example_task_group_decorator.py took 0.248 seconds
[2021-07-01 10:14:34,681] {scheduler_job.py:182} INFO - Started process (PID=349) to work on /home/airflow/.local/lib/python3.6/site-packages/airflow/example_dags/example_task_group_decorator.py
[2021-07-01 10:14:34,683] {scheduler_job.py:633} INFO - Processing file /home/airflow/.local/lib/python3.6/site-packages/airflow/example_dags/example_task_group_decorator.py for tasks to queue
[2021-07-01 10:14:34,685] {logging_mixin.py:104} INFO - [2021-07-01 10:14:34,685] {dagbag.py:487} INFO - Filling up the DagBag from /home/airflow/.local/lib/python3.6/site-packages/airflow/example_dags/example_task_group_decorator.py
[2021-07-01 10:14:34,717] {scheduler_job.py:643} INFO - DAG(s) dict_keys(['example_task_group_decorator']) retrieved from /home/airflow/.local/lib/python3.6/site-packages/airflow/example_dags/example_task_group_decorator.py
[2021-07-01 10:14:34,979] {logging_mixin.py:104} INFO - [2021-07-01 10:14:34,979] {dag.py:1832} INFO - Sync 1 DAGs
[2021-07-01 10:14:35,017] {logging_mixin.py:104} INFO - [2021-07-01 10:14:35,017] {dag.py:2305} INFO - Setting next_dagrun for example_task_group_decorator to 2021-06-29 00:00:00+00:00
[2021-07-01 10:14:35,046] {scheduler_job.py:190} INFO - Processing /home/airflow/.local/lib/python3.6/site-packages/airflow/example_dags/example_task_group_decorator.py took 0.373 seconds
[2021-07-01 10:15:05,084] {scheduler_job.py:182} INFO - Started process (PID=407) to work on /home/airflow/.local/lib/python3.6/site-packages/airflow/example_dags/example_task_group_decorator.py
[2021-07-01 10:15:05,087] {scheduler_job.py:633} INFO - Processing file /home/airflow/.local/lib/python3.6/site-packages/airflow/example_dags/example_task_group_decorator.py for tasks to queue
[2021-07-01 10:15:05,088] {logging_mixin.py:104} INFO - [2021-07-01 10:15:05,088] {dagbag.py:487} INFO - Filling up the DagBag from /home/airflow/.local/lib/python3.6/site-packages/airflow/example_dags/example_task_group_decorator.py
[2021-07-01 10:15:05,112] {scheduler_job.py:643} INFO - DAG(s) dict_keys(['example_task_group_decorator']) retrieved from /home/airflow/.local/lib/python3.6/site-packages/airflow/example_dags/example_task_group_decorator.py
[2021-07-01 10:15:05,290] {logging_mixin.py:104} INFO - [2021-07-01 10:15:05,289] {dag.py:1832} INFO - Sync 1 DAGs
[2021-07-01 10:15:05,304] {logging_mixin.py:104} INFO - [2021-07-01 10:15:05,304] {dag.py:2305} INFO - Setting next_dagrun for example_task_group_decorator to 2021-06-29 00:00:00+00:00
[2021-07-01 10:15:05,316] {scheduler_job.py:190} INFO - Processing /home/airflow/.local/lib/python3.6/site-packages/airflow/example_dags/example_task_group_decorator.py took 0.237 seconds
[2021-07-01 10:15:35,653] {scheduler_job.py:182} INFO - Started process (PID=470) to work on /home/airflow/.local/lib/python3.6/site-packages/airflow/example_dags/example_task_group_decorator.py
[2021-07-01 10:15:35,656] {scheduler_job.py:633} INFO - Processing file /home/airflow/.local/lib/python3.6/site-packages/airflow/example_dags/example_task_group_decorator.py for tasks to queue
[2021-07-01 10:15:35,658] {logging_mixin.py:104} INFO - [2021-07-01 10:15:35,657] {dagbag.py:487} INFO - Filling up the DagBag from /home/airflow/.local/lib/python3.6/site-packages/airflow/example_dags/example_task_group_decorator.py
[2021-07-01 10:15:35,685] {scheduler_job.py:643} INFO - DAG(s) dict_keys(['example_task_group_decorator']) retrieved from /home/airflow/.local/lib/python3.6/site-packages/airflow/example_dags/example_task_group_decorator.py
[2021-07-01 10:15:35,717] {logging_mixin.py:104} INFO - [2021-07-01 10:15:35,716] {dag.py:1832} INFO - Sync 1 DAGs
[2021-07-01 10:15:35,738] {logging_mixin.py:104} INFO - [2021-07-01 10:15:35,737] {dag.py:2305} INFO - Setting next_dagrun for example_task_group_decorator to 2021-06-29 00:00:00+00:00
[2021-07-01 10:15:35,761] {scheduler_job.py:190} INFO - Processing /home/airflow/.local/lib/python3.6/site-packages/airflow/example_dags/example_task_group_decorator.py took 0.112 seconds
[2021-07-01 10:16:06,617] {scheduler_job.py:182} INFO - Started process (PID=526) to work on /home/airflow/.local/lib/python3.6/site-packages/airflow/example_dags/example_task_group_decorator.py
[2021-07-01 10:16:06,619] {scheduler_job.py:633} INFO - Processing file /home/airflow/.local/lib/python3.6/site-packages/airflow/example_dags/example_task_group_decorator.py for tasks to queue
[2021-07-01 10:16:06,621] {logging_mixin.py:104} INFO - [2021-07-01 10:16:06,620] {dagbag.py:487} INFO - Filling up the DagBag from /home/airflow/.local/lib/python3.6/site-packages/airflow/example_dags/example_task_group_decorator.py
[2021-07-01 10:16:06,650] {scheduler_job.py:643} INFO - DAG(s) dict_keys(['example_task_group_decorator']) retrieved from /home/airflow/.local/lib/python3.6/site-packages/airflow/example_dags/example_task_group_decorator.py
[2021-07-01 10:16:06,958] {logging_mixin.py:104} INFO - [2021-07-01 10:16:06,958] {dag.py:1832} INFO - Sync 1 DAGs
[2021-07-01 10:16:06,974] {logging_mixin.py:104} INFO - [2021-07-01 10:16:06,974] {dag.py:2305} INFO - Setting next_dagrun for example_task_group_decorator to 2021-06-29 00:00:00+00:00
[2021-07-01 10:16:06,987] {scheduler_job.py:190} INFO - Processing /home/airflow/.local/lib/python3.6/site-packages/airflow/example_dags/example_task_group_decorator.py took 0.374 seconds
