[2021-07-01 10:12:04,303] {scheduler_job.py:182} INFO - Started process (PID=64) to work on /home/airflow/.local/lib/python3.6/site-packages/airflow/example_dags/example_latest_only_with_trigger.py
[2021-07-01 10:12:04,306] {scheduler_job.py:633} INFO - Processing file /home/airflow/.local/lib/python3.6/site-packages/airflow/example_dags/example_latest_only_with_trigger.py for tasks to queue
[2021-07-01 10:12:04,310] {logging_mixin.py:104} INFO - [2021-07-01 10:12:04,309] {dagbag.py:487} INFO - Filling up the DagBag from /home/airflow/.local/lib/python3.6/site-packages/airflow/example_dags/example_latest_only_with_trigger.py
[2021-07-01 10:12:04,375] {scheduler_job.py:643} INFO - DAG(s) dict_keys(['latest_only_with_trigger']) retrieved from /home/airflow/.local/lib/python3.6/site-packages/airflow/example_dags/example_latest_only_with_trigger.py
[2021-07-01 10:12:04,481] {logging_mixin.py:104} INFO - [2021-07-01 10:12:04,481] {dag.py:1832} INFO - Sync 1 DAGs
[2021-07-01 10:12:04,556] {logging_mixin.py:104} INFO - [2021-07-01 10:12:04,556] {dag.py:2305} INFO - Setting next_dagrun for latest_only_with_trigger to 2021-06-29 00:00:00+00:00
[2021-07-01 10:12:04,601] {scheduler_job.py:190} INFO - Processing /home/airflow/.local/lib/python3.6/site-packages/airflow/example_dags/example_latest_only_with_trigger.py took 0.316 seconds
[2021-07-01 10:12:34,829] {scheduler_job.py:182} INFO - Started process (PID=121) to work on /home/airflow/.local/lib/python3.6/site-packages/airflow/example_dags/example_latest_only_with_trigger.py
[2021-07-01 10:12:34,832] {scheduler_job.py:633} INFO - Processing file /home/airflow/.local/lib/python3.6/site-packages/airflow/example_dags/example_latest_only_with_trigger.py for tasks to queue
[2021-07-01 10:12:34,834] {logging_mixin.py:104} INFO - [2021-07-01 10:12:34,834] {dagbag.py:487} INFO - Filling up the DagBag from /home/airflow/.local/lib/python3.6/site-packages/airflow/example_dags/example_latest_only_with_trigger.py
[2021-07-01 10:12:34,854] {scheduler_job.py:643} INFO - DAG(s) dict_keys(['latest_only_with_trigger']) retrieved from /home/airflow/.local/lib/python3.6/site-packages/airflow/example_dags/example_latest_only_with_trigger.py
[2021-07-01 10:12:34,886] {logging_mixin.py:104} INFO - [2021-07-01 10:12:34,886] {dag.py:1832} INFO - Sync 1 DAGs
[2021-07-01 10:12:34,902] {logging_mixin.py:104} INFO - [2021-07-01 10:12:34,902] {dag.py:2305} INFO - Setting next_dagrun for latest_only_with_trigger to 2021-06-29 00:00:00+00:00
[2021-07-01 10:12:34,914] {scheduler_job.py:190} INFO - Processing /home/airflow/.local/lib/python3.6/site-packages/airflow/example_dags/example_latest_only_with_trigger.py took 0.090 seconds
[2021-07-01 10:13:05,135] {scheduler_job.py:182} INFO - Started process (PID=178) to work on /home/airflow/.local/lib/python3.6/site-packages/airflow/example_dags/example_latest_only_with_trigger.py
[2021-07-01 10:13:05,137] {scheduler_job.py:633} INFO - Processing file /home/airflow/.local/lib/python3.6/site-packages/airflow/example_dags/example_latest_only_with_trigger.py for tasks to queue
[2021-07-01 10:13:05,138] {logging_mixin.py:104} INFO - [2021-07-01 10:13:05,138] {dagbag.py:487} INFO - Filling up the DagBag from /home/airflow/.local/lib/python3.6/site-packages/airflow/example_dags/example_latest_only_with_trigger.py
[2021-07-01 10:13:05,154] {scheduler_job.py:643} INFO - DAG(s) dict_keys(['latest_only_with_trigger']) retrieved from /home/airflow/.local/lib/python3.6/site-packages/airflow/example_dags/example_latest_only_with_trigger.py
[2021-07-01 10:13:05,179] {logging_mixin.py:104} INFO - [2021-07-01 10:13:05,179] {dag.py:1832} INFO - Sync 1 DAGs
[2021-07-01 10:13:05,194] {logging_mixin.py:104} INFO - [2021-07-01 10:13:05,193] {dag.py:2305} INFO - Setting next_dagrun for latest_only_with_trigger to 2021-06-29 00:00:00+00:00
[2021-07-01 10:13:05,205] {scheduler_job.py:190} INFO - Processing /home/airflow/.local/lib/python3.6/site-packages/airflow/example_dags/example_latest_only_with_trigger.py took 0.077 seconds
[2021-07-01 10:13:36,232] {scheduler_job.py:182} INFO - Started process (PID=245) to work on /home/airflow/.local/lib/python3.6/site-packages/airflow/example_dags/example_latest_only_with_trigger.py
[2021-07-01 10:13:36,234] {scheduler_job.py:633} INFO - Processing file /home/airflow/.local/lib/python3.6/site-packages/airflow/example_dags/example_latest_only_with_trigger.py for tasks to queue
[2021-07-01 10:13:36,236] {logging_mixin.py:104} INFO - [2021-07-01 10:13:36,236] {dagbag.py:487} INFO - Filling up the DagBag from /home/airflow/.local/lib/python3.6/site-packages/airflow/example_dags/example_latest_only_with_trigger.py
[2021-07-01 10:13:36,251] {scheduler_job.py:643} INFO - DAG(s) dict_keys(['latest_only_with_trigger']) retrieved from /home/airflow/.local/lib/python3.6/site-packages/airflow/example_dags/example_latest_only_with_trigger.py
[2021-07-01 10:13:36,276] {logging_mixin.py:104} INFO - [2021-07-01 10:13:36,276] {dag.py:1832} INFO - Sync 1 DAGs
[2021-07-01 10:13:36,297] {logging_mixin.py:104} INFO - [2021-07-01 10:13:36,297] {dag.py:2305} INFO - Setting next_dagrun for latest_only_with_trigger to 2021-06-29 00:00:00+00:00
[2021-07-01 10:13:36,314] {scheduler_job.py:190} INFO - Processing /home/airflow/.local/lib/python3.6/site-packages/airflow/example_dags/example_latest_only_with_trigger.py took 0.088 seconds
[2021-07-01 10:14:07,329] {scheduler_job.py:182} INFO - Started process (PID=299) to work on /home/airflow/.local/lib/python3.6/site-packages/airflow/example_dags/example_latest_only_with_trigger.py
[2021-07-01 10:14:07,339] {scheduler_job.py:633} INFO - Processing file /home/airflow/.local/lib/python3.6/site-packages/airflow/example_dags/example_latest_only_with_trigger.py for tasks to queue
[2021-07-01 10:14:07,340] {logging_mixin.py:104} INFO - [2021-07-01 10:14:07,340] {dagbag.py:487} INFO - Filling up the DagBag from /home/airflow/.local/lib/python3.6/site-packages/airflow/example_dags/example_latest_only_with_trigger.py
[2021-07-01 10:14:07,352] {scheduler_job.py:643} INFO - DAG(s) dict_keys(['latest_only_with_trigger']) retrieved from /home/airflow/.local/lib/python3.6/site-packages/airflow/example_dags/example_latest_only_with_trigger.py
[2021-07-01 10:14:07,376] {logging_mixin.py:104} INFO - [2021-07-01 10:14:07,376] {dag.py:1832} INFO - Sync 1 DAGs
[2021-07-01 10:14:07,392] {logging_mixin.py:104} INFO - [2021-07-01 10:14:07,392] {dag.py:2305} INFO - Setting next_dagrun for latest_only_with_trigger to 2021-06-29 00:00:00+00:00
[2021-07-01 10:14:07,406] {scheduler_job.py:190} INFO - Processing /home/airflow/.local/lib/python3.6/site-packages/airflow/example_dags/example_latest_only_with_trigger.py took 0.082 seconds
[2021-07-01 10:14:38,216] {scheduler_job.py:182} INFO - Started process (PID=365) to work on /home/airflow/.local/lib/python3.6/site-packages/airflow/example_dags/example_latest_only_with_trigger.py
[2021-07-01 10:14:38,219] {scheduler_job.py:633} INFO - Processing file /home/airflow/.local/lib/python3.6/site-packages/airflow/example_dags/example_latest_only_with_trigger.py for tasks to queue
[2021-07-01 10:14:38,220] {logging_mixin.py:104} INFO - [2021-07-01 10:14:38,220] {dagbag.py:487} INFO - Filling up the DagBag from /home/airflow/.local/lib/python3.6/site-packages/airflow/example_dags/example_latest_only_with_trigger.py
[2021-07-01 10:14:38,233] {scheduler_job.py:643} INFO - DAG(s) dict_keys(['latest_only_with_trigger']) retrieved from /home/airflow/.local/lib/python3.6/site-packages/airflow/example_dags/example_latest_only_with_trigger.py
[2021-07-01 10:14:38,271] {logging_mixin.py:104} INFO - [2021-07-01 10:14:38,270] {dag.py:1832} INFO - Sync 1 DAGs
[2021-07-01 10:14:38,511] {logging_mixin.py:104} INFO - [2021-07-01 10:14:38,511] {dag.py:2305} INFO - Setting next_dagrun for latest_only_with_trigger to 2021-06-29 00:00:00+00:00
[2021-07-01 10:14:38,563] {scheduler_job.py:190} INFO - Processing /home/airflow/.local/lib/python3.6/site-packages/airflow/example_dags/example_latest_only_with_trigger.py took 0.354 seconds
[2021-07-01 10:15:09,064] {scheduler_job.py:182} INFO - Started process (PID=431) to work on /home/airflow/.local/lib/python3.6/site-packages/airflow/example_dags/example_latest_only_with_trigger.py
[2021-07-01 10:15:09,067] {scheduler_job.py:633} INFO - Processing file /home/airflow/.local/lib/python3.6/site-packages/airflow/example_dags/example_latest_only_with_trigger.py for tasks to queue
[2021-07-01 10:15:09,069] {logging_mixin.py:104} INFO - [2021-07-01 10:15:09,068] {dagbag.py:487} INFO - Filling up the DagBag from /home/airflow/.local/lib/python3.6/site-packages/airflow/example_dags/example_latest_only_with_trigger.py
[2021-07-01 10:15:09,084] {scheduler_job.py:643} INFO - DAG(s) dict_keys(['latest_only_with_trigger']) retrieved from /home/airflow/.local/lib/python3.6/site-packages/airflow/example_dags/example_latest_only_with_trigger.py
[2021-07-01 10:15:09,109] {logging_mixin.py:104} INFO - [2021-07-01 10:15:09,109] {dag.py:1832} INFO - Sync 1 DAGs
[2021-07-01 10:15:09,129] {logging_mixin.py:104} INFO - [2021-07-01 10:15:09,129] {dag.py:2305} INFO - Setting next_dagrun for latest_only_with_trigger to 2021-06-29 00:00:00+00:00
[2021-07-01 10:15:09,138] {scheduler_job.py:190} INFO - Processing /home/airflow/.local/lib/python3.6/site-packages/airflow/example_dags/example_latest_only_with_trigger.py took 0.077 seconds
[2021-07-01 10:15:40,279] {scheduler_job.py:182} INFO - Started process (PID=487) to work on /home/airflow/.local/lib/python3.6/site-packages/airflow/example_dags/example_latest_only_with_trigger.py
[2021-07-01 10:15:40,288] {scheduler_job.py:633} INFO - Processing file /home/airflow/.local/lib/python3.6/site-packages/airflow/example_dags/example_latest_only_with_trigger.py for tasks to queue
[2021-07-01 10:15:40,291] {logging_mixin.py:104} INFO - [2021-07-01 10:15:40,291] {dagbag.py:487} INFO - Filling up the DagBag from /home/airflow/.local/lib/python3.6/site-packages/airflow/example_dags/example_latest_only_with_trigger.py
[2021-07-01 10:15:40,324] {scheduler_job.py:643} INFO - DAG(s) dict_keys(['latest_only_with_trigger']) retrieved from /home/airflow/.local/lib/python3.6/site-packages/airflow/example_dags/example_latest_only_with_trigger.py
[2021-07-01 10:15:40,375] {logging_mixin.py:104} INFO - [2021-07-01 10:15:40,375] {dag.py:1832} INFO - Sync 1 DAGs
[2021-07-01 10:15:40,413] {logging_mixin.py:104} INFO - [2021-07-01 10:15:40,413] {dag.py:2305} INFO - Setting next_dagrun for latest_only_with_trigger to 2021-06-29 00:00:00+00:00
[2021-07-01 10:15:40,435] {scheduler_job.py:190} INFO - Processing /home/airflow/.local/lib/python3.6/site-packages/airflow/example_dags/example_latest_only_with_trigger.py took 0.165 seconds
[2021-07-01 10:16:10,484] {scheduler_job.py:182} INFO - Started process (PID=554) to work on /home/airflow/.local/lib/python3.6/site-packages/airflow/example_dags/example_latest_only_with_trigger.py
[2021-07-01 10:16:10,486] {scheduler_job.py:633} INFO - Processing file /home/airflow/.local/lib/python3.6/site-packages/airflow/example_dags/example_latest_only_with_trigger.py for tasks to queue
[2021-07-01 10:16:10,488] {logging_mixin.py:104} INFO - [2021-07-01 10:16:10,488] {dagbag.py:487} INFO - Filling up the DagBag from /home/airflow/.local/lib/python3.6/site-packages/airflow/example_dags/example_latest_only_with_trigger.py
[2021-07-01 10:16:10,503] {scheduler_job.py:643} INFO - DAG(s) dict_keys(['latest_only_with_trigger']) retrieved from /home/airflow/.local/lib/python3.6/site-packages/airflow/example_dags/example_latest_only_with_trigger.py
[2021-07-01 10:16:10,527] {logging_mixin.py:104} INFO - [2021-07-01 10:16:10,527] {dag.py:1832} INFO - Sync 1 DAGs
[2021-07-01 10:16:10,550] {logging_mixin.py:104} INFO - [2021-07-01 10:16:10,550] {dag.py:2305} INFO - Setting next_dagrun for latest_only_with_trigger to 2021-06-29 00:00:00+00:00
[2021-07-01 10:16:10,565] {scheduler_job.py:190} INFO - Processing /home/airflow/.local/lib/python3.6/site-packages/airflow/example_dags/example_latest_only_with_trigger.py took 0.086 seconds
