[2021-07-01 10:12:02,982] {scheduler_job.py:182} INFO - Started process (PID=59) to work on /home/airflow/.local/lib/python3.6/site-packages/airflow/example_dags/example_branch_datetime_operator.py
[2021-07-01 10:12:02,986] {scheduler_job.py:633} INFO - Processing file /home/airflow/.local/lib/python3.6/site-packages/airflow/example_dags/example_branch_datetime_operator.py for tasks to queue
[2021-07-01 10:12:02,992] {logging_mixin.py:104} INFO - [2021-07-01 10:12:02,991] {dagbag.py:487} INFO - Filling up the DagBag from /home/airflow/.local/lib/python3.6/site-packages/airflow/example_dags/example_branch_datetime_operator.py
[2021-07-01 10:12:03,106] {scheduler_job.py:643} INFO - DAG(s) dict_keys(['example_branch_datetime_operator_2']) retrieved from /home/airflow/.local/lib/python3.6/site-packages/airflow/example_dags/example_branch_datetime_operator.py
[2021-07-01 10:12:03,196] {logging_mixin.py:104} INFO - [2021-07-01 10:12:03,195] {dag.py:1832} INFO - Sync 1 DAGs
[2021-07-01 10:12:03,227] {logging_mixin.py:104} INFO - [2021-07-01 10:12:03,227] {dag.py:2305} INFO - Setting next_dagrun for example_branch_datetime_operator_2 to 2021-06-29 00:00:00+00:00
[2021-07-01 10:12:03,244] {scheduler_job.py:190} INFO - Processing /home/airflow/.local/lib/python3.6/site-packages/airflow/example_dags/example_branch_datetime_operator.py took 0.289 seconds
[2021-07-01 10:12:33,585] {scheduler_job.py:182} INFO - Started process (PID=117) to work on /home/airflow/.local/lib/python3.6/site-packages/airflow/example_dags/example_branch_datetime_operator.py
[2021-07-01 10:12:33,587] {scheduler_job.py:633} INFO - Processing file /home/airflow/.local/lib/python3.6/site-packages/airflow/example_dags/example_branch_datetime_operator.py for tasks to queue
[2021-07-01 10:12:33,589] {logging_mixin.py:104} INFO - [2021-07-01 10:12:33,589] {dagbag.py:487} INFO - Filling up the DagBag from /home/airflow/.local/lib/python3.6/site-packages/airflow/example_dags/example_branch_datetime_operator.py
[2021-07-01 10:12:33,608] {scheduler_job.py:643} INFO - DAG(s) dict_keys(['example_branch_datetime_operator_2']) retrieved from /home/airflow/.local/lib/python3.6/site-packages/airflow/example_dags/example_branch_datetime_operator.py
[2021-07-01 10:12:33,635] {logging_mixin.py:104} INFO - [2021-07-01 10:12:33,634] {dag.py:1832} INFO - Sync 1 DAGs
[2021-07-01 10:12:33,662] {logging_mixin.py:104} INFO - [2021-07-01 10:12:33,662] {dag.py:2305} INFO - Setting next_dagrun for example_branch_datetime_operator_2 to 2021-06-29 00:00:00+00:00
[2021-07-01 10:12:33,673] {scheduler_job.py:190} INFO - Processing /home/airflow/.local/lib/python3.6/site-packages/airflow/example_dags/example_branch_datetime_operator.py took 0.094 seconds
[2021-07-01 10:13:04,780] {scheduler_job.py:182} INFO - Started process (PID=174) to work on /home/airflow/.local/lib/python3.6/site-packages/airflow/example_dags/example_branch_datetime_operator.py
[2021-07-01 10:13:04,784] {scheduler_job.py:633} INFO - Processing file /home/airflow/.local/lib/python3.6/site-packages/airflow/example_dags/example_branch_datetime_operator.py for tasks to queue
[2021-07-01 10:13:04,785] {logging_mixin.py:104} INFO - [2021-07-01 10:13:04,785] {dagbag.py:487} INFO - Filling up the DagBag from /home/airflow/.local/lib/python3.6/site-packages/airflow/example_dags/example_branch_datetime_operator.py
[2021-07-01 10:13:04,827] {scheduler_job.py:643} INFO - DAG(s) dict_keys(['example_branch_datetime_operator_2']) retrieved from /home/airflow/.local/lib/python3.6/site-packages/airflow/example_dags/example_branch_datetime_operator.py
[2021-07-01 10:13:04,855] {logging_mixin.py:104} INFO - [2021-07-01 10:13:04,855] {dag.py:1832} INFO - Sync 1 DAGs
[2021-07-01 10:13:04,878] {logging_mixin.py:104} INFO - [2021-07-01 10:13:04,878] {dag.py:2305} INFO - Setting next_dagrun for example_branch_datetime_operator_2 to 2021-06-29 00:00:00+00:00
[2021-07-01 10:13:04,896] {scheduler_job.py:190} INFO - Processing /home/airflow/.local/lib/python3.6/site-packages/airflow/example_dags/example_branch_datetime_operator.py took 0.121 seconds
[2021-07-01 10:13:36,010] {scheduler_job.py:182} INFO - Started process (PID=241) to work on /home/airflow/.local/lib/python3.6/site-packages/airflow/example_dags/example_branch_datetime_operator.py
[2021-07-01 10:13:36,015] {scheduler_job.py:633} INFO - Processing file /home/airflow/.local/lib/python3.6/site-packages/airflow/example_dags/example_branch_datetime_operator.py for tasks to queue
[2021-07-01 10:13:36,022] {logging_mixin.py:104} INFO - [2021-07-01 10:13:36,022] {dagbag.py:487} INFO - Filling up the DagBag from /home/airflow/.local/lib/python3.6/site-packages/airflow/example_dags/example_branch_datetime_operator.py
[2021-07-01 10:13:36,039] {scheduler_job.py:643} INFO - DAG(s) dict_keys(['example_branch_datetime_operator_2']) retrieved from /home/airflow/.local/lib/python3.6/site-packages/airflow/example_dags/example_branch_datetime_operator.py
[2021-07-01 10:13:36,060] {logging_mixin.py:104} INFO - [2021-07-01 10:13:36,060] {dag.py:1832} INFO - Sync 1 DAGs
[2021-07-01 10:13:36,078] {logging_mixin.py:104} INFO - [2021-07-01 10:13:36,077] {dag.py:2305} INFO - Setting next_dagrun for example_branch_datetime_operator_2 to 2021-06-29 00:00:00+00:00
[2021-07-01 10:13:36,087] {scheduler_job.py:190} INFO - Processing /home/airflow/.local/lib/python3.6/site-packages/airflow/example_dags/example_branch_datetime_operator.py took 0.086 seconds
[2021-07-01 10:14:07,058] {scheduler_job.py:182} INFO - Started process (PID=295) to work on /home/airflow/.local/lib/python3.6/site-packages/airflow/example_dags/example_branch_datetime_operator.py
[2021-07-01 10:14:07,060] {scheduler_job.py:633} INFO - Processing file /home/airflow/.local/lib/python3.6/site-packages/airflow/example_dags/example_branch_datetime_operator.py for tasks to queue
[2021-07-01 10:14:07,062] {logging_mixin.py:104} INFO - [2021-07-01 10:14:07,062] {dagbag.py:487} INFO - Filling up the DagBag from /home/airflow/.local/lib/python3.6/site-packages/airflow/example_dags/example_branch_datetime_operator.py
[2021-07-01 10:14:07,078] {scheduler_job.py:643} INFO - DAG(s) dict_keys(['example_branch_datetime_operator_2']) retrieved from /home/airflow/.local/lib/python3.6/site-packages/airflow/example_dags/example_branch_datetime_operator.py
[2021-07-01 10:14:07,105] {logging_mixin.py:104} INFO - [2021-07-01 10:14:07,105] {dag.py:1832} INFO - Sync 1 DAGs
[2021-07-01 10:14:07,153] {logging_mixin.py:104} INFO - [2021-07-01 10:14:07,153] {dag.py:2305} INFO - Setting next_dagrun for example_branch_datetime_operator_2 to 2021-06-29 00:00:00+00:00
[2021-07-01 10:14:07,168] {scheduler_job.py:190} INFO - Processing /home/airflow/.local/lib/python3.6/site-packages/airflow/example_dags/example_branch_datetime_operator.py took 0.118 seconds
[2021-07-01 10:14:37,860] {scheduler_job.py:182} INFO - Started process (PID=361) to work on /home/airflow/.local/lib/python3.6/site-packages/airflow/example_dags/example_branch_datetime_operator.py
[2021-07-01 10:14:37,864] {scheduler_job.py:633} INFO - Processing file /home/airflow/.local/lib/python3.6/site-packages/airflow/example_dags/example_branch_datetime_operator.py for tasks to queue
[2021-07-01 10:14:37,867] {logging_mixin.py:104} INFO - [2021-07-01 10:14:37,867] {dagbag.py:487} INFO - Filling up the DagBag from /home/airflow/.local/lib/python3.6/site-packages/airflow/example_dags/example_branch_datetime_operator.py
[2021-07-01 10:14:37,893] {scheduler_job.py:643} INFO - DAG(s) dict_keys(['example_branch_datetime_operator_2']) retrieved from /home/airflow/.local/lib/python3.6/site-packages/airflow/example_dags/example_branch_datetime_operator.py
[2021-07-01 10:14:37,939] {logging_mixin.py:104} INFO - [2021-07-01 10:14:37,939] {dag.py:1832} INFO - Sync 1 DAGs
[2021-07-01 10:14:38,011] {logging_mixin.py:104} INFO - [2021-07-01 10:14:38,010] {dag.py:2305} INFO - Setting next_dagrun for example_branch_datetime_operator_2 to 2021-06-29 00:00:00+00:00
[2021-07-01 10:14:38,053] {scheduler_job.py:190} INFO - Processing /home/airflow/.local/lib/python3.6/site-packages/airflow/example_dags/example_branch_datetime_operator.py took 0.206 seconds
[2021-07-01 10:15:08,818] {scheduler_job.py:182} INFO - Started process (PID=427) to work on /home/airflow/.local/lib/python3.6/site-packages/airflow/example_dags/example_branch_datetime_operator.py
[2021-07-01 10:15:08,820] {scheduler_job.py:633} INFO - Processing file /home/airflow/.local/lib/python3.6/site-packages/airflow/example_dags/example_branch_datetime_operator.py for tasks to queue
[2021-07-01 10:15:08,822] {logging_mixin.py:104} INFO - [2021-07-01 10:15:08,822] {dagbag.py:487} INFO - Filling up the DagBag from /home/airflow/.local/lib/python3.6/site-packages/airflow/example_dags/example_branch_datetime_operator.py
[2021-07-01 10:15:08,841] {scheduler_job.py:643} INFO - DAG(s) dict_keys(['example_branch_datetime_operator_2']) retrieved from /home/airflow/.local/lib/python3.6/site-packages/airflow/example_dags/example_branch_datetime_operator.py
[2021-07-01 10:15:08,874] {logging_mixin.py:104} INFO - [2021-07-01 10:15:08,874] {dag.py:1832} INFO - Sync 1 DAGs
[2021-07-01 10:15:08,900] {logging_mixin.py:104} INFO - [2021-07-01 10:15:08,900] {dag.py:2305} INFO - Setting next_dagrun for example_branch_datetime_operator_2 to 2021-06-29 00:00:00+00:00
[2021-07-01 10:15:08,917] {scheduler_job.py:190} INFO - Processing /home/airflow/.local/lib/python3.6/site-packages/airflow/example_dags/example_branch_datetime_operator.py took 0.104 seconds
[2021-07-01 10:15:39,726] {scheduler_job.py:182} INFO - Started process (PID=482) to work on /home/airflow/.local/lib/python3.6/site-packages/airflow/example_dags/example_branch_datetime_operator.py
[2021-07-01 10:15:39,729] {scheduler_job.py:633} INFO - Processing file /home/airflow/.local/lib/python3.6/site-packages/airflow/example_dags/example_branch_datetime_operator.py for tasks to queue
[2021-07-01 10:15:39,734] {logging_mixin.py:104} INFO - [2021-07-01 10:15:39,733] {dagbag.py:487} INFO - Filling up the DagBag from /home/airflow/.local/lib/python3.6/site-packages/airflow/example_dags/example_branch_datetime_operator.py
[2021-07-01 10:15:39,764] {scheduler_job.py:643} INFO - DAG(s) dict_keys(['example_branch_datetime_operator_2']) retrieved from /home/airflow/.local/lib/python3.6/site-packages/airflow/example_dags/example_branch_datetime_operator.py
[2021-07-01 10:15:39,803] {logging_mixin.py:104} INFO - [2021-07-01 10:15:39,803] {dag.py:1832} INFO - Sync 1 DAGs
[2021-07-01 10:15:39,866] {logging_mixin.py:104} INFO - [2021-07-01 10:15:39,866] {dag.py:2305} INFO - Setting next_dagrun for example_branch_datetime_operator_2 to 2021-06-29 00:00:00+00:00
[2021-07-01 10:15:39,888] {scheduler_job.py:190} INFO - Processing /home/airflow/.local/lib/python3.6/site-packages/airflow/example_dags/example_branch_datetime_operator.py took 0.166 seconds
[2021-07-01 10:16:10,070] {scheduler_job.py:182} INFO - Started process (PID=550) to work on /home/airflow/.local/lib/python3.6/site-packages/airflow/example_dags/example_branch_datetime_operator.py
[2021-07-01 10:16:10,074] {scheduler_job.py:633} INFO - Processing file /home/airflow/.local/lib/python3.6/site-packages/airflow/example_dags/example_branch_datetime_operator.py for tasks to queue
[2021-07-01 10:16:10,076] {logging_mixin.py:104} INFO - [2021-07-01 10:16:10,076] {dagbag.py:487} INFO - Filling up the DagBag from /home/airflow/.local/lib/python3.6/site-packages/airflow/example_dags/example_branch_datetime_operator.py
[2021-07-01 10:16:10,112] {scheduler_job.py:643} INFO - DAG(s) dict_keys(['example_branch_datetime_operator_2']) retrieved from /home/airflow/.local/lib/python3.6/site-packages/airflow/example_dags/example_branch_datetime_operator.py
[2021-07-01 10:16:10,155] {logging_mixin.py:104} INFO - [2021-07-01 10:16:10,155] {dag.py:1832} INFO - Sync 1 DAGs
[2021-07-01 10:16:10,177] {logging_mixin.py:104} INFO - [2021-07-01 10:16:10,177] {dag.py:2305} INFO - Setting next_dagrun for example_branch_datetime_operator_2 to 2021-06-29 00:00:00+00:00
[2021-07-01 10:16:10,189] {scheduler_job.py:190} INFO - Processing /home/airflow/.local/lib/python3.6/site-packages/airflow/example_dags/example_branch_datetime_operator.py took 0.125 seconds
