[2021-07-01 10:11:55,287] {scheduler_job.py:182} INFO - Started process (PID=28) to work on /home/airflow/.local/lib/python3.6/site-packages/airflow/example_dags/example_external_task_marker_dag.py
[2021-07-01 10:11:55,297] {scheduler_job.py:633} INFO - Processing file /home/airflow/.local/lib/python3.6/site-packages/airflow/example_dags/example_external_task_marker_dag.py for tasks to queue
[2021-07-01 10:11:55,310] {logging_mixin.py:104} INFO - [2021-07-01 10:11:55,309] {dagbag.py:487} INFO - Filling up the DagBag from /home/airflow/.local/lib/python3.6/site-packages/airflow/example_dags/example_external_task_marker_dag.py
[2021-07-01 10:11:55,362] {scheduler_job.py:643} INFO - DAG(s) dict_keys(['example_external_task_marker_parent', 'example_external_task_marker_child']) retrieved from /home/airflow/.local/lib/python3.6/site-packages/airflow/example_dags/example_external_task_marker_dag.py
[2021-07-01 10:11:56,363] {logging_mixin.py:104} INFO - [2021-07-01 10:11:56,363] {dag.py:1832} INFO - Sync 2 DAGs
[2021-07-01 10:11:56,432] {logging_mixin.py:104} INFO - [2021-07-01 10:11:56,431] {dag.py:2305} INFO - Setting next_dagrun for example_external_task_marker_child to None
[2021-07-01 10:11:56,434] {logging_mixin.py:104} INFO - [2021-07-01 10:11:56,433] {dag.py:2305} INFO - Setting next_dagrun for example_external_task_marker_parent to None
[2021-07-01 10:11:56,502] {scheduler_job.py:190} INFO - Processing /home/airflow/.local/lib/python3.6/site-packages/airflow/example_dags/example_external_task_marker_dag.py took 1.226 seconds
[2021-07-01 10:12:27,255] {scheduler_job.py:182} INFO - Started process (PID=84) to work on /home/airflow/.local/lib/python3.6/site-packages/airflow/example_dags/example_external_task_marker_dag.py
[2021-07-01 10:12:27,259] {scheduler_job.py:633} INFO - Processing file /home/airflow/.local/lib/python3.6/site-packages/airflow/example_dags/example_external_task_marker_dag.py for tasks to queue
[2021-07-01 10:12:27,262] {logging_mixin.py:104} INFO - [2021-07-01 10:12:27,262] {dagbag.py:487} INFO - Filling up the DagBag from /home/airflow/.local/lib/python3.6/site-packages/airflow/example_dags/example_external_task_marker_dag.py
[2021-07-01 10:12:27,282] {scheduler_job.py:643} INFO - DAG(s) dict_keys(['example_external_task_marker_parent', 'example_external_task_marker_child']) retrieved from /home/airflow/.local/lib/python3.6/site-packages/airflow/example_dags/example_external_task_marker_dag.py
[2021-07-01 10:12:27,502] {logging_mixin.py:104} INFO - [2021-07-01 10:12:27,502] {dag.py:1832} INFO - Sync 2 DAGs
[2021-07-01 10:12:27,517] {logging_mixin.py:104} INFO - [2021-07-01 10:12:27,517] {dag.py:2305} INFO - Setting next_dagrun for example_external_task_marker_child to None
[2021-07-01 10:12:27,519] {logging_mixin.py:104} INFO - [2021-07-01 10:12:27,519] {dag.py:2305} INFO - Setting next_dagrun for example_external_task_marker_parent to None
[2021-07-01 10:12:27,533] {scheduler_job.py:190} INFO - Processing /home/airflow/.local/lib/python3.6/site-packages/airflow/example_dags/example_external_task_marker_dag.py took 0.282 seconds
[2021-07-01 10:12:57,618] {scheduler_job.py:182} INFO - Started process (PID=154) to work on /home/airflow/.local/lib/python3.6/site-packages/airflow/example_dags/example_external_task_marker_dag.py
[2021-07-01 10:12:57,620] {scheduler_job.py:633} INFO - Processing file /home/airflow/.local/lib/python3.6/site-packages/airflow/example_dags/example_external_task_marker_dag.py for tasks to queue
[2021-07-01 10:12:57,621] {logging_mixin.py:104} INFO - [2021-07-01 10:12:57,621] {dagbag.py:487} INFO - Filling up the DagBag from /home/airflow/.local/lib/python3.6/site-packages/airflow/example_dags/example_external_task_marker_dag.py
[2021-07-01 10:12:57,634] {scheduler_job.py:643} INFO - DAG(s) dict_keys(['example_external_task_marker_parent', 'example_external_task_marker_child']) retrieved from /home/airflow/.local/lib/python3.6/site-packages/airflow/example_dags/example_external_task_marker_dag.py
[2021-07-01 10:12:57,656] {logging_mixin.py:104} INFO - [2021-07-01 10:12:57,656] {dag.py:1832} INFO - Sync 2 DAGs
[2021-07-01 10:12:57,675] {logging_mixin.py:104} INFO - [2021-07-01 10:12:57,675] {dag.py:2305} INFO - Setting next_dagrun for example_external_task_marker_child to None
[2021-07-01 10:12:57,677] {logging_mixin.py:104} INFO - [2021-07-01 10:12:57,677] {dag.py:2305} INFO - Setting next_dagrun for example_external_task_marker_parent to None
[2021-07-01 10:12:57,687] {scheduler_job.py:190} INFO - Processing /home/airflow/.local/lib/python3.6/site-packages/airflow/example_dags/example_external_task_marker_dag.py took 0.073 seconds
[2021-07-01 10:13:27,943] {scheduler_job.py:182} INFO - Started process (PID=209) to work on /home/airflow/.local/lib/python3.6/site-packages/airflow/example_dags/example_external_task_marker_dag.py
[2021-07-01 10:13:27,946] {scheduler_job.py:633} INFO - Processing file /home/airflow/.local/lib/python3.6/site-packages/airflow/example_dags/example_external_task_marker_dag.py for tasks to queue
[2021-07-01 10:13:27,948] {logging_mixin.py:104} INFO - [2021-07-01 10:13:27,947] {dagbag.py:487} INFO - Filling up the DagBag from /home/airflow/.local/lib/python3.6/site-packages/airflow/example_dags/example_external_task_marker_dag.py
[2021-07-01 10:13:27,971] {scheduler_job.py:643} INFO - DAG(s) dict_keys(['example_external_task_marker_parent', 'example_external_task_marker_child']) retrieved from /home/airflow/.local/lib/python3.6/site-packages/airflow/example_dags/example_external_task_marker_dag.py
[2021-07-01 10:13:28,022] {logging_mixin.py:104} INFO - [2021-07-01 10:13:28,022] {dag.py:1832} INFO - Sync 2 DAGs
[2021-07-01 10:13:28,087] {logging_mixin.py:104} INFO - [2021-07-01 10:13:28,086] {dag.py:2305} INFO - Setting next_dagrun for example_external_task_marker_child to None
[2021-07-01 10:13:28,092] {logging_mixin.py:104} INFO - [2021-07-01 10:13:28,092] {dag.py:2305} INFO - Setting next_dagrun for example_external_task_marker_parent to None
[2021-07-01 10:13:28,107] {scheduler_job.py:190} INFO - Processing /home/airflow/.local/lib/python3.6/site-packages/airflow/example_dags/example_external_task_marker_dag.py took 0.178 seconds
[2021-07-01 10:13:58,924] {scheduler_job.py:182} INFO - Started process (PID=275) to work on /home/airflow/.local/lib/python3.6/site-packages/airflow/example_dags/example_external_task_marker_dag.py
[2021-07-01 10:13:58,926] {scheduler_job.py:633} INFO - Processing file /home/airflow/.local/lib/python3.6/site-packages/airflow/example_dags/example_external_task_marker_dag.py for tasks to queue
[2021-07-01 10:13:58,930] {logging_mixin.py:104} INFO - [2021-07-01 10:13:58,929] {dagbag.py:487} INFO - Filling up the DagBag from /home/airflow/.local/lib/python3.6/site-packages/airflow/example_dags/example_external_task_marker_dag.py
[2021-07-01 10:13:58,950] {scheduler_job.py:643} INFO - DAG(s) dict_keys(['example_external_task_marker_parent', 'example_external_task_marker_child']) retrieved from /home/airflow/.local/lib/python3.6/site-packages/airflow/example_dags/example_external_task_marker_dag.py
[2021-07-01 10:13:58,985] {logging_mixin.py:104} INFO - [2021-07-01 10:13:58,985] {dag.py:1832} INFO - Sync 2 DAGs
[2021-07-01 10:13:59,021] {logging_mixin.py:104} INFO - [2021-07-01 10:13:59,021] {dag.py:2305} INFO - Setting next_dagrun for example_external_task_marker_child to None
[2021-07-01 10:13:59,023] {logging_mixin.py:104} INFO - [2021-07-01 10:13:59,023] {dag.py:2305} INFO - Setting next_dagrun for example_external_task_marker_parent to None
[2021-07-01 10:13:59,041] {scheduler_job.py:190} INFO - Processing /home/airflow/.local/lib/python3.6/site-packages/airflow/example_dags/example_external_task_marker_dag.py took 0.123 seconds
[2021-07-01 10:14:29,145] {scheduler_job.py:182} INFO - Started process (PID=330) to work on /home/airflow/.local/lib/python3.6/site-packages/airflow/example_dags/example_external_task_marker_dag.py
[2021-07-01 10:14:29,149] {scheduler_job.py:633} INFO - Processing file /home/airflow/.local/lib/python3.6/site-packages/airflow/example_dags/example_external_task_marker_dag.py for tasks to queue
[2021-07-01 10:14:29,151] {logging_mixin.py:104} INFO - [2021-07-01 10:14:29,150] {dagbag.py:487} INFO - Filling up the DagBag from /home/airflow/.local/lib/python3.6/site-packages/airflow/example_dags/example_external_task_marker_dag.py
[2021-07-01 10:14:29,165] {scheduler_job.py:643} INFO - DAG(s) dict_keys(['example_external_task_marker_parent', 'example_external_task_marker_child']) retrieved from /home/airflow/.local/lib/python3.6/site-packages/airflow/example_dags/example_external_task_marker_dag.py
[2021-07-01 10:14:29,191] {logging_mixin.py:104} INFO - [2021-07-01 10:14:29,191] {dag.py:1832} INFO - Sync 2 DAGs
[2021-07-01 10:14:29,209] {logging_mixin.py:104} INFO - [2021-07-01 10:14:29,208] {dag.py:2305} INFO - Setting next_dagrun for example_external_task_marker_child to None
[2021-07-01 10:14:29,210] {logging_mixin.py:104} INFO - [2021-07-01 10:14:29,210] {dag.py:2305} INFO - Setting next_dagrun for example_external_task_marker_parent to None
[2021-07-01 10:14:29,224] {scheduler_job.py:190} INFO - Processing /home/airflow/.local/lib/python3.6/site-packages/airflow/example_dags/example_external_task_marker_dag.py took 0.085 seconds
[2021-07-01 10:14:59,281] {scheduler_job.py:182} INFO - Started process (PID=395) to work on /home/airflow/.local/lib/python3.6/site-packages/airflow/example_dags/example_external_task_marker_dag.py
[2021-07-01 10:14:59,283] {scheduler_job.py:633} INFO - Processing file /home/airflow/.local/lib/python3.6/site-packages/airflow/example_dags/example_external_task_marker_dag.py for tasks to queue
[2021-07-01 10:14:59,285] {logging_mixin.py:104} INFO - [2021-07-01 10:14:59,285] {dagbag.py:487} INFO - Filling up the DagBag from /home/airflow/.local/lib/python3.6/site-packages/airflow/example_dags/example_external_task_marker_dag.py
[2021-07-01 10:14:59,300] {scheduler_job.py:643} INFO - DAG(s) dict_keys(['example_external_task_marker_parent', 'example_external_task_marker_child']) retrieved from /home/airflow/.local/lib/python3.6/site-packages/airflow/example_dags/example_external_task_marker_dag.py
[2021-07-01 10:14:59,324] {logging_mixin.py:104} INFO - [2021-07-01 10:14:59,324] {dag.py:1832} INFO - Sync 2 DAGs
[2021-07-01 10:14:59,340] {logging_mixin.py:104} INFO - [2021-07-01 10:14:59,339] {dag.py:2305} INFO - Setting next_dagrun for example_external_task_marker_child to None
[2021-07-01 10:14:59,341] {logging_mixin.py:104} INFO - [2021-07-01 10:14:59,341] {dag.py:2305} INFO - Setting next_dagrun for example_external_task_marker_parent to None
[2021-07-01 10:14:59,351] {scheduler_job.py:190} INFO - Processing /home/airflow/.local/lib/python3.6/site-packages/airflow/example_dags/example_external_task_marker_dag.py took 0.075 seconds
[2021-07-01 10:15:29,745] {scheduler_job.py:182} INFO - Started process (PID=450) to work on /home/airflow/.local/lib/python3.6/site-packages/airflow/example_dags/example_external_task_marker_dag.py
[2021-07-01 10:15:29,750] {scheduler_job.py:633} INFO - Processing file /home/airflow/.local/lib/python3.6/site-packages/airflow/example_dags/example_external_task_marker_dag.py for tasks to queue
[2021-07-01 10:15:29,752] {logging_mixin.py:104} INFO - [2021-07-01 10:15:29,752] {dagbag.py:487} INFO - Filling up the DagBag from /home/airflow/.local/lib/python3.6/site-packages/airflow/example_dags/example_external_task_marker_dag.py
[2021-07-01 10:15:29,782] {scheduler_job.py:643} INFO - DAG(s) dict_keys(['example_external_task_marker_parent', 'example_external_task_marker_child']) retrieved from /home/airflow/.local/lib/python3.6/site-packages/airflow/example_dags/example_external_task_marker_dag.py
[2021-07-01 10:15:29,819] {logging_mixin.py:104} INFO - [2021-07-01 10:15:29,818] {dag.py:1832} INFO - Sync 2 DAGs
[2021-07-01 10:15:29,840] {logging_mixin.py:104} INFO - [2021-07-01 10:15:29,839] {dag.py:2305} INFO - Setting next_dagrun for example_external_task_marker_child to None
[2021-07-01 10:15:29,843] {logging_mixin.py:104} INFO - [2021-07-01 10:15:29,842] {dag.py:2305} INFO - Setting next_dagrun for example_external_task_marker_parent to None
[2021-07-01 10:15:29,853] {scheduler_job.py:190} INFO - Processing /home/airflow/.local/lib/python3.6/site-packages/airflow/example_dags/example_external_task_marker_dag.py took 0.111 seconds
[2021-07-01 10:15:59,991] {scheduler_job.py:182} INFO - Started process (PID=517) to work on /home/airflow/.local/lib/python3.6/site-packages/airflow/example_dags/example_external_task_marker_dag.py
[2021-07-01 10:15:59,995] {scheduler_job.py:633} INFO - Processing file /home/airflow/.local/lib/python3.6/site-packages/airflow/example_dags/example_external_task_marker_dag.py for tasks to queue
[2021-07-01 10:15:59,998] {logging_mixin.py:104} INFO - [2021-07-01 10:15:59,997] {dagbag.py:487} INFO - Filling up the DagBag from /home/airflow/.local/lib/python3.6/site-packages/airflow/example_dags/example_external_task_marker_dag.py
[2021-07-01 10:16:00,022] {scheduler_job.py:643} INFO - DAG(s) dict_keys(['example_external_task_marker_parent', 'example_external_task_marker_child']) retrieved from /home/airflow/.local/lib/python3.6/site-packages/airflow/example_dags/example_external_task_marker_dag.py
[2021-07-01 10:16:00,060] {logging_mixin.py:104} INFO - [2021-07-01 10:16:00,060] {dag.py:1832} INFO - Sync 2 DAGs
[2021-07-01 10:16:00,077] {logging_mixin.py:104} INFO - [2021-07-01 10:16:00,077] {dag.py:2305} INFO - Setting next_dagrun for example_external_task_marker_child to None
[2021-07-01 10:16:00,080] {logging_mixin.py:104} INFO - [2021-07-01 10:16:00,080] {dag.py:2305} INFO - Setting next_dagrun for example_external_task_marker_parent to None
[2021-07-01 10:16:00,108] {scheduler_job.py:190} INFO - Processing /home/airflow/.local/lib/python3.6/site-packages/airflow/example_dags/example_external_task_marker_dag.py took 0.120 seconds
