[2021-07-01 10:12:03,453] {scheduler_job.py:182} INFO - Started process (PID=61) to work on /home/airflow/.local/lib/python3.6/site-packages/airflow/example_dags/example_bash_operator.py
[2021-07-01 10:12:03,465] {scheduler_job.py:633} INFO - Processing file /home/airflow/.local/lib/python3.6/site-packages/airflow/example_dags/example_bash_operator.py for tasks to queue
[2021-07-01 10:12:03,466] {logging_mixin.py:104} INFO - [2021-07-01 10:12:03,466] {dagbag.py:487} INFO - Filling up the DagBag from /home/airflow/.local/lib/python3.6/site-packages/airflow/example_dags/example_bash_operator.py
[2021-07-01 10:12:03,541] {scheduler_job.py:643} INFO - DAG(s) dict_keys(['example_bash_operator']) retrieved from /home/airflow/.local/lib/python3.6/site-packages/airflow/example_dags/example_bash_operator.py
[2021-07-01 10:12:03,636] {logging_mixin.py:104} INFO - [2021-07-01 10:12:03,635] {dag.py:1832} INFO - Sync 1 DAGs
[2021-07-01 10:12:03,728] {logging_mixin.py:104} INFO - [2021-07-01 10:12:03,727] {dag.py:2305} INFO - Setting next_dagrun for example_bash_operator to 2021-06-29 00:00:00+00:00
[2021-07-01 10:12:03,761] {scheduler_job.py:190} INFO - Processing /home/airflow/.local/lib/python3.6/site-packages/airflow/example_dags/example_bash_operator.py took 0.329 seconds
[2021-07-01 10:12:34,694] {scheduler_job.py:182} INFO - Started process (PID=119) to work on /home/airflow/.local/lib/python3.6/site-packages/airflow/example_dags/example_bash_operator.py
[2021-07-01 10:12:34,696] {scheduler_job.py:633} INFO - Processing file /home/airflow/.local/lib/python3.6/site-packages/airflow/example_dags/example_bash_operator.py for tasks to queue
[2021-07-01 10:12:34,698] {logging_mixin.py:104} INFO - [2021-07-01 10:12:34,698] {dagbag.py:487} INFO - Filling up the DagBag from /home/airflow/.local/lib/python3.6/site-packages/airflow/example_dags/example_bash_operator.py
[2021-07-01 10:12:34,720] {scheduler_job.py:643} INFO - DAG(s) dict_keys(['example_bash_operator']) retrieved from /home/airflow/.local/lib/python3.6/site-packages/airflow/example_dags/example_bash_operator.py
[2021-07-01 10:12:34,748] {logging_mixin.py:104} INFO - [2021-07-01 10:12:34,747] {dag.py:1832} INFO - Sync 1 DAGs
[2021-07-01 10:12:34,774] {logging_mixin.py:104} INFO - [2021-07-01 10:12:34,774] {dag.py:2305} INFO - Setting next_dagrun for example_bash_operator to 2021-06-29 00:00:00+00:00
[2021-07-01 10:12:34,785] {scheduler_job.py:190} INFO - Processing /home/airflow/.local/lib/python3.6/site-packages/airflow/example_dags/example_bash_operator.py took 0.095 seconds
[2021-07-01 10:13:04,920] {scheduler_job.py:182} INFO - Started process (PID=176) to work on /home/airflow/.local/lib/python3.6/site-packages/airflow/example_dags/example_bash_operator.py
[2021-07-01 10:13:04,923] {scheduler_job.py:633} INFO - Processing file /home/airflow/.local/lib/python3.6/site-packages/airflow/example_dags/example_bash_operator.py for tasks to queue
[2021-07-01 10:13:04,924] {logging_mixin.py:104} INFO - [2021-07-01 10:13:04,924] {dagbag.py:487} INFO - Filling up the DagBag from /home/airflow/.local/lib/python3.6/site-packages/airflow/example_dags/example_bash_operator.py
[2021-07-01 10:13:04,943] {scheduler_job.py:643} INFO - DAG(s) dict_keys(['example_bash_operator']) retrieved from /home/airflow/.local/lib/python3.6/site-packages/airflow/example_dags/example_bash_operator.py
[2021-07-01 10:13:04,966] {logging_mixin.py:104} INFO - [2021-07-01 10:13:04,966] {dag.py:1832} INFO - Sync 1 DAGs
[2021-07-01 10:13:04,986] {logging_mixin.py:104} INFO - [2021-07-01 10:13:04,986] {dag.py:2305} INFO - Setting next_dagrun for example_bash_operator to 2021-06-29 00:00:00+00:00
[2021-07-01 10:13:04,997] {scheduler_job.py:190} INFO - Processing /home/airflow/.local/lib/python3.6/site-packages/airflow/example_dags/example_bash_operator.py took 0.081 seconds
[2021-07-01 10:13:36,121] {scheduler_job.py:182} INFO - Started process (PID=243) to work on /home/airflow/.local/lib/python3.6/site-packages/airflow/example_dags/example_bash_operator.py
[2021-07-01 10:13:36,124] {scheduler_job.py:633} INFO - Processing file /home/airflow/.local/lib/python3.6/site-packages/airflow/example_dags/example_bash_operator.py for tasks to queue
[2021-07-01 10:13:36,125] {logging_mixin.py:104} INFO - [2021-07-01 10:13:36,125] {dagbag.py:487} INFO - Filling up the DagBag from /home/airflow/.local/lib/python3.6/site-packages/airflow/example_dags/example_bash_operator.py
[2021-07-01 10:13:36,146] {scheduler_job.py:643} INFO - DAG(s) dict_keys(['example_bash_operator']) retrieved from /home/airflow/.local/lib/python3.6/site-packages/airflow/example_dags/example_bash_operator.py
[2021-07-01 10:13:36,172] {logging_mixin.py:104} INFO - [2021-07-01 10:13:36,172] {dag.py:1832} INFO - Sync 1 DAGs
[2021-07-01 10:13:36,192] {logging_mixin.py:104} INFO - [2021-07-01 10:13:36,192] {dag.py:2305} INFO - Setting next_dagrun for example_bash_operator to 2021-06-29 00:00:00+00:00
[2021-07-01 10:13:36,206] {scheduler_job.py:190} INFO - Processing /home/airflow/.local/lib/python3.6/site-packages/airflow/example_dags/example_bash_operator.py took 0.090 seconds
[2021-07-01 10:14:07,198] {scheduler_job.py:182} INFO - Started process (PID=297) to work on /home/airflow/.local/lib/python3.6/site-packages/airflow/example_dags/example_bash_operator.py
[2021-07-01 10:14:07,201] {scheduler_job.py:633} INFO - Processing file /home/airflow/.local/lib/python3.6/site-packages/airflow/example_dags/example_bash_operator.py for tasks to queue
[2021-07-01 10:14:07,213] {logging_mixin.py:104} INFO - [2021-07-01 10:14:07,213] {dagbag.py:487} INFO - Filling up the DagBag from /home/airflow/.local/lib/python3.6/site-packages/airflow/example_dags/example_bash_operator.py
[2021-07-01 10:14:07,252] {scheduler_job.py:643} INFO - DAG(s) dict_keys(['example_bash_operator']) retrieved from /home/airflow/.local/lib/python3.6/site-packages/airflow/example_dags/example_bash_operator.py
[2021-07-01 10:14:07,283] {logging_mixin.py:104} INFO - [2021-07-01 10:14:07,283] {dag.py:1832} INFO - Sync 1 DAGs
[2021-07-01 10:14:07,317] {logging_mixin.py:104} INFO - [2021-07-01 10:14:07,316] {dag.py:2305} INFO - Setting next_dagrun for example_bash_operator to 2021-06-29 00:00:00+00:00
[2021-07-01 10:14:07,328] {scheduler_job.py:190} INFO - Processing /home/airflow/.local/lib/python3.6/site-packages/airflow/example_dags/example_bash_operator.py took 0.133 seconds
[2021-07-01 10:14:38,028] {scheduler_job.py:182} INFO - Started process (PID=363) to work on /home/airflow/.local/lib/python3.6/site-packages/airflow/example_dags/example_bash_operator.py
[2021-07-01 10:14:38,031] {scheduler_job.py:633} INFO - Processing file /home/airflow/.local/lib/python3.6/site-packages/airflow/example_dags/example_bash_operator.py for tasks to queue
[2021-07-01 10:14:38,038] {logging_mixin.py:104} INFO - [2021-07-01 10:14:38,037] {dagbag.py:487} INFO - Filling up the DagBag from /home/airflow/.local/lib/python3.6/site-packages/airflow/example_dags/example_bash_operator.py
[2021-07-01 10:14:38,072] {scheduler_job.py:643} INFO - DAG(s) dict_keys(['example_bash_operator']) retrieved from /home/airflow/.local/lib/python3.6/site-packages/airflow/example_dags/example_bash_operator.py
[2021-07-01 10:14:38,125] {logging_mixin.py:104} INFO - [2021-07-01 10:14:38,125] {dag.py:1832} INFO - Sync 1 DAGs
[2021-07-01 10:14:38,170] {logging_mixin.py:104} INFO - [2021-07-01 10:14:38,170] {dag.py:2305} INFO - Setting next_dagrun for example_bash_operator to 2021-06-29 00:00:00+00:00
[2021-07-01 10:14:38,211] {scheduler_job.py:190} INFO - Processing /home/airflow/.local/lib/python3.6/site-packages/airflow/example_dags/example_bash_operator.py took 0.187 seconds
[2021-07-01 10:15:08,988] {scheduler_job.py:182} INFO - Started process (PID=430) to work on /home/airflow/.local/lib/python3.6/site-packages/airflow/example_dags/example_bash_operator.py
[2021-07-01 10:15:08,991] {scheduler_job.py:633} INFO - Processing file /home/airflow/.local/lib/python3.6/site-packages/airflow/example_dags/example_bash_operator.py for tasks to queue
[2021-07-01 10:15:08,993] {logging_mixin.py:104} INFO - [2021-07-01 10:15:08,993] {dagbag.py:487} INFO - Filling up the DagBag from /home/airflow/.local/lib/python3.6/site-packages/airflow/example_dags/example_bash_operator.py
[2021-07-01 10:15:09,013] {scheduler_job.py:643} INFO - DAG(s) dict_keys(['example_bash_operator']) retrieved from /home/airflow/.local/lib/python3.6/site-packages/airflow/example_dags/example_bash_operator.py
[2021-07-01 10:15:09,044] {logging_mixin.py:104} INFO - [2021-07-01 10:15:09,044] {dag.py:1832} INFO - Sync 1 DAGs
[2021-07-01 10:15:09,078] {logging_mixin.py:104} INFO - [2021-07-01 10:15:09,078] {dag.py:2305} INFO - Setting next_dagrun for example_bash_operator to 2021-06-29 00:00:00+00:00
[2021-07-01 10:15:09,092] {scheduler_job.py:190} INFO - Processing /home/airflow/.local/lib/python3.6/site-packages/airflow/example_dags/example_bash_operator.py took 0.111 seconds
[2021-07-01 10:15:40,047] {scheduler_job.py:182} INFO - Started process (PID=485) to work on /home/airflow/.local/lib/python3.6/site-packages/airflow/example_dags/example_bash_operator.py
[2021-07-01 10:15:40,050] {scheduler_job.py:633} INFO - Processing file /home/airflow/.local/lib/python3.6/site-packages/airflow/example_dags/example_bash_operator.py for tasks to queue
[2021-07-01 10:15:40,060] {logging_mixin.py:104} INFO - [2021-07-01 10:15:40,060] {dagbag.py:487} INFO - Filling up the DagBag from /home/airflow/.local/lib/python3.6/site-packages/airflow/example_dags/example_bash_operator.py
[2021-07-01 10:15:40,097] {scheduler_job.py:643} INFO - DAG(s) dict_keys(['example_bash_operator']) retrieved from /home/airflow/.local/lib/python3.6/site-packages/airflow/example_dags/example_bash_operator.py
[2021-07-01 10:15:40,166] {logging_mixin.py:104} INFO - [2021-07-01 10:15:40,166] {dag.py:1832} INFO - Sync 1 DAGs
[2021-07-01 10:15:40,203] {logging_mixin.py:104} INFO - [2021-07-01 10:15:40,203] {dag.py:2305} INFO - Setting next_dagrun for example_bash_operator to 2021-06-29 00:00:00+00:00
[2021-07-01 10:15:40,231] {scheduler_job.py:190} INFO - Processing /home/airflow/.local/lib/python3.6/site-packages/airflow/example_dags/example_bash_operator.py took 0.196 seconds
[2021-07-01 10:16:10,387] {scheduler_job.py:182} INFO - Started process (PID=553) to work on /home/airflow/.local/lib/python3.6/site-packages/airflow/example_dags/example_bash_operator.py
[2021-07-01 10:16:10,389] {scheduler_job.py:633} INFO - Processing file /home/airflow/.local/lib/python3.6/site-packages/airflow/example_dags/example_bash_operator.py for tasks to queue
[2021-07-01 10:16:10,391] {logging_mixin.py:104} INFO - [2021-07-01 10:16:10,391] {dagbag.py:487} INFO - Filling up the DagBag from /home/airflow/.local/lib/python3.6/site-packages/airflow/example_dags/example_bash_operator.py
[2021-07-01 10:16:10,406] {scheduler_job.py:643} INFO - DAG(s) dict_keys(['example_bash_operator']) retrieved from /home/airflow/.local/lib/python3.6/site-packages/airflow/example_dags/example_bash_operator.py
[2021-07-01 10:16:10,428] {logging_mixin.py:104} INFO - [2021-07-01 10:16:10,428] {dag.py:1832} INFO - Sync 1 DAGs
[2021-07-01 10:16:10,448] {logging_mixin.py:104} INFO - [2021-07-01 10:16:10,448] {dag.py:2305} INFO - Setting next_dagrun for example_bash_operator to 2021-06-29 00:00:00+00:00
[2021-07-01 10:16:10,460] {scheduler_job.py:190} INFO - Processing /home/airflow/.local/lib/python3.6/site-packages/airflow/example_dags/example_bash_operator.py took 0.077 seconds
