[2021-07-01 10:11:59,173] {scheduler_job.py:182} INFO - Started process (PID=47) to work on /home/airflow/.local/lib/python3.6/site-packages/airflow/example_dags/example_skip_dag.py
[2021-07-01 10:11:59,186] {scheduler_job.py:633} INFO - Processing file /home/airflow/.local/lib/python3.6/site-packages/airflow/example_dags/example_skip_dag.py for tasks to queue
[2021-07-01 10:11:59,189] {logging_mixin.py:104} INFO - [2021-07-01 10:11:59,188] {dagbag.py:487} INFO - Filling up the DagBag from /home/airflow/.local/lib/python3.6/site-packages/airflow/example_dags/example_skip_dag.py
[2021-07-01 10:11:59,251] {scheduler_job.py:643} INFO - DAG(s) dict_keys(['example_skip_dag']) retrieved from /home/airflow/.local/lib/python3.6/site-packages/airflow/example_dags/example_skip_dag.py
[2021-07-01 10:11:59,318] {logging_mixin.py:104} INFO - [2021-07-01 10:11:59,317] {dag.py:1832} INFO - Sync 1 DAGs
[2021-07-01 10:11:59,392] {logging_mixin.py:104} INFO - [2021-07-01 10:11:59,392] {dag.py:2305} INFO - Setting next_dagrun for example_skip_dag to 2021-06-29 00:00:00+00:00
[2021-07-01 10:11:59,453] {scheduler_job.py:190} INFO - Processing /home/airflow/.local/lib/python3.6/site-packages/airflow/example_dags/example_skip_dag.py took 0.292 seconds
[2021-07-01 10:12:30,283] {scheduler_job.py:182} INFO - Started process (PID=105) to work on /home/airflow/.local/lib/python3.6/site-packages/airflow/example_dags/example_skip_dag.py
[2021-07-01 10:12:30,287] {scheduler_job.py:633} INFO - Processing file /home/airflow/.local/lib/python3.6/site-packages/airflow/example_dags/example_skip_dag.py for tasks to queue
[2021-07-01 10:12:30,291] {logging_mixin.py:104} INFO - [2021-07-01 10:12:30,290] {dagbag.py:487} INFO - Filling up the DagBag from /home/airflow/.local/lib/python3.6/site-packages/airflow/example_dags/example_skip_dag.py
[2021-07-01 10:12:30,330] {scheduler_job.py:643} INFO - DAG(s) dict_keys(['example_skip_dag']) retrieved from /home/airflow/.local/lib/python3.6/site-packages/airflow/example_dags/example_skip_dag.py
[2021-07-01 10:12:30,382] {logging_mixin.py:104} INFO - [2021-07-01 10:12:30,382] {dag.py:1832} INFO - Sync 1 DAGs
[2021-07-01 10:12:30,425] {logging_mixin.py:104} INFO - [2021-07-01 10:12:30,425] {dag.py:2305} INFO - Setting next_dagrun for example_skip_dag to 2021-06-29 00:00:00+00:00
[2021-07-01 10:12:30,455] {scheduler_job.py:190} INFO - Processing /home/airflow/.local/lib/python3.6/site-packages/airflow/example_dags/example_skip_dag.py took 0.188 seconds
[2021-07-01 10:13:01,343] {scheduler_job.py:182} INFO - Started process (PID=163) to work on /home/airflow/.local/lib/python3.6/site-packages/airflow/example_dags/example_skip_dag.py
[2021-07-01 10:13:01,356] {scheduler_job.py:633} INFO - Processing file /home/airflow/.local/lib/python3.6/site-packages/airflow/example_dags/example_skip_dag.py for tasks to queue
[2021-07-01 10:13:01,359] {logging_mixin.py:104} INFO - [2021-07-01 10:13:01,359] {dagbag.py:487} INFO - Filling up the DagBag from /home/airflow/.local/lib/python3.6/site-packages/airflow/example_dags/example_skip_dag.py
[2021-07-01 10:13:01,383] {scheduler_job.py:643} INFO - DAG(s) dict_keys(['example_skip_dag']) retrieved from /home/airflow/.local/lib/python3.6/site-packages/airflow/example_dags/example_skip_dag.py
[2021-07-01 10:13:01,449] {logging_mixin.py:104} INFO - [2021-07-01 10:13:01,449] {dag.py:1832} INFO - Sync 1 DAGs
[2021-07-01 10:13:01,579] {logging_mixin.py:104} INFO - [2021-07-01 10:13:01,579] {dag.py:2305} INFO - Setting next_dagrun for example_skip_dag to 2021-06-29 00:00:00+00:00
[2021-07-01 10:13:01,607] {scheduler_job.py:190} INFO - Processing /home/airflow/.local/lib/python3.6/site-packages/airflow/example_dags/example_skip_dag.py took 0.287 seconds
[2021-07-01 10:13:32,661] {scheduler_job.py:182} INFO - Started process (PID=229) to work on /home/airflow/.local/lib/python3.6/site-packages/airflow/example_dags/example_skip_dag.py
[2021-07-01 10:13:32,699] {scheduler_job.py:633} INFO - Processing file /home/airflow/.local/lib/python3.6/site-packages/airflow/example_dags/example_skip_dag.py for tasks to queue
[2021-07-01 10:13:32,705] {logging_mixin.py:104} INFO - [2021-07-01 10:13:32,705] {dagbag.py:487} INFO - Filling up the DagBag from /home/airflow/.local/lib/python3.6/site-packages/airflow/example_dags/example_skip_dag.py
[2021-07-01 10:13:32,817] {scheduler_job.py:643} INFO - DAG(s) dict_keys(['example_skip_dag']) retrieved from /home/airflow/.local/lib/python3.6/site-packages/airflow/example_dags/example_skip_dag.py
[2021-07-01 10:13:32,900] {logging_mixin.py:104} INFO - [2021-07-01 10:13:32,899] {dag.py:1832} INFO - Sync 1 DAGs
[2021-07-01 10:13:32,933] {logging_mixin.py:104} INFO - [2021-07-01 10:13:32,933] {dag.py:2305} INFO - Setting next_dagrun for example_skip_dag to 2021-06-29 00:00:00+00:00
[2021-07-01 10:13:32,959] {scheduler_job.py:190} INFO - Processing /home/airflow/.local/lib/python3.6/site-packages/airflow/example_dags/example_skip_dag.py took 0.332 seconds
[2021-07-01 10:14:03,910] {scheduler_job.py:182} INFO - Started process (PID=283) to work on /home/airflow/.local/lib/python3.6/site-packages/airflow/example_dags/example_skip_dag.py
[2021-07-01 10:14:03,911] {scheduler_job.py:633} INFO - Processing file /home/airflow/.local/lib/python3.6/site-packages/airflow/example_dags/example_skip_dag.py for tasks to queue
[2021-07-01 10:14:03,917] {logging_mixin.py:104} INFO - [2021-07-01 10:14:03,915] {dagbag.py:487} INFO - Filling up the DagBag from /home/airflow/.local/lib/python3.6/site-packages/airflow/example_dags/example_skip_dag.py
[2021-07-01 10:14:03,931] {scheduler_job.py:643} INFO - DAG(s) dict_keys(['example_skip_dag']) retrieved from /home/airflow/.local/lib/python3.6/site-packages/airflow/example_dags/example_skip_dag.py
[2021-07-01 10:14:03,953] {logging_mixin.py:104} INFO - [2021-07-01 10:14:03,953] {dag.py:1832} INFO - Sync 1 DAGs
[2021-07-01 10:14:03,969] {logging_mixin.py:104} INFO - [2021-07-01 10:14:03,969] {dag.py:2305} INFO - Setting next_dagrun for example_skip_dag to 2021-06-29 00:00:00+00:00
[2021-07-01 10:14:03,985] {scheduler_job.py:190} INFO - Processing /home/airflow/.local/lib/python3.6/site-packages/airflow/example_dags/example_skip_dag.py took 0.080 seconds
[2021-07-01 10:14:34,685] {scheduler_job.py:182} INFO - Started process (PID=350) to work on /home/airflow/.local/lib/python3.6/site-packages/airflow/example_dags/example_skip_dag.py
[2021-07-01 10:14:34,687] {scheduler_job.py:633} INFO - Processing file /home/airflow/.local/lib/python3.6/site-packages/airflow/example_dags/example_skip_dag.py for tasks to queue
[2021-07-01 10:14:34,688] {logging_mixin.py:104} INFO - [2021-07-01 10:14:34,688] {dagbag.py:487} INFO - Filling up the DagBag from /home/airflow/.local/lib/python3.6/site-packages/airflow/example_dags/example_skip_dag.py
[2021-07-01 10:14:34,700] {scheduler_job.py:643} INFO - DAG(s) dict_keys(['example_skip_dag']) retrieved from /home/airflow/.local/lib/python3.6/site-packages/airflow/example_dags/example_skip_dag.py
[2021-07-01 10:14:34,724] {logging_mixin.py:104} INFO - [2021-07-01 10:14:34,723] {dag.py:1832} INFO - Sync 1 DAGs
[2021-07-01 10:14:34,746] {logging_mixin.py:104} INFO - [2021-07-01 10:14:34,745] {dag.py:2305} INFO - Setting next_dagrun for example_skip_dag to 2021-06-29 00:00:00+00:00
[2021-07-01 10:14:34,756] {scheduler_job.py:190} INFO - Processing /home/airflow/.local/lib/python3.6/site-packages/airflow/example_dags/example_skip_dag.py took 0.076 seconds
[2021-07-01 10:15:04,865] {scheduler_job.py:182} INFO - Started process (PID=404) to work on /home/airflow/.local/lib/python3.6/site-packages/airflow/example_dags/example_skip_dag.py
[2021-07-01 10:15:04,869] {scheduler_job.py:633} INFO - Processing file /home/airflow/.local/lib/python3.6/site-packages/airflow/example_dags/example_skip_dag.py for tasks to queue
[2021-07-01 10:15:04,872] {logging_mixin.py:104} INFO - [2021-07-01 10:15:04,872] {dagbag.py:487} INFO - Filling up the DagBag from /home/airflow/.local/lib/python3.6/site-packages/airflow/example_dags/example_skip_dag.py
[2021-07-01 10:15:04,883] {scheduler_job.py:643} INFO - DAG(s) dict_keys(['example_skip_dag']) retrieved from /home/airflow/.local/lib/python3.6/site-packages/airflow/example_dags/example_skip_dag.py
[2021-07-01 10:15:04,909] {logging_mixin.py:104} INFO - [2021-07-01 10:15:04,909] {dag.py:1832} INFO - Sync 1 DAGs
[2021-07-01 10:15:04,924] {logging_mixin.py:104} INFO - [2021-07-01 10:15:04,924] {dag.py:2305} INFO - Setting next_dagrun for example_skip_dag to 2021-06-29 00:00:00+00:00
[2021-07-01 10:15:04,933] {scheduler_job.py:190} INFO - Processing /home/airflow/.local/lib/python3.6/site-packages/airflow/example_dags/example_skip_dag.py took 0.074 seconds
[2021-07-01 10:15:35,659] {scheduler_job.py:182} INFO - Started process (PID=471) to work on /home/airflow/.local/lib/python3.6/site-packages/airflow/example_dags/example_skip_dag.py
[2021-07-01 10:15:35,663] {scheduler_job.py:633} INFO - Processing file /home/airflow/.local/lib/python3.6/site-packages/airflow/example_dags/example_skip_dag.py for tasks to queue
[2021-07-01 10:15:35,664] {logging_mixin.py:104} INFO - [2021-07-01 10:15:35,664] {dagbag.py:487} INFO - Filling up the DagBag from /home/airflow/.local/lib/python3.6/site-packages/airflow/example_dags/example_skip_dag.py
[2021-07-01 10:15:35,678] {scheduler_job.py:643} INFO - DAG(s) dict_keys(['example_skip_dag']) retrieved from /home/airflow/.local/lib/python3.6/site-packages/airflow/example_dags/example_skip_dag.py
[2021-07-01 10:15:35,714] {logging_mixin.py:104} INFO - [2021-07-01 10:15:35,714] {dag.py:1832} INFO - Sync 1 DAGs
[2021-07-01 10:15:35,759] {logging_mixin.py:104} INFO - [2021-07-01 10:15:35,759] {dag.py:2305} INFO - Setting next_dagrun for example_skip_dag to 2021-06-29 00:00:00+00:00
[2021-07-01 10:15:35,772] {scheduler_job.py:190} INFO - Processing /home/airflow/.local/lib/python3.6/site-packages/airflow/example_dags/example_skip_dag.py took 0.122 seconds
[2021-07-01 10:16:06,630] {scheduler_job.py:182} INFO - Started process (PID=527) to work on /home/airflow/.local/lib/python3.6/site-packages/airflow/example_dags/example_skip_dag.py
[2021-07-01 10:16:06,633] {scheduler_job.py:633} INFO - Processing file /home/airflow/.local/lib/python3.6/site-packages/airflow/example_dags/example_skip_dag.py for tasks to queue
[2021-07-01 10:16:06,634] {logging_mixin.py:104} INFO - [2021-07-01 10:16:06,634] {dagbag.py:487} INFO - Filling up the DagBag from /home/airflow/.local/lib/python3.6/site-packages/airflow/example_dags/example_skip_dag.py
[2021-07-01 10:16:06,649] {scheduler_job.py:643} INFO - DAG(s) dict_keys(['example_skip_dag']) retrieved from /home/airflow/.local/lib/python3.6/site-packages/airflow/example_dags/example_skip_dag.py
[2021-07-01 10:16:06,675] {logging_mixin.py:104} INFO - [2021-07-01 10:16:06,675] {dag.py:1832} INFO - Sync 1 DAGs
[2021-07-01 10:16:06,694] {logging_mixin.py:104} INFO - [2021-07-01 10:16:06,694] {dag.py:2305} INFO - Setting next_dagrun for example_skip_dag to 2021-06-29 00:00:00+00:00
[2021-07-01 10:16:06,709] {scheduler_job.py:190} INFO - Processing /home/airflow/.local/lib/python3.6/site-packages/airflow/example_dags/example_skip_dag.py took 0.084 seconds
