[2021-07-01 10:12:02,532] {scheduler_job.py:182} INFO - Started process (PID=57) to work on /home/airflow/.local/lib/python3.6/site-packages/airflow/example_dags/example_latest_only.py
[2021-07-01 10:12:02,546] {scheduler_job.py:633} INFO - Processing file /home/airflow/.local/lib/python3.6/site-packages/airflow/example_dags/example_latest_only.py for tasks to queue
[2021-07-01 10:12:02,551] {logging_mixin.py:104} INFO - [2021-07-01 10:12:02,551] {dagbag.py:487} INFO - Filling up the DagBag from /home/airflow/.local/lib/python3.6/site-packages/airflow/example_dags/example_latest_only.py
[2021-07-01 10:12:02,619] {scheduler_job.py:643} INFO - DAG(s) dict_keys(['latest_only']) retrieved from /home/airflow/.local/lib/python3.6/site-packages/airflow/example_dags/example_latest_only.py
[2021-07-01 10:12:02,731] {logging_mixin.py:104} INFO - [2021-07-01 10:12:02,730] {dag.py:1832} INFO - Sync 1 DAGs
[2021-07-01 10:12:02,808] {logging_mixin.py:104} INFO - [2021-07-01 10:12:02,808] {dag.py:2305} INFO - Setting next_dagrun for latest_only to 2021-06-29 00:00:00+00:00
[2021-07-01 10:12:02,874] {scheduler_job.py:190} INFO - Processing /home/airflow/.local/lib/python3.6/site-packages/airflow/example_dags/example_latest_only.py took 0.363 seconds
[2021-07-01 10:12:33,464] {scheduler_job.py:182} INFO - Started process (PID=115) to work on /home/airflow/.local/lib/python3.6/site-packages/airflow/example_dags/example_latest_only.py
[2021-07-01 10:12:33,467] {scheduler_job.py:633} INFO - Processing file /home/airflow/.local/lib/python3.6/site-packages/airflow/example_dags/example_latest_only.py for tasks to queue
[2021-07-01 10:12:33,468] {logging_mixin.py:104} INFO - [2021-07-01 10:12:33,468] {dagbag.py:487} INFO - Filling up the DagBag from /home/airflow/.local/lib/python3.6/site-packages/airflow/example_dags/example_latest_only.py
[2021-07-01 10:12:33,488] {scheduler_job.py:643} INFO - DAG(s) dict_keys(['latest_only']) retrieved from /home/airflow/.local/lib/python3.6/site-packages/airflow/example_dags/example_latest_only.py
[2021-07-01 10:12:33,518] {logging_mixin.py:104} INFO - [2021-07-01 10:12:33,517] {dag.py:1832} INFO - Sync 1 DAGs
[2021-07-01 10:12:33,542] {logging_mixin.py:104} INFO - [2021-07-01 10:12:33,542] {dag.py:2305} INFO - Setting next_dagrun for latest_only to 2021-06-29 00:00:00+00:00
[2021-07-01 10:12:33,552] {scheduler_job.py:190} INFO - Processing /home/airflow/.local/lib/python3.6/site-packages/airflow/example_dags/example_latest_only.py took 0.094 seconds
[2021-07-01 10:13:04,664] {scheduler_job.py:182} INFO - Started process (PID=172) to work on /home/airflow/.local/lib/python3.6/site-packages/airflow/example_dags/example_latest_only.py
[2021-07-01 10:13:04,667] {scheduler_job.py:633} INFO - Processing file /home/airflow/.local/lib/python3.6/site-packages/airflow/example_dags/example_latest_only.py for tasks to queue
[2021-07-01 10:13:04,668] {logging_mixin.py:104} INFO - [2021-07-01 10:13:04,668] {dagbag.py:487} INFO - Filling up the DagBag from /home/airflow/.local/lib/python3.6/site-packages/airflow/example_dags/example_latest_only.py
[2021-07-01 10:13:04,688] {scheduler_job.py:643} INFO - DAG(s) dict_keys(['latest_only']) retrieved from /home/airflow/.local/lib/python3.6/site-packages/airflow/example_dags/example_latest_only.py
[2021-07-01 10:13:04,712] {logging_mixin.py:104} INFO - [2021-07-01 10:13:04,712] {dag.py:1832} INFO - Sync 1 DAGs
[2021-07-01 10:13:04,728] {logging_mixin.py:104} INFO - [2021-07-01 10:13:04,728] {dag.py:2305} INFO - Setting next_dagrun for latest_only to 2021-06-29 00:00:00+00:00
[2021-07-01 10:13:04,739] {scheduler_job.py:190} INFO - Processing /home/airflow/.local/lib/python3.6/site-packages/airflow/example_dags/example_latest_only.py took 0.078 seconds
[2021-07-01 10:13:35,860] {scheduler_job.py:182} INFO - Started process (PID=239) to work on /home/airflow/.local/lib/python3.6/site-packages/airflow/example_dags/example_latest_only.py
[2021-07-01 10:13:35,862] {scheduler_job.py:633} INFO - Processing file /home/airflow/.local/lib/python3.6/site-packages/airflow/example_dags/example_latest_only.py for tasks to queue
[2021-07-01 10:13:35,865] {logging_mixin.py:104} INFO - [2021-07-01 10:13:35,864] {dagbag.py:487} INFO - Filling up the DagBag from /home/airflow/.local/lib/python3.6/site-packages/airflow/example_dags/example_latest_only.py
[2021-07-01 10:13:35,879] {scheduler_job.py:643} INFO - DAG(s) dict_keys(['latest_only']) retrieved from /home/airflow/.local/lib/python3.6/site-packages/airflow/example_dags/example_latest_only.py
[2021-07-01 10:13:35,915] {logging_mixin.py:104} INFO - [2021-07-01 10:13:35,915] {dag.py:1832} INFO - Sync 1 DAGs
[2021-07-01 10:13:35,945] {logging_mixin.py:104} INFO - [2021-07-01 10:13:35,944] {dag.py:2305} INFO - Setting next_dagrun for latest_only to 2021-06-29 00:00:00+00:00
[2021-07-01 10:13:35,959] {scheduler_job.py:190} INFO - Processing /home/airflow/.local/lib/python3.6/site-packages/airflow/example_dags/example_latest_only.py took 0.107 seconds
[2021-07-01 10:14:06,957] {scheduler_job.py:182} INFO - Started process (PID=293) to work on /home/airflow/.local/lib/python3.6/site-packages/airflow/example_dags/example_latest_only.py
[2021-07-01 10:14:06,960] {scheduler_job.py:633} INFO - Processing file /home/airflow/.local/lib/python3.6/site-packages/airflow/example_dags/example_latest_only.py for tasks to queue
[2021-07-01 10:14:06,962] {logging_mixin.py:104} INFO - [2021-07-01 10:14:06,962] {dagbag.py:487} INFO - Filling up the DagBag from /home/airflow/.local/lib/python3.6/site-packages/airflow/example_dags/example_latest_only.py
[2021-07-01 10:14:06,977] {scheduler_job.py:643} INFO - DAG(s) dict_keys(['latest_only']) retrieved from /home/airflow/.local/lib/python3.6/site-packages/airflow/example_dags/example_latest_only.py
[2021-07-01 10:14:06,999] {logging_mixin.py:104} INFO - [2021-07-01 10:14:06,998] {dag.py:1832} INFO - Sync 1 DAGs
[2021-07-01 10:14:07,018] {logging_mixin.py:104} INFO - [2021-07-01 10:14:07,017] {dag.py:2305} INFO - Setting next_dagrun for latest_only to 2021-06-29 00:00:00+00:00
[2021-07-01 10:14:07,030] {scheduler_job.py:190} INFO - Processing /home/airflow/.local/lib/python3.6/site-packages/airflow/example_dags/example_latest_only.py took 0.080 seconds
[2021-07-01 10:14:37,525] {scheduler_job.py:182} INFO - Started process (PID=359) to work on /home/airflow/.local/lib/python3.6/site-packages/airflow/example_dags/example_latest_only.py
[2021-07-01 10:14:37,530] {scheduler_job.py:633} INFO - Processing file /home/airflow/.local/lib/python3.6/site-packages/airflow/example_dags/example_latest_only.py for tasks to queue
[2021-07-01 10:14:37,532] {logging_mixin.py:104} INFO - [2021-07-01 10:14:37,531] {dagbag.py:487} INFO - Filling up the DagBag from /home/airflow/.local/lib/python3.6/site-packages/airflow/example_dags/example_latest_only.py
[2021-07-01 10:14:37,565] {scheduler_job.py:643} INFO - DAG(s) dict_keys(['latest_only']) retrieved from /home/airflow/.local/lib/python3.6/site-packages/airflow/example_dags/example_latest_only.py
[2021-07-01 10:14:37,625] {logging_mixin.py:104} INFO - [2021-07-01 10:14:37,625] {dag.py:1832} INFO - Sync 1 DAGs
[2021-07-01 10:14:37,658] {logging_mixin.py:104} INFO - [2021-07-01 10:14:37,658] {dag.py:2305} INFO - Setting next_dagrun for latest_only to 2021-06-29 00:00:00+00:00
[2021-07-01 10:14:37,678] {scheduler_job.py:190} INFO - Processing /home/airflow/.local/lib/python3.6/site-packages/airflow/example_dags/example_latest_only.py took 0.162 seconds
[2021-07-01 10:15:08,731] {scheduler_job.py:182} INFO - Started process (PID=425) to work on /home/airflow/.local/lib/python3.6/site-packages/airflow/example_dags/example_latest_only.py
[2021-07-01 10:15:08,733] {scheduler_job.py:633} INFO - Processing file /home/airflow/.local/lib/python3.6/site-packages/airflow/example_dags/example_latest_only.py for tasks to queue
[2021-07-01 10:15:08,734] {logging_mixin.py:104} INFO - [2021-07-01 10:15:08,734] {dagbag.py:487} INFO - Filling up the DagBag from /home/airflow/.local/lib/python3.6/site-packages/airflow/example_dags/example_latest_only.py
[2021-07-01 10:15:08,747] {scheduler_job.py:643} INFO - DAG(s) dict_keys(['latest_only']) retrieved from /home/airflow/.local/lib/python3.6/site-packages/airflow/example_dags/example_latest_only.py
[2021-07-01 10:15:08,768] {logging_mixin.py:104} INFO - [2021-07-01 10:15:08,768] {dag.py:1832} INFO - Sync 1 DAGs
[2021-07-01 10:15:08,783] {logging_mixin.py:104} INFO - [2021-07-01 10:15:08,783] {dag.py:2305} INFO - Setting next_dagrun for latest_only to 2021-06-29 00:00:00+00:00
[2021-07-01 10:15:08,793] {scheduler_job.py:190} INFO - Processing /home/airflow/.local/lib/python3.6/site-packages/airflow/example_dags/example_latest_only.py took 0.071 seconds
[2021-07-01 10:15:39,496] {scheduler_job.py:182} INFO - Started process (PID=480) to work on /home/airflow/.local/lib/python3.6/site-packages/airflow/example_dags/example_latest_only.py
[2021-07-01 10:15:39,501] {scheduler_job.py:633} INFO - Processing file /home/airflow/.local/lib/python3.6/site-packages/airflow/example_dags/example_latest_only.py for tasks to queue
[2021-07-01 10:15:39,503] {logging_mixin.py:104} INFO - [2021-07-01 10:15:39,503] {dagbag.py:487} INFO - Filling up the DagBag from /home/airflow/.local/lib/python3.6/site-packages/airflow/example_dags/example_latest_only.py
[2021-07-01 10:15:39,537] {scheduler_job.py:643} INFO - DAG(s) dict_keys(['latest_only']) retrieved from /home/airflow/.local/lib/python3.6/site-packages/airflow/example_dags/example_latest_only.py
[2021-07-01 10:15:39,588] {logging_mixin.py:104} INFO - [2021-07-01 10:15:39,588] {dag.py:1832} INFO - Sync 1 DAGs
[2021-07-01 10:15:39,630] {logging_mixin.py:104} INFO - [2021-07-01 10:15:39,630] {dag.py:2305} INFO - Setting next_dagrun for latest_only to 2021-06-29 00:00:00+00:00
[2021-07-01 10:15:39,678] {scheduler_job.py:190} INFO - Processing /home/airflow/.local/lib/python3.6/site-packages/airflow/example_dags/example_latest_only.py took 0.190 seconds
[2021-07-01 10:16:09,823] {scheduler_job.py:182} INFO - Started process (PID=548) to work on /home/airflow/.local/lib/python3.6/site-packages/airflow/example_dags/example_latest_only.py
[2021-07-01 10:16:09,826] {scheduler_job.py:633} INFO - Processing file /home/airflow/.local/lib/python3.6/site-packages/airflow/example_dags/example_latest_only.py for tasks to queue
[2021-07-01 10:16:09,827] {logging_mixin.py:104} INFO - [2021-07-01 10:16:09,827] {dagbag.py:487} INFO - Filling up the DagBag from /home/airflow/.local/lib/python3.6/site-packages/airflow/example_dags/example_latest_only.py
[2021-07-01 10:16:09,840] {scheduler_job.py:643} INFO - DAG(s) dict_keys(['latest_only']) retrieved from /home/airflow/.local/lib/python3.6/site-packages/airflow/example_dags/example_latest_only.py
[2021-07-01 10:16:09,875] {logging_mixin.py:104} INFO - [2021-07-01 10:16:09,875] {dag.py:1832} INFO - Sync 1 DAGs
[2021-07-01 10:16:09,892] {logging_mixin.py:104} INFO - [2021-07-01 10:16:09,892] {dag.py:2305} INFO - Setting next_dagrun for latest_only to 2021-06-29 00:00:00+00:00
[2021-07-01 10:16:09,904] {scheduler_job.py:190} INFO - Processing /home/airflow/.local/lib/python3.6/site-packages/airflow/example_dags/example_latest_only.py took 0.084 seconds
