[2021-07-01 10:11:54,871] {scheduler_job.py:182} INFO - Started process (PID=26) to work on /home/airflow/.local/lib/python3.6/site-packages/airflow/example_dags/example_python_operator.py
[2021-07-01 10:11:54,880] {scheduler_job.py:633} INFO - Processing file /home/airflow/.local/lib/python3.6/site-packages/airflow/example_dags/example_python_operator.py for tasks to queue
[2021-07-01 10:11:54,886] {logging_mixin.py:104} INFO - [2021-07-01 10:11:54,885] {dagbag.py:487} INFO - Filling up the DagBag from /home/airflow/.local/lib/python3.6/site-packages/airflow/example_dags/example_python_operator.py
[2021-07-01 10:11:54,981] {scheduler_job.py:643} INFO - DAG(s) dict_keys(['example_python_operator']) retrieved from /home/airflow/.local/lib/python3.6/site-packages/airflow/example_dags/example_python_operator.py
[2021-07-01 10:11:55,060] {logging_mixin.py:104} INFO - [2021-07-01 10:11:55,060] {dag.py:1832} INFO - Sync 1 DAGs
[2021-07-01 10:11:55,125] {logging_mixin.py:104} INFO - [2021-07-01 10:11:55,125] {dag.py:2305} INFO - Setting next_dagrun for example_python_operator to None
[2021-07-01 10:11:55,157] {scheduler_job.py:190} INFO - Processing /home/airflow/.local/lib/python3.6/site-packages/airflow/example_dags/example_python_operator.py took 0.306 seconds
[2021-07-01 10:12:25,412] {scheduler_job.py:182} INFO - Started process (PID=82) to work on /home/airflow/.local/lib/python3.6/site-packages/airflow/example_dags/example_python_operator.py
[2021-07-01 10:12:25,429] {scheduler_job.py:633} INFO - Processing file /home/airflow/.local/lib/python3.6/site-packages/airflow/example_dags/example_python_operator.py for tasks to queue
[2021-07-01 10:12:25,431] {logging_mixin.py:104} INFO - [2021-07-01 10:12:25,431] {dagbag.py:487} INFO - Filling up the DagBag from /home/airflow/.local/lib/python3.6/site-packages/airflow/example_dags/example_python_operator.py
[2021-07-01 10:12:25,447] {scheduler_job.py:643} INFO - DAG(s) dict_keys(['example_python_operator']) retrieved from /home/airflow/.local/lib/python3.6/site-packages/airflow/example_dags/example_python_operator.py
[2021-07-01 10:12:25,472] {logging_mixin.py:104} INFO - [2021-07-01 10:12:25,472] {dag.py:1832} INFO - Sync 1 DAGs
[2021-07-01 10:12:25,489] {logging_mixin.py:104} INFO - [2021-07-01 10:12:25,489] {dag.py:2305} INFO - Setting next_dagrun for example_python_operator to None
[2021-07-01 10:12:25,502] {scheduler_job.py:190} INFO - Processing /home/airflow/.local/lib/python3.6/site-packages/airflow/example_dags/example_python_operator.py took 0.094 seconds
[2021-07-01 10:12:56,332] {scheduler_job.py:182} INFO - Started process (PID=151) to work on /home/airflow/.local/lib/python3.6/site-packages/airflow/example_dags/example_python_operator.py
[2021-07-01 10:12:56,334] {scheduler_job.py:633} INFO - Processing file /home/airflow/.local/lib/python3.6/site-packages/airflow/example_dags/example_python_operator.py for tasks to queue
[2021-07-01 10:12:56,337] {logging_mixin.py:104} INFO - [2021-07-01 10:12:56,336] {dagbag.py:487} INFO - Filling up the DagBag from /home/airflow/.local/lib/python3.6/site-packages/airflow/example_dags/example_python_operator.py
[2021-07-01 10:12:56,410] {scheduler_job.py:643} INFO - DAG(s) dict_keys(['example_python_operator']) retrieved from /home/airflow/.local/lib/python3.6/site-packages/airflow/example_dags/example_python_operator.py
[2021-07-01 10:12:56,474] {logging_mixin.py:104} INFO - [2021-07-01 10:12:56,474] {dag.py:1832} INFO - Sync 1 DAGs
[2021-07-01 10:12:56,527] {logging_mixin.py:104} INFO - [2021-07-01 10:12:56,527] {dag.py:2305} INFO - Setting next_dagrun for example_python_operator to None
[2021-07-01 10:12:56,557] {scheduler_job.py:190} INFO - Processing /home/airflow/.local/lib/python3.6/site-packages/airflow/example_dags/example_python_operator.py took 0.239 seconds
[2021-07-01 10:13:26,617] {scheduler_job.py:182} INFO - Started process (PID=207) to work on /home/airflow/.local/lib/python3.6/site-packages/airflow/example_dags/example_python_operator.py
[2021-07-01 10:13:26,619] {scheduler_job.py:633} INFO - Processing file /home/airflow/.local/lib/python3.6/site-packages/airflow/example_dags/example_python_operator.py for tasks to queue
[2021-07-01 10:13:26,620] {logging_mixin.py:104} INFO - [2021-07-01 10:13:26,620] {dagbag.py:487} INFO - Filling up the DagBag from /home/airflow/.local/lib/python3.6/site-packages/airflow/example_dags/example_python_operator.py
[2021-07-01 10:13:26,633] {scheduler_job.py:643} INFO - DAG(s) dict_keys(['example_python_operator']) retrieved from /home/airflow/.local/lib/python3.6/site-packages/airflow/example_dags/example_python_operator.py
[2021-07-01 10:13:26,654] {logging_mixin.py:104} INFO - [2021-07-01 10:13:26,654] {dag.py:1832} INFO - Sync 1 DAGs
[2021-07-01 10:13:26,668] {logging_mixin.py:104} INFO - [2021-07-01 10:13:26,668] {dag.py:2305} INFO - Setting next_dagrun for example_python_operator to None
[2021-07-01 10:13:26,680] {scheduler_job.py:190} INFO - Processing /home/airflow/.local/lib/python3.6/site-packages/airflow/example_dags/example_python_operator.py took 0.066 seconds
[2021-07-01 10:13:56,787] {scheduler_job.py:182} INFO - Started process (PID=270) to work on /home/airflow/.local/lib/python3.6/site-packages/airflow/example_dags/example_python_operator.py
[2021-07-01 10:13:56,789] {scheduler_job.py:633} INFO - Processing file /home/airflow/.local/lib/python3.6/site-packages/airflow/example_dags/example_python_operator.py for tasks to queue
[2021-07-01 10:13:56,791] {logging_mixin.py:104} INFO - [2021-07-01 10:13:56,790] {dagbag.py:487} INFO - Filling up the DagBag from /home/airflow/.local/lib/python3.6/site-packages/airflow/example_dags/example_python_operator.py
[2021-07-01 10:13:56,805] {scheduler_job.py:643} INFO - DAG(s) dict_keys(['example_python_operator']) retrieved from /home/airflow/.local/lib/python3.6/site-packages/airflow/example_dags/example_python_operator.py
[2021-07-01 10:13:56,840] {logging_mixin.py:104} INFO - [2021-07-01 10:13:56,840] {dag.py:1832} INFO - Sync 1 DAGs
[2021-07-01 10:13:56,863] {logging_mixin.py:104} INFO - [2021-07-01 10:13:56,863] {dag.py:2305} INFO - Setting next_dagrun for example_python_operator to None
[2021-07-01 10:13:56,880] {scheduler_job.py:190} INFO - Processing /home/airflow/.local/lib/python3.6/site-packages/airflow/example_dags/example_python_operator.py took 0.097 seconds
[2021-07-01 10:14:27,686] {scheduler_job.py:182} INFO - Started process (PID=328) to work on /home/airflow/.local/lib/python3.6/site-packages/airflow/example_dags/example_python_operator.py
[2021-07-01 10:14:27,689] {scheduler_job.py:633} INFO - Processing file /home/airflow/.local/lib/python3.6/site-packages/airflow/example_dags/example_python_operator.py for tasks to queue
[2021-07-01 10:14:27,690] {logging_mixin.py:104} INFO - [2021-07-01 10:14:27,690] {dagbag.py:487} INFO - Filling up the DagBag from /home/airflow/.local/lib/python3.6/site-packages/airflow/example_dags/example_python_operator.py
[2021-07-01 10:14:27,717] {scheduler_job.py:643} INFO - DAG(s) dict_keys(['example_python_operator']) retrieved from /home/airflow/.local/lib/python3.6/site-packages/airflow/example_dags/example_python_operator.py
[2021-07-01 10:14:27,782] {logging_mixin.py:104} INFO - [2021-07-01 10:14:27,782] {dag.py:1832} INFO - Sync 1 DAGs
[2021-07-01 10:14:27,872] {logging_mixin.py:104} INFO - [2021-07-01 10:14:27,872] {dag.py:2305} INFO - Setting next_dagrun for example_python_operator to None
[2021-07-01 10:14:27,917] {scheduler_job.py:190} INFO - Processing /home/airflow/.local/lib/python3.6/site-packages/airflow/example_dags/example_python_operator.py took 0.235 seconds
[2021-07-01 10:14:58,172] {scheduler_job.py:182} INFO - Started process (PID=394) to work on /home/airflow/.local/lib/python3.6/site-packages/airflow/example_dags/example_python_operator.py
[2021-07-01 10:14:58,175] {scheduler_job.py:633} INFO - Processing file /home/airflow/.local/lib/python3.6/site-packages/airflow/example_dags/example_python_operator.py for tasks to queue
[2021-07-01 10:14:58,176] {logging_mixin.py:104} INFO - [2021-07-01 10:14:58,176] {dagbag.py:487} INFO - Filling up the DagBag from /home/airflow/.local/lib/python3.6/site-packages/airflow/example_dags/example_python_operator.py
[2021-07-01 10:14:58,198] {scheduler_job.py:643} INFO - DAG(s) dict_keys(['example_python_operator']) retrieved from /home/airflow/.local/lib/python3.6/site-packages/airflow/example_dags/example_python_operator.py
[2021-07-01 10:14:58,221] {logging_mixin.py:104} INFO - [2021-07-01 10:14:58,221] {dag.py:1832} INFO - Sync 1 DAGs
[2021-07-01 10:14:58,240] {logging_mixin.py:104} INFO - [2021-07-01 10:14:58,240] {dag.py:2305} INFO - Setting next_dagrun for example_python_operator to None
[2021-07-01 10:14:58,251] {scheduler_job.py:190} INFO - Processing /home/airflow/.local/lib/python3.6/site-packages/airflow/example_dags/example_python_operator.py took 0.082 seconds
[2021-07-01 10:15:28,637] {scheduler_job.py:182} INFO - Started process (PID=449) to work on /home/airflow/.local/lib/python3.6/site-packages/airflow/example_dags/example_python_operator.py
[2021-07-01 10:15:28,640] {scheduler_job.py:633} INFO - Processing file /home/airflow/.local/lib/python3.6/site-packages/airflow/example_dags/example_python_operator.py for tasks to queue
[2021-07-01 10:15:28,641] {logging_mixin.py:104} INFO - [2021-07-01 10:15:28,641] {dagbag.py:487} INFO - Filling up the DagBag from /home/airflow/.local/lib/python3.6/site-packages/airflow/example_dags/example_python_operator.py
[2021-07-01 10:15:28,658] {scheduler_job.py:643} INFO - DAG(s) dict_keys(['example_python_operator']) retrieved from /home/airflow/.local/lib/python3.6/site-packages/airflow/example_dags/example_python_operator.py
[2021-07-01 10:15:28,681] {logging_mixin.py:104} INFO - [2021-07-01 10:15:28,681] {dag.py:1832} INFO - Sync 1 DAGs
[2021-07-01 10:15:28,706] {logging_mixin.py:104} INFO - [2021-07-01 10:15:28,706] {dag.py:2305} INFO - Setting next_dagrun for example_python_operator to None
[2021-07-01 10:15:28,719] {scheduler_job.py:190} INFO - Processing /home/airflow/.local/lib/python3.6/site-packages/airflow/example_dags/example_python_operator.py took 0.087 seconds
[2021-07-01 10:15:58,814] {scheduler_job.py:182} INFO - Started process (PID=516) to work on /home/airflow/.local/lib/python3.6/site-packages/airflow/example_dags/example_python_operator.py
[2021-07-01 10:15:58,819] {scheduler_job.py:633} INFO - Processing file /home/airflow/.local/lib/python3.6/site-packages/airflow/example_dags/example_python_operator.py for tasks to queue
[2021-07-01 10:15:58,821] {logging_mixin.py:104} INFO - [2021-07-01 10:15:58,821] {dagbag.py:487} INFO - Filling up the DagBag from /home/airflow/.local/lib/python3.6/site-packages/airflow/example_dags/example_python_operator.py
[2021-07-01 10:15:58,862] {scheduler_job.py:643} INFO - DAG(s) dict_keys(['example_python_operator']) retrieved from /home/airflow/.local/lib/python3.6/site-packages/airflow/example_dags/example_python_operator.py
[2021-07-01 10:15:58,896] {logging_mixin.py:104} INFO - [2021-07-01 10:15:58,896] {dag.py:1832} INFO - Sync 1 DAGs
[2021-07-01 10:15:58,923] {logging_mixin.py:104} INFO - [2021-07-01 10:15:58,923] {dag.py:2305} INFO - Setting next_dagrun for example_python_operator to None
[2021-07-01 10:15:58,944] {scheduler_job.py:190} INFO - Processing /home/airflow/.local/lib/python3.6/site-packages/airflow/example_dags/example_python_operator.py took 0.133 seconds
