[2021-07-01 10:11:58,733] {scheduler_job.py:182} INFO - Started process (PID=45) to work on /home/airflow/.local/lib/python3.6/site-packages/airflow/example_dags/example_trigger_target_dag.py
[2021-07-01 10:11:58,742] {scheduler_job.py:633} INFO - Processing file /home/airflow/.local/lib/python3.6/site-packages/airflow/example_dags/example_trigger_target_dag.py for tasks to queue
[2021-07-01 10:11:58,754] {logging_mixin.py:104} INFO - [2021-07-01 10:11:58,744] {dagbag.py:487} INFO - Filling up the DagBag from /home/airflow/.local/lib/python3.6/site-packages/airflow/example_dags/example_trigger_target_dag.py
[2021-07-01 10:11:58,893] {scheduler_job.py:643} INFO - DAG(s) dict_keys(['example_trigger_target_dag']) retrieved from /home/airflow/.local/lib/python3.6/site-packages/airflow/example_dags/example_trigger_target_dag.py
[2021-07-01 10:11:58,985] {logging_mixin.py:104} INFO - [2021-07-01 10:11:58,983] {dag.py:1832} INFO - Sync 1 DAGs
[2021-07-01 10:11:59,064] {logging_mixin.py:104} INFO - [2021-07-01 10:11:59,063] {dag.py:2305} INFO - Setting next_dagrun for example_trigger_target_dag to None
[2021-07-01 10:11:59,095] {scheduler_job.py:190} INFO - Processing /home/airflow/.local/lib/python3.6/site-packages/airflow/example_dags/example_trigger_target_dag.py took 0.387 seconds
[2021-07-01 10:12:29,804] {scheduler_job.py:182} INFO - Started process (PID=103) to work on /home/airflow/.local/lib/python3.6/site-packages/airflow/example_dags/example_trigger_target_dag.py
[2021-07-01 10:12:29,813] {scheduler_job.py:633} INFO - Processing file /home/airflow/.local/lib/python3.6/site-packages/airflow/example_dags/example_trigger_target_dag.py for tasks to queue
[2021-07-01 10:12:29,819] {logging_mixin.py:104} INFO - [2021-07-01 10:12:29,818] {dagbag.py:487} INFO - Filling up the DagBag from /home/airflow/.local/lib/python3.6/site-packages/airflow/example_dags/example_trigger_target_dag.py
[2021-07-01 10:12:29,871] {scheduler_job.py:643} INFO - DAG(s) dict_keys(['example_trigger_target_dag']) retrieved from /home/airflow/.local/lib/python3.6/site-packages/airflow/example_dags/example_trigger_target_dag.py
[2021-07-01 10:12:29,926] {logging_mixin.py:104} INFO - [2021-07-01 10:12:29,926] {dag.py:1832} INFO - Sync 1 DAGs
[2021-07-01 10:12:29,962] {logging_mixin.py:104} INFO - [2021-07-01 10:12:29,962] {dag.py:2305} INFO - Setting next_dagrun for example_trigger_target_dag to None
[2021-07-01 10:12:29,989] {scheduler_job.py:190} INFO - Processing /home/airflow/.local/lib/python3.6/site-packages/airflow/example_dags/example_trigger_target_dag.py took 0.197 seconds
[2021-07-01 10:13:00,105] {scheduler_job.py:182} INFO - Started process (PID=160) to work on /home/airflow/.local/lib/python3.6/site-packages/airflow/example_dags/example_trigger_target_dag.py
[2021-07-01 10:13:00,107] {scheduler_job.py:633} INFO - Processing file /home/airflow/.local/lib/python3.6/site-packages/airflow/example_dags/example_trigger_target_dag.py for tasks to queue
[2021-07-01 10:13:00,108] {logging_mixin.py:104} INFO - [2021-07-01 10:13:00,108] {dagbag.py:487} INFO - Filling up the DagBag from /home/airflow/.local/lib/python3.6/site-packages/airflow/example_dags/example_trigger_target_dag.py
[2021-07-01 10:13:00,122] {scheduler_job.py:643} INFO - DAG(s) dict_keys(['example_trigger_target_dag']) retrieved from /home/airflow/.local/lib/python3.6/site-packages/airflow/example_dags/example_trigger_target_dag.py
[2021-07-01 10:13:00,140] {logging_mixin.py:104} INFO - [2021-07-01 10:13:00,140] {dag.py:1832} INFO - Sync 1 DAGs
[2021-07-01 10:13:00,154] {logging_mixin.py:104} INFO - [2021-07-01 10:13:00,154] {dag.py:2305} INFO - Setting next_dagrun for example_trigger_target_dag to None
[2021-07-01 10:13:00,162] {scheduler_job.py:190} INFO - Processing /home/airflow/.local/lib/python3.6/site-packages/airflow/example_dags/example_trigger_target_dag.py took 0.061 seconds
[2021-07-01 10:13:30,400] {scheduler_job.py:182} INFO - Started process (PID=216) to work on /home/airflow/.local/lib/python3.6/site-packages/airflow/example_dags/example_trigger_target_dag.py
[2021-07-01 10:13:30,402] {scheduler_job.py:633} INFO - Processing file /home/airflow/.local/lib/python3.6/site-packages/airflow/example_dags/example_trigger_target_dag.py for tasks to queue
[2021-07-01 10:13:30,404] {logging_mixin.py:104} INFO - [2021-07-01 10:13:30,404] {dagbag.py:487} INFO - Filling up the DagBag from /home/airflow/.local/lib/python3.6/site-packages/airflow/example_dags/example_trigger_target_dag.py
[2021-07-01 10:13:30,424] {scheduler_job.py:643} INFO - DAG(s) dict_keys(['example_trigger_target_dag']) retrieved from /home/airflow/.local/lib/python3.6/site-packages/airflow/example_dags/example_trigger_target_dag.py
[2021-07-01 10:13:30,448] {logging_mixin.py:104} INFO - [2021-07-01 10:13:30,448] {dag.py:1832} INFO - Sync 1 DAGs
[2021-07-01 10:13:30,479] {logging_mixin.py:104} INFO - [2021-07-01 10:13:30,479] {dag.py:2305} INFO - Setting next_dagrun for example_trigger_target_dag to None
[2021-07-01 10:13:30,489] {scheduler_job.py:190} INFO - Processing /home/airflow/.local/lib/python3.6/site-packages/airflow/example_dags/example_trigger_target_dag.py took 0.094 seconds
[2021-07-01 10:14:00,761] {scheduler_job.py:182} INFO - Started process (PID=281) to work on /home/airflow/.local/lib/python3.6/site-packages/airflow/example_dags/example_trigger_target_dag.py
[2021-07-01 10:14:00,763] {scheduler_job.py:633} INFO - Processing file /home/airflow/.local/lib/python3.6/site-packages/airflow/example_dags/example_trigger_target_dag.py for tasks to queue
[2021-07-01 10:14:00,773] {logging_mixin.py:104} INFO - [2021-07-01 10:14:00,772] {dagbag.py:487} INFO - Filling up the DagBag from /home/airflow/.local/lib/python3.6/site-packages/airflow/example_dags/example_trigger_target_dag.py
[2021-07-01 10:14:00,801] {scheduler_job.py:643} INFO - DAG(s) dict_keys(['example_trigger_target_dag']) retrieved from /home/airflow/.local/lib/python3.6/site-packages/airflow/example_dags/example_trigger_target_dag.py
[2021-07-01 10:14:00,850] {logging_mixin.py:104} INFO - [2021-07-01 10:14:00,850] {dag.py:1832} INFO - Sync 1 DAGs
[2021-07-01 10:14:00,867] {logging_mixin.py:104} INFO - [2021-07-01 10:14:00,867] {dag.py:2305} INFO - Setting next_dagrun for example_trigger_target_dag to None
[2021-07-01 10:14:00,877] {scheduler_job.py:190} INFO - Processing /home/airflow/.local/lib/python3.6/site-packages/airflow/example_dags/example_trigger_target_dag.py took 0.121 seconds
[2021-07-01 10:14:31,513] {scheduler_job.py:182} INFO - Started process (PID=337) to work on /home/airflow/.local/lib/python3.6/site-packages/airflow/example_dags/example_trigger_target_dag.py
[2021-07-01 10:14:31,517] {scheduler_job.py:633} INFO - Processing file /home/airflow/.local/lib/python3.6/site-packages/airflow/example_dags/example_trigger_target_dag.py for tasks to queue
[2021-07-01 10:14:31,520] {logging_mixin.py:104} INFO - [2021-07-01 10:14:31,520] {dagbag.py:487} INFO - Filling up the DagBag from /home/airflow/.local/lib/python3.6/site-packages/airflow/example_dags/example_trigger_target_dag.py
[2021-07-01 10:14:31,555] {scheduler_job.py:643} INFO - DAG(s) dict_keys(['example_trigger_target_dag']) retrieved from /home/airflow/.local/lib/python3.6/site-packages/airflow/example_dags/example_trigger_target_dag.py
[2021-07-01 10:14:31,598] {logging_mixin.py:104} INFO - [2021-07-01 10:14:31,598] {dag.py:1832} INFO - Sync 1 DAGs
[2021-07-01 10:14:31,615] {logging_mixin.py:104} INFO - [2021-07-01 10:14:31,615] {dag.py:2305} INFO - Setting next_dagrun for example_trigger_target_dag to None
[2021-07-01 10:14:31,626] {scheduler_job.py:190} INFO - Processing /home/airflow/.local/lib/python3.6/site-packages/airflow/example_dags/example_trigger_target_dag.py took 0.117 seconds
[2021-07-01 10:15:01,669] {scheduler_job.py:182} INFO - Started process (PID=401) to work on /home/airflow/.local/lib/python3.6/site-packages/airflow/example_dags/example_trigger_target_dag.py
[2021-07-01 10:15:01,672] {scheduler_job.py:633} INFO - Processing file /home/airflow/.local/lib/python3.6/site-packages/airflow/example_dags/example_trigger_target_dag.py for tasks to queue
[2021-07-01 10:15:01,674] {logging_mixin.py:104} INFO - [2021-07-01 10:15:01,673] {dagbag.py:487} INFO - Filling up the DagBag from /home/airflow/.local/lib/python3.6/site-packages/airflow/example_dags/example_trigger_target_dag.py
[2021-07-01 10:15:01,710] {scheduler_job.py:643} INFO - DAG(s) dict_keys(['example_trigger_target_dag']) retrieved from /home/airflow/.local/lib/python3.6/site-packages/airflow/example_dags/example_trigger_target_dag.py
[2021-07-01 10:15:01,763] {logging_mixin.py:104} INFO - [2021-07-01 10:15:01,763] {dag.py:1832} INFO - Sync 1 DAGs
[2021-07-01 10:15:01,812] {logging_mixin.py:104} INFO - [2021-07-01 10:15:01,812] {dag.py:2305} INFO - Setting next_dagrun for example_trigger_target_dag to None
[2021-07-01 10:15:01,821] {scheduler_job.py:190} INFO - Processing /home/airflow/.local/lib/python3.6/site-packages/airflow/example_dags/example_trigger_target_dag.py took 0.158 seconds
[2021-07-01 10:15:32,352] {scheduler_job.py:182} INFO - Started process (PID=467) to work on /home/airflow/.local/lib/python3.6/site-packages/airflow/example_dags/example_trigger_target_dag.py
[2021-07-01 10:15:32,360] {scheduler_job.py:633} INFO - Processing file /home/airflow/.local/lib/python3.6/site-packages/airflow/example_dags/example_trigger_target_dag.py for tasks to queue
[2021-07-01 10:15:32,363] {logging_mixin.py:104} INFO - [2021-07-01 10:15:32,363] {dagbag.py:487} INFO - Filling up the DagBag from /home/airflow/.local/lib/python3.6/site-packages/airflow/example_dags/example_trigger_target_dag.py
[2021-07-01 10:15:32,422] {scheduler_job.py:643} INFO - DAG(s) dict_keys(['example_trigger_target_dag']) retrieved from /home/airflow/.local/lib/python3.6/site-packages/airflow/example_dags/example_trigger_target_dag.py
[2021-07-01 10:15:32,499] {logging_mixin.py:104} INFO - [2021-07-01 10:15:32,499] {dag.py:1832} INFO - Sync 1 DAGs
[2021-07-01 10:15:32,549] {logging_mixin.py:104} INFO - [2021-07-01 10:15:32,548] {dag.py:2305} INFO - Setting next_dagrun for example_trigger_target_dag to None
[2021-07-01 10:15:32,588] {scheduler_job.py:190} INFO - Processing /home/airflow/.local/lib/python3.6/site-packages/airflow/example_dags/example_trigger_target_dag.py took 0.250 seconds
[2021-07-01 10:16:03,420] {scheduler_job.py:182} INFO - Started process (PID=524) to work on /home/airflow/.local/lib/python3.6/site-packages/airflow/example_dags/example_trigger_target_dag.py
[2021-07-01 10:16:03,425] {scheduler_job.py:633} INFO - Processing file /home/airflow/.local/lib/python3.6/site-packages/airflow/example_dags/example_trigger_target_dag.py for tasks to queue
[2021-07-01 10:16:03,426] {logging_mixin.py:104} INFO - [2021-07-01 10:16:03,426] {dagbag.py:487} INFO - Filling up the DagBag from /home/airflow/.local/lib/python3.6/site-packages/airflow/example_dags/example_trigger_target_dag.py
[2021-07-01 10:16:03,486] {scheduler_job.py:643} INFO - DAG(s) dict_keys(['example_trigger_target_dag']) retrieved from /home/airflow/.local/lib/python3.6/site-packages/airflow/example_dags/example_trigger_target_dag.py
[2021-07-01 10:16:03,531] {logging_mixin.py:104} INFO - [2021-07-01 10:16:03,531] {dag.py:1832} INFO - Sync 1 DAGs
[2021-07-01 10:16:03,559] {logging_mixin.py:104} INFO - [2021-07-01 10:16:03,559] {dag.py:2305} INFO - Setting next_dagrun for example_trigger_target_dag to None
[2021-07-01 10:16:03,583] {scheduler_job.py:190} INFO - Processing /home/airflow/.local/lib/python3.6/site-packages/airflow/example_dags/example_trigger_target_dag.py took 0.171 seconds
