[2021-07-01 10:11:56,626] {scheduler_job.py:182} INFO - Started process (PID=30) to work on /home/airflow/.local/lib/python3.6/site-packages/airflow/example_dags/example_task_group.py
[2021-07-01 10:11:56,639] {scheduler_job.py:633} INFO - Processing file /home/airflow/.local/lib/python3.6/site-packages/airflow/example_dags/example_task_group.py for tasks to queue
[2021-07-01 10:11:56,647] {logging_mixin.py:104} INFO - [2021-07-01 10:11:56,647] {dagbag.py:487} INFO - Filling up the DagBag from /home/airflow/.local/lib/python3.6/site-packages/airflow/example_dags/example_task_group.py
[2021-07-01 10:11:56,733] {scheduler_job.py:643} INFO - DAG(s) dict_keys(['example_task_group']) retrieved from /home/airflow/.local/lib/python3.6/site-packages/airflow/example_dags/example_task_group.py
[2021-07-01 10:11:56,809] {logging_mixin.py:104} INFO - [2021-07-01 10:11:56,808] {dag.py:1832} INFO - Sync 1 DAGs
[2021-07-01 10:11:56,933] {logging_mixin.py:104} INFO - [2021-07-01 10:11:56,933] {dag.py:2305} INFO - Setting next_dagrun for example_task_group to 2021-06-29 00:00:00+00:00
[2021-07-01 10:11:57,003] {scheduler_job.py:190} INFO - Processing /home/airflow/.local/lib/python3.6/site-packages/airflow/example_dags/example_task_group.py took 0.397 seconds
[2021-07-01 10:12:27,389] {scheduler_job.py:182} INFO - Started process (PID=86) to work on /home/airflow/.local/lib/python3.6/site-packages/airflow/example_dags/example_task_group.py
[2021-07-01 10:12:27,391] {scheduler_job.py:633} INFO - Processing file /home/airflow/.local/lib/python3.6/site-packages/airflow/example_dags/example_task_group.py for tasks to queue
[2021-07-01 10:12:27,393] {logging_mixin.py:104} INFO - [2021-07-01 10:12:27,393] {dagbag.py:487} INFO - Filling up the DagBag from /home/airflow/.local/lib/python3.6/site-packages/airflow/example_dags/example_task_group.py
[2021-07-01 10:12:27,412] {scheduler_job.py:643} INFO - DAG(s) dict_keys(['example_task_group']) retrieved from /home/airflow/.local/lib/python3.6/site-packages/airflow/example_dags/example_task_group.py
[2021-07-01 10:12:27,432] {logging_mixin.py:104} INFO - [2021-07-01 10:12:27,432] {dag.py:1832} INFO - Sync 1 DAGs
[2021-07-01 10:12:27,450] {logging_mixin.py:104} INFO - [2021-07-01 10:12:27,450] {dag.py:2305} INFO - Setting next_dagrun for example_task_group to 2021-06-29 00:00:00+00:00
[2021-07-01 10:12:27,466] {scheduler_job.py:190} INFO - Processing /home/airflow/.local/lib/python3.6/site-packages/airflow/example_dags/example_task_group.py took 0.084 seconds
[2021-07-01 10:12:57,813] {scheduler_job.py:182} INFO - Started process (PID=156) to work on /home/airflow/.local/lib/python3.6/site-packages/airflow/example_dags/example_task_group.py
[2021-07-01 10:12:57,815] {scheduler_job.py:633} INFO - Processing file /home/airflow/.local/lib/python3.6/site-packages/airflow/example_dags/example_task_group.py for tasks to queue
[2021-07-01 10:12:57,817] {logging_mixin.py:104} INFO - [2021-07-01 10:12:57,817] {dagbag.py:487} INFO - Filling up the DagBag from /home/airflow/.local/lib/python3.6/site-packages/airflow/example_dags/example_task_group.py
[2021-07-01 10:12:57,832] {scheduler_job.py:643} INFO - DAG(s) dict_keys(['example_task_group']) retrieved from /home/airflow/.local/lib/python3.6/site-packages/airflow/example_dags/example_task_group.py
[2021-07-01 10:12:57,853] {logging_mixin.py:104} INFO - [2021-07-01 10:12:57,853] {dag.py:1832} INFO - Sync 1 DAGs
[2021-07-01 10:12:57,869] {logging_mixin.py:104} INFO - [2021-07-01 10:12:57,869] {dag.py:2305} INFO - Setting next_dagrun for example_task_group to 2021-06-29 00:00:00+00:00
[2021-07-01 10:12:57,878] {scheduler_job.py:190} INFO - Processing /home/airflow/.local/lib/python3.6/site-packages/airflow/example_dags/example_task_group.py took 0.068 seconds
[2021-07-01 10:13:28,148] {scheduler_job.py:182} INFO - Started process (PID=211) to work on /home/airflow/.local/lib/python3.6/site-packages/airflow/example_dags/example_task_group.py
[2021-07-01 10:13:28,152] {scheduler_job.py:633} INFO - Processing file /home/airflow/.local/lib/python3.6/site-packages/airflow/example_dags/example_task_group.py for tasks to queue
[2021-07-01 10:13:28,155] {logging_mixin.py:104} INFO - [2021-07-01 10:13:28,155] {dagbag.py:487} INFO - Filling up the DagBag from /home/airflow/.local/lib/python3.6/site-packages/airflow/example_dags/example_task_group.py
[2021-07-01 10:13:28,176] {scheduler_job.py:643} INFO - DAG(s) dict_keys(['example_task_group']) retrieved from /home/airflow/.local/lib/python3.6/site-packages/airflow/example_dags/example_task_group.py
[2021-07-01 10:13:28,210] {logging_mixin.py:104} INFO - [2021-07-01 10:13:28,210] {dag.py:1832} INFO - Sync 1 DAGs
[2021-07-01 10:13:28,232] {logging_mixin.py:104} INFO - [2021-07-01 10:13:28,232] {dag.py:2305} INFO - Setting next_dagrun for example_task_group to 2021-06-29 00:00:00+00:00
[2021-07-01 10:13:28,244] {scheduler_job.py:190} INFO - Processing /home/airflow/.local/lib/python3.6/site-packages/airflow/example_dags/example_task_group.py took 0.101 seconds
[2021-07-01 10:13:59,531] {scheduler_job.py:182} INFO - Started process (PID=277) to work on /home/airflow/.local/lib/python3.6/site-packages/airflow/example_dags/example_task_group.py
[2021-07-01 10:13:59,541] {scheduler_job.py:633} INFO - Processing file /home/airflow/.local/lib/python3.6/site-packages/airflow/example_dags/example_task_group.py for tasks to queue
[2021-07-01 10:13:59,543] {logging_mixin.py:104} INFO - [2021-07-01 10:13:59,543] {dagbag.py:487} INFO - Filling up the DagBag from /home/airflow/.local/lib/python3.6/site-packages/airflow/example_dags/example_task_group.py
[2021-07-01 10:13:59,563] {scheduler_job.py:643} INFO - DAG(s) dict_keys(['example_task_group']) retrieved from /home/airflow/.local/lib/python3.6/site-packages/airflow/example_dags/example_task_group.py
[2021-07-01 10:13:59,650] {logging_mixin.py:104} INFO - [2021-07-01 10:13:59,650] {dag.py:1832} INFO - Sync 1 DAGs
[2021-07-01 10:13:59,688] {logging_mixin.py:104} INFO - [2021-07-01 10:13:59,688] {dag.py:2305} INFO - Setting next_dagrun for example_task_group to 2021-06-29 00:00:00+00:00
[2021-07-01 10:13:59,699] {scheduler_job.py:190} INFO - Processing /home/airflow/.local/lib/python3.6/site-packages/airflow/example_dags/example_task_group.py took 0.172 seconds
[2021-07-01 10:14:30,258] {scheduler_job.py:182} INFO - Started process (PID=333) to work on /home/airflow/.local/lib/python3.6/site-packages/airflow/example_dags/example_task_group.py
[2021-07-01 10:14:30,260] {scheduler_job.py:633} INFO - Processing file /home/airflow/.local/lib/python3.6/site-packages/airflow/example_dags/example_task_group.py for tasks to queue
[2021-07-01 10:14:30,262] {logging_mixin.py:104} INFO - [2021-07-01 10:14:30,262] {dagbag.py:487} INFO - Filling up the DagBag from /home/airflow/.local/lib/python3.6/site-packages/airflow/example_dags/example_task_group.py
[2021-07-01 10:14:30,277] {scheduler_job.py:643} INFO - DAG(s) dict_keys(['example_task_group']) retrieved from /home/airflow/.local/lib/python3.6/site-packages/airflow/example_dags/example_task_group.py
[2021-07-01 10:14:30,297] {logging_mixin.py:104} INFO - [2021-07-01 10:14:30,297] {dag.py:1832} INFO - Sync 1 DAGs
[2021-07-01 10:14:30,312] {logging_mixin.py:104} INFO - [2021-07-01 10:14:30,312] {dag.py:2305} INFO - Setting next_dagrun for example_task_group to 2021-06-29 00:00:00+00:00
[2021-07-01 10:14:30,321] {scheduler_job.py:190} INFO - Processing /home/airflow/.local/lib/python3.6/site-packages/airflow/example_dags/example_task_group.py took 0.068 seconds
[2021-07-01 10:15:00,374] {scheduler_job.py:182} INFO - Started process (PID=397) to work on /home/airflow/.local/lib/python3.6/site-packages/airflow/example_dags/example_task_group.py
[2021-07-01 10:15:00,377] {scheduler_job.py:633} INFO - Processing file /home/airflow/.local/lib/python3.6/site-packages/airflow/example_dags/example_task_group.py for tasks to queue
[2021-07-01 10:15:00,378] {logging_mixin.py:104} INFO - [2021-07-01 10:15:00,378] {dagbag.py:487} INFO - Filling up the DagBag from /home/airflow/.local/lib/python3.6/site-packages/airflow/example_dags/example_task_group.py
[2021-07-01 10:15:00,395] {scheduler_job.py:643} INFO - DAG(s) dict_keys(['example_task_group']) retrieved from /home/airflow/.local/lib/python3.6/site-packages/airflow/example_dags/example_task_group.py
[2021-07-01 10:15:00,422] {logging_mixin.py:104} INFO - [2021-07-01 10:15:00,422] {dag.py:1832} INFO - Sync 1 DAGs
[2021-07-01 10:15:00,438] {logging_mixin.py:104} INFO - [2021-07-01 10:15:00,438] {dag.py:2305} INFO - Setting next_dagrun for example_task_group to 2021-06-29 00:00:00+00:00
[2021-07-01 10:15:00,448] {scheduler_job.py:190} INFO - Processing /home/airflow/.local/lib/python3.6/site-packages/airflow/example_dags/example_task_group.py took 0.078 seconds
[2021-07-01 10:15:30,967] {scheduler_job.py:182} INFO - Started process (PID=462) to work on /home/airflow/.local/lib/python3.6/site-packages/airflow/example_dags/example_task_group.py
[2021-07-01 10:15:30,970] {scheduler_job.py:633} INFO - Processing file /home/airflow/.local/lib/python3.6/site-packages/airflow/example_dags/example_task_group.py for tasks to queue
[2021-07-01 10:15:30,973] {logging_mixin.py:104} INFO - [2021-07-01 10:15:30,972] {dagbag.py:487} INFO - Filling up the DagBag from /home/airflow/.local/lib/python3.6/site-packages/airflow/example_dags/example_task_group.py
[2021-07-01 10:15:31,001] {scheduler_job.py:643} INFO - DAG(s) dict_keys(['example_task_group']) retrieved from /home/airflow/.local/lib/python3.6/site-packages/airflow/example_dags/example_task_group.py
[2021-07-01 10:15:31,047] {logging_mixin.py:104} INFO - [2021-07-01 10:15:31,047] {dag.py:1832} INFO - Sync 1 DAGs
[2021-07-01 10:15:31,067] {logging_mixin.py:104} INFO - [2021-07-01 10:15:31,067] {dag.py:2305} INFO - Setting next_dagrun for example_task_group to 2021-06-29 00:00:00+00:00
[2021-07-01 10:15:31,081] {scheduler_job.py:190} INFO - Processing /home/airflow/.local/lib/python3.6/site-packages/airflow/example_dags/example_task_group.py took 0.128 seconds
[2021-07-01 10:16:01,137] {scheduler_job.py:182} INFO - Started process (PID=519) to work on /home/airflow/.local/lib/python3.6/site-packages/airflow/example_dags/example_task_group.py
[2021-07-01 10:16:01,139] {scheduler_job.py:633} INFO - Processing file /home/airflow/.local/lib/python3.6/site-packages/airflow/example_dags/example_task_group.py for tasks to queue
[2021-07-01 10:16:01,141] {logging_mixin.py:104} INFO - [2021-07-01 10:16:01,141] {dagbag.py:487} INFO - Filling up the DagBag from /home/airflow/.local/lib/python3.6/site-packages/airflow/example_dags/example_task_group.py
[2021-07-01 10:16:01,156] {scheduler_job.py:643} INFO - DAG(s) dict_keys(['example_task_group']) retrieved from /home/airflow/.local/lib/python3.6/site-packages/airflow/example_dags/example_task_group.py
[2021-07-01 10:16:01,175] {logging_mixin.py:104} INFO - [2021-07-01 10:16:01,175] {dag.py:1832} INFO - Sync 1 DAGs
[2021-07-01 10:16:01,189] {logging_mixin.py:104} INFO - [2021-07-01 10:16:01,189] {dag.py:2305} INFO - Setting next_dagrun for example_task_group to 2021-06-29 00:00:00+00:00
[2021-07-01 10:16:01,198] {scheduler_job.py:190} INFO - Processing /home/airflow/.local/lib/python3.6/site-packages/airflow/example_dags/example_task_group.py took 0.064 seconds
