[2021-07-01 10:12:00,363] {scheduler_job.py:182} INFO - Started process (PID=52) to work on /home/airflow/.local/lib/python3.6/site-packages/airflow/example_dags/example_xcom.py
[2021-07-01 10:12:00,373] {scheduler_job.py:633} INFO - Processing file /home/airflow/.local/lib/python3.6/site-packages/airflow/example_dags/example_xcom.py for tasks to queue
[2021-07-01 10:12:00,375] {logging_mixin.py:104} INFO - [2021-07-01 10:12:00,375] {dagbag.py:487} INFO - Filling up the DagBag from /home/airflow/.local/lib/python3.6/site-packages/airflow/example_dags/example_xcom.py
[2021-07-01 10:12:00,443] {scheduler_job.py:643} INFO - DAG(s) dict_keys(['example_xcom']) retrieved from /home/airflow/.local/lib/python3.6/site-packages/airflow/example_dags/example_xcom.py
[2021-07-01 10:12:00,567] {logging_mixin.py:104} INFO - [2021-07-01 10:12:00,566] {dag.py:1832} INFO - Sync 1 DAGs
[2021-07-01 10:12:00,649] {logging_mixin.py:104} INFO - [2021-07-01 10:12:00,649] {dag.py:2305} INFO - Setting next_dagrun for example_xcom to 2021-06-29 00:00:00+00:00
[2021-07-01 10:12:00,687] {scheduler_job.py:190} INFO - Processing /home/airflow/.local/lib/python3.6/site-packages/airflow/example_dags/example_xcom.py took 0.341 seconds
[2021-07-01 10:12:30,889] {scheduler_job.py:182} INFO - Started process (PID=110) to work on /home/airflow/.local/lib/python3.6/site-packages/airflow/example_dags/example_xcom.py
[2021-07-01 10:12:30,892] {scheduler_job.py:633} INFO - Processing file /home/airflow/.local/lib/python3.6/site-packages/airflow/example_dags/example_xcom.py for tasks to queue
[2021-07-01 10:12:30,898] {logging_mixin.py:104} INFO - [2021-07-01 10:12:30,898] {dagbag.py:487} INFO - Filling up the DagBag from /home/airflow/.local/lib/python3.6/site-packages/airflow/example_dags/example_xcom.py
[2021-07-01 10:12:30,996] {scheduler_job.py:643} INFO - DAG(s) dict_keys(['example_xcom']) retrieved from /home/airflow/.local/lib/python3.6/site-packages/airflow/example_dags/example_xcom.py
[2021-07-01 10:12:31,089] {logging_mixin.py:104} INFO - [2021-07-01 10:12:31,089] {dag.py:1832} INFO - Sync 1 DAGs
[2021-07-01 10:12:31,141] {logging_mixin.py:104} INFO - [2021-07-01 10:12:31,141] {dag.py:2305} INFO - Setting next_dagrun for example_xcom to 2021-06-29 00:00:00+00:00
[2021-07-01 10:12:31,166] {scheduler_job.py:190} INFO - Processing /home/airflow/.local/lib/python3.6/site-packages/airflow/example_dags/example_xcom.py took 0.299 seconds
[2021-07-01 10:13:02,107] {scheduler_job.py:182} INFO - Started process (PID=168) to work on /home/airflow/.local/lib/python3.6/site-packages/airflow/example_dags/example_xcom.py
[2021-07-01 10:13:02,109] {scheduler_job.py:633} INFO - Processing file /home/airflow/.local/lib/python3.6/site-packages/airflow/example_dags/example_xcom.py for tasks to queue
[2021-07-01 10:13:02,111] {logging_mixin.py:104} INFO - [2021-07-01 10:13:02,111] {dagbag.py:487} INFO - Filling up the DagBag from /home/airflow/.local/lib/python3.6/site-packages/airflow/example_dags/example_xcom.py
[2021-07-01 10:13:02,128] {scheduler_job.py:643} INFO - DAG(s) dict_keys(['example_xcom']) retrieved from /home/airflow/.local/lib/python3.6/site-packages/airflow/example_dags/example_xcom.py
[2021-07-01 10:13:02,151] {logging_mixin.py:104} INFO - [2021-07-01 10:13:02,151] {dag.py:1832} INFO - Sync 1 DAGs
[2021-07-01 10:13:02,173] {logging_mixin.py:104} INFO - [2021-07-01 10:13:02,173] {dag.py:2305} INFO - Setting next_dagrun for example_xcom to 2021-06-29 00:00:00+00:00
[2021-07-01 10:13:02,189] {scheduler_job.py:190} INFO - Processing /home/airflow/.local/lib/python3.6/site-packages/airflow/example_dags/example_xcom.py took 0.088 seconds
[2021-07-01 10:13:34,081] {scheduler_job.py:182} INFO - Started process (PID=235) to work on /home/airflow/.local/lib/python3.6/site-packages/airflow/example_dags/example_xcom.py
[2021-07-01 10:13:34,091] {scheduler_job.py:633} INFO - Processing file /home/airflow/.local/lib/python3.6/site-packages/airflow/example_dags/example_xcom.py for tasks to queue
[2021-07-01 10:13:34,096] {logging_mixin.py:104} INFO - [2021-07-01 10:13:34,095] {dagbag.py:487} INFO - Filling up the DagBag from /home/airflow/.local/lib/python3.6/site-packages/airflow/example_dags/example_xcom.py
[2021-07-01 10:13:34,156] {scheduler_job.py:643} INFO - DAG(s) dict_keys(['example_xcom']) retrieved from /home/airflow/.local/lib/python3.6/site-packages/airflow/example_dags/example_xcom.py
[2021-07-01 10:13:34,204] {logging_mixin.py:104} INFO - [2021-07-01 10:13:34,204] {dag.py:1832} INFO - Sync 1 DAGs
[2021-07-01 10:13:34,276] {logging_mixin.py:104} INFO - [2021-07-01 10:13:34,276] {dag.py:2305} INFO - Setting next_dagrun for example_xcom to 2021-06-29 00:00:00+00:00
[2021-07-01 10:13:34,297] {scheduler_job.py:190} INFO - Processing /home/airflow/.local/lib/python3.6/site-packages/airflow/example_dags/example_xcom.py took 0.239 seconds
[2021-07-01 10:14:04,405] {scheduler_job.py:182} INFO - Started process (PID=289) to work on /home/airflow/.local/lib/python3.6/site-packages/airflow/example_dags/example_xcom.py
[2021-07-01 10:14:04,407] {scheduler_job.py:633} INFO - Processing file /home/airflow/.local/lib/python3.6/site-packages/airflow/example_dags/example_xcom.py for tasks to queue
[2021-07-01 10:14:04,409] {logging_mixin.py:104} INFO - [2021-07-01 10:14:04,408] {dagbag.py:487} INFO - Filling up the DagBag from /home/airflow/.local/lib/python3.6/site-packages/airflow/example_dags/example_xcom.py
[2021-07-01 10:14:04,421] {scheduler_job.py:643} INFO - DAG(s) dict_keys(['example_xcom']) retrieved from /home/airflow/.local/lib/python3.6/site-packages/airflow/example_dags/example_xcom.py
[2021-07-01 10:14:04,442] {logging_mixin.py:104} INFO - [2021-07-01 10:14:04,442] {dag.py:1832} INFO - Sync 1 DAGs
[2021-07-01 10:14:04,468] {logging_mixin.py:104} INFO - [2021-07-01 10:14:04,468] {dag.py:2305} INFO - Setting next_dagrun for example_xcom to 2021-06-29 00:00:00+00:00
[2021-07-01 10:14:04,479] {scheduler_job.py:190} INFO - Processing /home/airflow/.local/lib/python3.6/site-packages/airflow/example_dags/example_xcom.py took 0.078 seconds
[2021-07-01 10:14:35,541] {scheduler_job.py:182} INFO - Started process (PID=355) to work on /home/airflow/.local/lib/python3.6/site-packages/airflow/example_dags/example_xcom.py
[2021-07-01 10:14:35,548] {scheduler_job.py:633} INFO - Processing file /home/airflow/.local/lib/python3.6/site-packages/airflow/example_dags/example_xcom.py for tasks to queue
[2021-07-01 10:14:35,550] {logging_mixin.py:104} INFO - [2021-07-01 10:14:35,550] {dagbag.py:487} INFO - Filling up the DagBag from /home/airflow/.local/lib/python3.6/site-packages/airflow/example_dags/example_xcom.py
[2021-07-01 10:14:35,573] {scheduler_job.py:643} INFO - DAG(s) dict_keys(['example_xcom']) retrieved from /home/airflow/.local/lib/python3.6/site-packages/airflow/example_dags/example_xcom.py
[2021-07-01 10:14:35,607] {logging_mixin.py:104} INFO - [2021-07-01 10:14:35,607] {dag.py:1832} INFO - Sync 1 DAGs
[2021-07-01 10:14:35,744] {logging_mixin.py:104} INFO - [2021-07-01 10:14:35,744] {dag.py:2305} INFO - Setting next_dagrun for example_xcom to 2021-06-29 00:00:00+00:00
[2021-07-01 10:14:35,857] {scheduler_job.py:190} INFO - Processing /home/airflow/.local/lib/python3.6/site-packages/airflow/example_dags/example_xcom.py took 0.316 seconds
[2021-07-01 10:15:06,218] {scheduler_job.py:182} INFO - Started process (PID=410) to work on /home/airflow/.local/lib/python3.6/site-packages/airflow/example_dags/example_xcom.py
[2021-07-01 10:15:06,219] {scheduler_job.py:633} INFO - Processing file /home/airflow/.local/lib/python3.6/site-packages/airflow/example_dags/example_xcom.py for tasks to queue
[2021-07-01 10:15:06,221] {logging_mixin.py:104} INFO - [2021-07-01 10:15:06,220] {dagbag.py:487} INFO - Filling up the DagBag from /home/airflow/.local/lib/python3.6/site-packages/airflow/example_dags/example_xcom.py
[2021-07-01 10:15:06,232] {scheduler_job.py:643} INFO - DAG(s) dict_keys(['example_xcom']) retrieved from /home/airflow/.local/lib/python3.6/site-packages/airflow/example_dags/example_xcom.py
[2021-07-01 10:15:06,250] {logging_mixin.py:104} INFO - [2021-07-01 10:15:06,250] {dag.py:1832} INFO - Sync 1 DAGs
[2021-07-01 10:15:06,267] {logging_mixin.py:104} INFO - [2021-07-01 10:15:06,267] {dag.py:2305} INFO - Setting next_dagrun for example_xcom to 2021-06-29 00:00:00+00:00
[2021-07-01 10:15:06,279] {scheduler_job.py:190} INFO - Processing /home/airflow/.local/lib/python3.6/site-packages/airflow/example_dags/example_xcom.py took 0.065 seconds
[2021-07-01 10:15:37,007] {scheduler_job.py:182} INFO - Started process (PID=476) to work on /home/airflow/.local/lib/python3.6/site-packages/airflow/example_dags/example_xcom.py
[2021-07-01 10:15:37,017] {scheduler_job.py:633} INFO - Processing file /home/airflow/.local/lib/python3.6/site-packages/airflow/example_dags/example_xcom.py for tasks to queue
[2021-07-01 10:15:37,019] {logging_mixin.py:104} INFO - [2021-07-01 10:15:37,019] {dagbag.py:487} INFO - Filling up the DagBag from /home/airflow/.local/lib/python3.6/site-packages/airflow/example_dags/example_xcom.py
[2021-07-01 10:15:37,052] {scheduler_job.py:643} INFO - DAG(s) dict_keys(['example_xcom']) retrieved from /home/airflow/.local/lib/python3.6/site-packages/airflow/example_dags/example_xcom.py
[2021-07-01 10:15:37,074] {logging_mixin.py:104} INFO - [2021-07-01 10:15:37,074] {dag.py:1832} INFO - Sync 1 DAGs
[2021-07-01 10:15:37,090] {logging_mixin.py:104} INFO - [2021-07-01 10:15:37,090] {dag.py:2305} INFO - Setting next_dagrun for example_xcom to 2021-06-29 00:00:00+00:00
[2021-07-01 10:15:37,100] {scheduler_job.py:190} INFO - Processing /home/airflow/.local/lib/python3.6/site-packages/airflow/example_dags/example_xcom.py took 0.096 seconds
[2021-07-01 10:16:07,362] {scheduler_job.py:182} INFO - Started process (PID=532) to work on /home/airflow/.local/lib/python3.6/site-packages/airflow/example_dags/example_xcom.py
[2021-07-01 10:16:07,364] {scheduler_job.py:633} INFO - Processing file /home/airflow/.local/lib/python3.6/site-packages/airflow/example_dags/example_xcom.py for tasks to queue
[2021-07-01 10:16:07,367] {logging_mixin.py:104} INFO - [2021-07-01 10:16:07,366] {dagbag.py:487} INFO - Filling up the DagBag from /home/airflow/.local/lib/python3.6/site-packages/airflow/example_dags/example_xcom.py
[2021-07-01 10:16:07,388] {scheduler_job.py:643} INFO - DAG(s) dict_keys(['example_xcom']) retrieved from /home/airflow/.local/lib/python3.6/site-packages/airflow/example_dags/example_xcom.py
[2021-07-01 10:16:07,425] {logging_mixin.py:104} INFO - [2021-07-01 10:16:07,425] {dag.py:1832} INFO - Sync 1 DAGs
[2021-07-01 10:16:07,449] {logging_mixin.py:104} INFO - [2021-07-01 10:16:07,449] {dag.py:2305} INFO - Setting next_dagrun for example_xcom to 2021-06-29 00:00:00+00:00
[2021-07-01 10:16:07,461] {scheduler_job.py:190} INFO - Processing /home/airflow/.local/lib/python3.6/site-packages/airflow/example_dags/example_xcom.py took 0.104 seconds
