[2021-07-01 10:11:59,967] {scheduler_job.py:182} INFO - Started process (PID=51) to work on /home/airflow/.local/lib/python3.6/site-packages/airflow/example_dags/example_subdag_operator.py
[2021-07-01 10:11:59,974] {scheduler_job.py:633} INFO - Processing file /home/airflow/.local/lib/python3.6/site-packages/airflow/example_dags/example_subdag_operator.py for tasks to queue
[2021-07-01 10:11:59,978] {logging_mixin.py:104} INFO - [2021-07-01 10:11:59,977] {dagbag.py:487} INFO - Filling up the DagBag from /home/airflow/.local/lib/python3.6/site-packages/airflow/example_dags/example_subdag_operator.py
[2021-07-01 10:12:00,170] {scheduler_job.py:643} INFO - DAG(s) dict_keys(['example_subdag_operator.section-1', 'example_subdag_operator.section-2', 'example_subdag_operator']) retrieved from /home/airflow/.local/lib/python3.6/site-packages/airflow/example_dags/example_subdag_operator.py
[2021-07-01 10:12:00,241] {logging_mixin.py:104} INFO - [2021-07-01 10:12:00,241] {dag.py:1832} INFO - Sync 3 DAGs
[2021-07-01 10:12:00,320] {logging_mixin.py:104} INFO - [2021-07-01 10:12:00,320] {dag.py:2305} INFO - Setting next_dagrun for example_subdag_operator to 2021-06-29 00:00:00+00:00
[2021-07-01 10:12:00,327] {logging_mixin.py:104} INFO - [2021-07-01 10:12:00,326] {dag.py:2305} INFO - Setting next_dagrun for example_subdag_operator.section-1 to None
[2021-07-01 10:12:00,330] {logging_mixin.py:104} INFO - [2021-07-01 10:12:00,329] {dag.py:2305} INFO - Setting next_dagrun for example_subdag_operator.section-2 to None
[2021-07-01 10:12:00,377] {logging_mixin.py:104} INFO - [2021-07-01 10:12:00,377] {dag.py:1832} INFO - Sync 2 DAGs
[2021-07-01 10:12:00,415] {logging_mixin.py:104} INFO - [2021-07-01 10:12:00,415] {dag.py:2305} INFO - Setting next_dagrun for example_subdag_operator.section-1 to None
[2021-07-01 10:12:00,418] {logging_mixin.py:104} INFO - [2021-07-01 10:12:00,417] {dag.py:2305} INFO - Setting next_dagrun for example_subdag_operator.section-2 to None
[2021-07-01 10:12:00,449] {scheduler_job.py:190} INFO - Processing /home/airflow/.local/lib/python3.6/site-packages/airflow/example_dags/example_subdag_operator.py took 0.511 seconds
[2021-07-01 10:12:30,835] {scheduler_job.py:182} INFO - Started process (PID=109) to work on /home/airflow/.local/lib/python3.6/site-packages/airflow/example_dags/example_subdag_operator.py
[2021-07-01 10:12:30,840] {scheduler_job.py:633} INFO - Processing file /home/airflow/.local/lib/python3.6/site-packages/airflow/example_dags/example_subdag_operator.py for tasks to queue
[2021-07-01 10:12:30,843] {logging_mixin.py:104} INFO - [2021-07-01 10:12:30,843] {dagbag.py:487} INFO - Filling up the DagBag from /home/airflow/.local/lib/python3.6/site-packages/airflow/example_dags/example_subdag_operator.py
[2021-07-01 10:12:30,951] {scheduler_job.py:643} INFO - DAG(s) dict_keys(['example_subdag_operator.section-1', 'example_subdag_operator.section-2', 'example_subdag_operator']) retrieved from /home/airflow/.local/lib/python3.6/site-packages/airflow/example_dags/example_subdag_operator.py
[2021-07-01 10:12:30,984] {logging_mixin.py:104} INFO - [2021-07-01 10:12:30,984] {dag.py:1832} INFO - Sync 3 DAGs
[2021-07-01 10:12:31,055] {logging_mixin.py:104} INFO - [2021-07-01 10:12:31,054] {dag.py:2305} INFO - Setting next_dagrun for example_subdag_operator to 2021-06-29 00:00:00+00:00
[2021-07-01 10:12:31,058] {logging_mixin.py:104} INFO - [2021-07-01 10:12:31,058] {dag.py:2305} INFO - Setting next_dagrun for example_subdag_operator.section-1 to None
[2021-07-01 10:12:31,060] {logging_mixin.py:104} INFO - [2021-07-01 10:12:31,059] {dag.py:2305} INFO - Setting next_dagrun for example_subdag_operator.section-2 to None
[2021-07-01 10:12:31,076] {logging_mixin.py:104} INFO - [2021-07-01 10:12:31,075] {dag.py:1832} INFO - Sync 2 DAGs
[2021-07-01 10:12:31,091] {logging_mixin.py:104} INFO - [2021-07-01 10:12:31,091] {dag.py:2305} INFO - Setting next_dagrun for example_subdag_operator.section-1 to None
[2021-07-01 10:12:31,093] {logging_mixin.py:104} INFO - [2021-07-01 10:12:31,093] {dag.py:2305} INFO - Setting next_dagrun for example_subdag_operator.section-2 to None
[2021-07-01 10:12:31,105] {scheduler_job.py:190} INFO - Processing /home/airflow/.local/lib/python3.6/site-packages/airflow/example_dags/example_subdag_operator.py took 0.280 seconds
[2021-07-01 10:13:01,920] {scheduler_job.py:182} INFO - Started process (PID=167) to work on /home/airflow/.local/lib/python3.6/site-packages/airflow/example_dags/example_subdag_operator.py
[2021-07-01 10:13:01,925] {scheduler_job.py:633} INFO - Processing file /home/airflow/.local/lib/python3.6/site-packages/airflow/example_dags/example_subdag_operator.py for tasks to queue
[2021-07-01 10:13:01,927] {logging_mixin.py:104} INFO - [2021-07-01 10:13:01,927] {dagbag.py:487} INFO - Filling up the DagBag from /home/airflow/.local/lib/python3.6/site-packages/airflow/example_dags/example_subdag_operator.py
[2021-07-01 10:13:01,977] {scheduler_job.py:643} INFO - DAG(s) dict_keys(['example_subdag_operator.section-1', 'example_subdag_operator.section-2', 'example_subdag_operator']) retrieved from /home/airflow/.local/lib/python3.6/site-packages/airflow/example_dags/example_subdag_operator.py
[2021-07-01 10:13:01,995] {logging_mixin.py:104} INFO - [2021-07-01 10:13:01,995] {dag.py:1832} INFO - Sync 3 DAGs
[2021-07-01 10:13:02,014] {logging_mixin.py:104} INFO - [2021-07-01 10:13:02,014] {dag.py:2305} INFO - Setting next_dagrun for example_subdag_operator to 2021-06-29 00:00:00+00:00
[2021-07-01 10:13:02,016] {logging_mixin.py:104} INFO - [2021-07-01 10:13:02,016] {dag.py:2305} INFO - Setting next_dagrun for example_subdag_operator.section-1 to None
[2021-07-01 10:13:02,020] {logging_mixin.py:104} INFO - [2021-07-01 10:13:02,020] {dag.py:2305} INFO - Setting next_dagrun for example_subdag_operator.section-2 to None
[2021-07-01 10:13:02,038] {logging_mixin.py:104} INFO - [2021-07-01 10:13:02,038] {dag.py:1832} INFO - Sync 2 DAGs
[2021-07-01 10:13:02,064] {logging_mixin.py:104} INFO - [2021-07-01 10:13:02,064] {dag.py:2305} INFO - Setting next_dagrun for example_subdag_operator.section-1 to None
[2021-07-01 10:13:02,067] {logging_mixin.py:104} INFO - [2021-07-01 10:13:02,067] {dag.py:2305} INFO - Setting next_dagrun for example_subdag_operator.section-2 to None
[2021-07-01 10:13:02,080] {scheduler_job.py:190} INFO - Processing /home/airflow/.local/lib/python3.6/site-packages/airflow/example_dags/example_subdag_operator.py took 0.170 seconds
[2021-07-01 10:13:33,912] {scheduler_job.py:182} INFO - Started process (PID=234) to work on /home/airflow/.local/lib/python3.6/site-packages/airflow/example_dags/example_subdag_operator.py
[2021-07-01 10:13:33,924] {scheduler_job.py:633} INFO - Processing file /home/airflow/.local/lib/python3.6/site-packages/airflow/example_dags/example_subdag_operator.py for tasks to queue
[2021-07-01 10:13:33,938] {logging_mixin.py:104} INFO - [2021-07-01 10:13:33,937] {dagbag.py:487} INFO - Filling up the DagBag from /home/airflow/.local/lib/python3.6/site-packages/airflow/example_dags/example_subdag_operator.py
[2021-07-01 10:13:34,082] {scheduler_job.py:643} INFO - DAG(s) dict_keys(['example_subdag_operator.section-1', 'example_subdag_operator.section-2', 'example_subdag_operator']) retrieved from /home/airflow/.local/lib/python3.6/site-packages/airflow/example_dags/example_subdag_operator.py
[2021-07-01 10:13:34,137] {logging_mixin.py:104} INFO - [2021-07-01 10:13:34,137] {dag.py:1832} INFO - Sync 3 DAGs
[2021-07-01 10:13:34,203] {logging_mixin.py:104} INFO - [2021-07-01 10:13:34,203] {dag.py:2305} INFO - Setting next_dagrun for example_subdag_operator to 2021-06-29 00:00:00+00:00
[2021-07-01 10:13:34,206] {logging_mixin.py:104} INFO - [2021-07-01 10:13:34,205] {dag.py:2305} INFO - Setting next_dagrun for example_subdag_operator.section-1 to None
[2021-07-01 10:13:34,207] {logging_mixin.py:104} INFO - [2021-07-01 10:13:34,207] {dag.py:2305} INFO - Setting next_dagrun for example_subdag_operator.section-2 to None
[2021-07-01 10:13:34,218] {logging_mixin.py:104} INFO - [2021-07-01 10:13:34,218] {dag.py:1832} INFO - Sync 2 DAGs
[2021-07-01 10:13:34,232] {logging_mixin.py:104} INFO - [2021-07-01 10:13:34,232] {dag.py:2305} INFO - Setting next_dagrun for example_subdag_operator.section-1 to None
[2021-07-01 10:13:34,233] {logging_mixin.py:104} INFO - [2021-07-01 10:13:34,233] {dag.py:2305} INFO - Setting next_dagrun for example_subdag_operator.section-2 to None
[2021-07-01 10:13:34,247] {scheduler_job.py:190} INFO - Processing /home/airflow/.local/lib/python3.6/site-packages/airflow/example_dags/example_subdag_operator.py took 0.346 seconds
[2021-07-01 10:14:04,403] {scheduler_job.py:182} INFO - Started process (PID=288) to work on /home/airflow/.local/lib/python3.6/site-packages/airflow/example_dags/example_subdag_operator.py
[2021-07-01 10:14:04,405] {scheduler_job.py:633} INFO - Processing file /home/airflow/.local/lib/python3.6/site-packages/airflow/example_dags/example_subdag_operator.py for tasks to queue
[2021-07-01 10:14:04,407] {logging_mixin.py:104} INFO - [2021-07-01 10:14:04,406] {dagbag.py:487} INFO - Filling up the DagBag from /home/airflow/.local/lib/python3.6/site-packages/airflow/example_dags/example_subdag_operator.py
[2021-07-01 10:14:04,440] {scheduler_job.py:643} INFO - DAG(s) dict_keys(['example_subdag_operator.section-1', 'example_subdag_operator.section-2', 'example_subdag_operator']) retrieved from /home/airflow/.local/lib/python3.6/site-packages/airflow/example_dags/example_subdag_operator.py
[2021-07-01 10:14:04,454] {logging_mixin.py:104} INFO - [2021-07-01 10:14:04,454] {dag.py:1832} INFO - Sync 3 DAGs
[2021-07-01 10:14:04,484] {logging_mixin.py:104} INFO - [2021-07-01 10:14:04,484] {dag.py:2305} INFO - Setting next_dagrun for example_subdag_operator to 2021-06-29 00:00:00+00:00
[2021-07-01 10:14:04,487] {logging_mixin.py:104} INFO - [2021-07-01 10:14:04,486] {dag.py:2305} INFO - Setting next_dagrun for example_subdag_operator.section-1 to None
[2021-07-01 10:14:04,490] {logging_mixin.py:104} INFO - [2021-07-01 10:14:04,490] {dag.py:2305} INFO - Setting next_dagrun for example_subdag_operator.section-2 to None
[2021-07-01 10:14:04,500] {logging_mixin.py:104} INFO - [2021-07-01 10:14:04,500] {dag.py:1832} INFO - Sync 2 DAGs
[2021-07-01 10:14:04,509] {logging_mixin.py:104} INFO - [2021-07-01 10:14:04,508] {dag.py:2305} INFO - Setting next_dagrun for example_subdag_operator.section-1 to None
[2021-07-01 10:14:04,509] {logging_mixin.py:104} INFO - [2021-07-01 10:14:04,509] {dag.py:2305} INFO - Setting next_dagrun for example_subdag_operator.section-2 to None
[2021-07-01 10:14:04,516] {scheduler_job.py:190} INFO - Processing /home/airflow/.local/lib/python3.6/site-packages/airflow/example_dags/example_subdag_operator.py took 0.120 seconds
[2021-07-01 10:14:35,108] {scheduler_job.py:182} INFO - Started process (PID=354) to work on /home/airflow/.local/lib/python3.6/site-packages/airflow/example_dags/example_subdag_operator.py
[2021-07-01 10:14:35,113] {scheduler_job.py:633} INFO - Processing file /home/airflow/.local/lib/python3.6/site-packages/airflow/example_dags/example_subdag_operator.py for tasks to queue
[2021-07-01 10:14:35,120] {logging_mixin.py:104} INFO - [2021-07-01 10:14:35,120] {dagbag.py:487} INFO - Filling up the DagBag from /home/airflow/.local/lib/python3.6/site-packages/airflow/example_dags/example_subdag_operator.py
[2021-07-01 10:14:35,229] {scheduler_job.py:643} INFO - DAG(s) dict_keys(['example_subdag_operator.section-1', 'example_subdag_operator.section-2', 'example_subdag_operator']) retrieved from /home/airflow/.local/lib/python3.6/site-packages/airflow/example_dags/example_subdag_operator.py
[2021-07-01 10:14:35,307] {logging_mixin.py:104} INFO - [2021-07-01 10:14:35,307] {dag.py:1832} INFO - Sync 3 DAGs
[2021-07-01 10:14:35,455] {logging_mixin.py:104} INFO - [2021-07-01 10:14:35,455] {dag.py:2305} INFO - Setting next_dagrun for example_subdag_operator to 2021-06-29 00:00:00+00:00
[2021-07-01 10:14:35,458] {logging_mixin.py:104} INFO - [2021-07-01 10:14:35,458] {dag.py:2305} INFO - Setting next_dagrun for example_subdag_operator.section-1 to None
[2021-07-01 10:14:35,459] {logging_mixin.py:104} INFO - [2021-07-01 10:14:35,459] {dag.py:2305} INFO - Setting next_dagrun for example_subdag_operator.section-2 to None
[2021-07-01 10:14:35,482] {logging_mixin.py:104} INFO - [2021-07-01 10:14:35,482] {dag.py:1832} INFO - Sync 2 DAGs
[2021-07-01 10:14:35,494] {logging_mixin.py:104} INFO - [2021-07-01 10:14:35,494] {dag.py:2305} INFO - Setting next_dagrun for example_subdag_operator.section-1 to None
[2021-07-01 10:14:35,495] {logging_mixin.py:104} INFO - [2021-07-01 10:14:35,495] {dag.py:2305} INFO - Setting next_dagrun for example_subdag_operator.section-2 to None
[2021-07-01 10:14:35,508] {scheduler_job.py:190} INFO - Processing /home/airflow/.local/lib/python3.6/site-packages/airflow/example_dags/example_subdag_operator.py took 0.404 seconds
[2021-07-01 10:15:06,102] {scheduler_job.py:182} INFO - Started process (PID=409) to work on /home/airflow/.local/lib/python3.6/site-packages/airflow/example_dags/example_subdag_operator.py
[2021-07-01 10:15:06,104] {scheduler_job.py:633} INFO - Processing file /home/airflow/.local/lib/python3.6/site-packages/airflow/example_dags/example_subdag_operator.py for tasks to queue
[2021-07-01 10:15:06,105] {logging_mixin.py:104} INFO - [2021-07-01 10:15:06,105] {dagbag.py:487} INFO - Filling up the DagBag from /home/airflow/.local/lib/python3.6/site-packages/airflow/example_dags/example_subdag_operator.py
[2021-07-01 10:15:06,134] {scheduler_job.py:643} INFO - DAG(s) dict_keys(['example_subdag_operator.section-1', 'example_subdag_operator.section-2', 'example_subdag_operator']) retrieved from /home/airflow/.local/lib/python3.6/site-packages/airflow/example_dags/example_subdag_operator.py
[2021-07-01 10:15:06,146] {logging_mixin.py:104} INFO - [2021-07-01 10:15:06,146] {dag.py:1832} INFO - Sync 3 DAGs
[2021-07-01 10:15:06,162] {logging_mixin.py:104} INFO - [2021-07-01 10:15:06,162] {dag.py:2305} INFO - Setting next_dagrun for example_subdag_operator to 2021-06-29 00:00:00+00:00
[2021-07-01 10:15:06,163] {logging_mixin.py:104} INFO - [2021-07-01 10:15:06,163] {dag.py:2305} INFO - Setting next_dagrun for example_subdag_operator.section-1 to None
[2021-07-01 10:15:06,164] {logging_mixin.py:104} INFO - [2021-07-01 10:15:06,164] {dag.py:2305} INFO - Setting next_dagrun for example_subdag_operator.section-2 to None
[2021-07-01 10:15:06,171] {logging_mixin.py:104} INFO - [2021-07-01 10:15:06,171] {dag.py:1832} INFO - Sync 2 DAGs
[2021-07-01 10:15:06,178] {logging_mixin.py:104} INFO - [2021-07-01 10:15:06,178] {dag.py:2305} INFO - Setting next_dagrun for example_subdag_operator.section-1 to None
[2021-07-01 10:15:06,179] {logging_mixin.py:104} INFO - [2021-07-01 10:15:06,179] {dag.py:2305} INFO - Setting next_dagrun for example_subdag_operator.section-2 to None
[2021-07-01 10:15:06,185] {scheduler_job.py:190} INFO - Processing /home/airflow/.local/lib/python3.6/site-packages/airflow/example_dags/example_subdag_operator.py took 0.087 seconds
[2021-07-01 10:15:36,922] {scheduler_job.py:182} INFO - Started process (PID=475) to work on /home/airflow/.local/lib/python3.6/site-packages/airflow/example_dags/example_subdag_operator.py
[2021-07-01 10:15:36,924] {scheduler_job.py:633} INFO - Processing file /home/airflow/.local/lib/python3.6/site-packages/airflow/example_dags/example_subdag_operator.py for tasks to queue
[2021-07-01 10:15:36,925] {logging_mixin.py:104} INFO - [2021-07-01 10:15:36,925] {dagbag.py:487} INFO - Filling up the DagBag from /home/airflow/.local/lib/python3.6/site-packages/airflow/example_dags/example_subdag_operator.py
[2021-07-01 10:15:36,961] {scheduler_job.py:643} INFO - DAG(s) dict_keys(['example_subdag_operator.section-1', 'example_subdag_operator.section-2', 'example_subdag_operator']) retrieved from /home/airflow/.local/lib/python3.6/site-packages/airflow/example_dags/example_subdag_operator.py
[2021-07-01 10:15:36,979] {logging_mixin.py:104} INFO - [2021-07-01 10:15:36,979] {dag.py:1832} INFO - Sync 3 DAGs
[2021-07-01 10:15:37,000] {logging_mixin.py:104} INFO - [2021-07-01 10:15:37,000] {dag.py:2305} INFO - Setting next_dagrun for example_subdag_operator to 2021-06-29 00:00:00+00:00
[2021-07-01 10:15:37,003] {logging_mixin.py:104} INFO - [2021-07-01 10:15:37,003] {dag.py:2305} INFO - Setting next_dagrun for example_subdag_operator.section-1 to None
[2021-07-01 10:15:37,007] {logging_mixin.py:104} INFO - [2021-07-01 10:15:37,007] {dag.py:2305} INFO - Setting next_dagrun for example_subdag_operator.section-2 to None
[2021-07-01 10:15:37,015] {logging_mixin.py:104} INFO - [2021-07-01 10:15:37,015] {dag.py:1832} INFO - Sync 2 DAGs
[2021-07-01 10:15:37,024] {logging_mixin.py:104} INFO - [2021-07-01 10:15:37,024] {dag.py:2305} INFO - Setting next_dagrun for example_subdag_operator.section-1 to None
[2021-07-01 10:15:37,025] {logging_mixin.py:104} INFO - [2021-07-01 10:15:37,025] {dag.py:2305} INFO - Setting next_dagrun for example_subdag_operator.section-2 to None
[2021-07-01 10:15:37,039] {scheduler_job.py:190} INFO - Processing /home/airflow/.local/lib/python3.6/site-packages/airflow/example_dags/example_subdag_operator.py took 0.122 seconds
[2021-07-01 10:16:07,361] {scheduler_job.py:182} INFO - Started process (PID=531) to work on /home/airflow/.local/lib/python3.6/site-packages/airflow/example_dags/example_subdag_operator.py
[2021-07-01 10:16:07,366] {scheduler_job.py:633} INFO - Processing file /home/airflow/.local/lib/python3.6/site-packages/airflow/example_dags/example_subdag_operator.py for tasks to queue
[2021-07-01 10:16:07,368] {logging_mixin.py:104} INFO - [2021-07-01 10:16:07,368] {dagbag.py:487} INFO - Filling up the DagBag from /home/airflow/.local/lib/python3.6/site-packages/airflow/example_dags/example_subdag_operator.py
[2021-07-01 10:16:07,415] {scheduler_job.py:643} INFO - DAG(s) dict_keys(['example_subdag_operator.section-1', 'example_subdag_operator.section-2', 'example_subdag_operator']) retrieved from /home/airflow/.local/lib/python3.6/site-packages/airflow/example_dags/example_subdag_operator.py
[2021-07-01 10:16:07,444] {logging_mixin.py:104} INFO - [2021-07-01 10:16:07,444] {dag.py:1832} INFO - Sync 3 DAGs
[2021-07-01 10:16:07,484] {logging_mixin.py:104} INFO - [2021-07-01 10:16:07,484] {dag.py:2305} INFO - Setting next_dagrun for example_subdag_operator to 2021-06-29 00:00:00+00:00
[2021-07-01 10:16:07,486] {logging_mixin.py:104} INFO - [2021-07-01 10:16:07,486] {dag.py:2305} INFO - Setting next_dagrun for example_subdag_operator.section-1 to None
[2021-07-01 10:16:07,487] {logging_mixin.py:104} INFO - [2021-07-01 10:16:07,487] {dag.py:2305} INFO - Setting next_dagrun for example_subdag_operator.section-2 to None
[2021-07-01 10:16:07,494] {logging_mixin.py:104} INFO - [2021-07-01 10:16:07,494] {dag.py:1832} INFO - Sync 2 DAGs
[2021-07-01 10:16:07,503] {logging_mixin.py:104} INFO - [2021-07-01 10:16:07,503] {dag.py:2305} INFO - Setting next_dagrun for example_subdag_operator.section-1 to None
[2021-07-01 10:16:07,504] {logging_mixin.py:104} INFO - [2021-07-01 10:16:07,504] {dag.py:2305} INFO - Setting next_dagrun for example_subdag_operator.section-2 to None
[2021-07-01 10:16:07,512] {scheduler_job.py:190} INFO - Processing /home/airflow/.local/lib/python3.6/site-packages/airflow/example_dags/example_subdag_operator.py took 0.165 seconds
