[2021-07-01 10:11:57,122] {scheduler_job.py:182} INFO - Started process (PID=32) to work on /home/airflow/.local/lib/python3.6/site-packages/airflow/example_dags/example_kubernetes_executor.py
[2021-07-01 10:11:57,126] {scheduler_job.py:633} INFO - Processing file /home/airflow/.local/lib/python3.6/site-packages/airflow/example_dags/example_kubernetes_executor.py for tasks to queue
[2021-07-01 10:11:57,129] {logging_mixin.py:104} INFO - [2021-07-01 10:11:57,129] {dagbag.py:487} INFO - Filling up the DagBag from /home/airflow/.local/lib/python3.6/site-packages/airflow/example_dags/example_kubernetes_executor.py
[2021-07-01 10:11:57,201] {scheduler_job.py:643} INFO - DAG(s) dict_keys(['example_kubernetes_executor']) retrieved from /home/airflow/.local/lib/python3.6/site-packages/airflow/example_dags/example_kubernetes_executor.py
[2021-07-01 10:11:57,283] {logging_mixin.py:104} INFO - [2021-07-01 10:11:57,283] {dag.py:1832} INFO - Sync 1 DAGs
[2021-07-01 10:11:57,329] {logging_mixin.py:104} INFO - [2021-07-01 10:11:57,329] {dag.py:2305} INFO - Setting next_dagrun for example_kubernetes_executor to None
[2021-07-01 10:11:57,394] {scheduler_job.py:190} INFO - Processing /home/airflow/.local/lib/python3.6/site-packages/airflow/example_dags/example_kubernetes_executor.py took 0.292 seconds
[2021-07-01 10:12:27,498] {scheduler_job.py:182} INFO - Started process (PID=87) to work on /home/airflow/.local/lib/python3.6/site-packages/airflow/example_dags/example_kubernetes_executor.py
[2021-07-01 10:12:27,500] {scheduler_job.py:633} INFO - Processing file /home/airflow/.local/lib/python3.6/site-packages/airflow/example_dags/example_kubernetes_executor.py for tasks to queue
[2021-07-01 10:12:27,503] {logging_mixin.py:104} INFO - [2021-07-01 10:12:27,503] {dagbag.py:487} INFO - Filling up the DagBag from /home/airflow/.local/lib/python3.6/site-packages/airflow/example_dags/example_kubernetes_executor.py
[2021-07-01 10:12:27,520] {scheduler_job.py:643} INFO - DAG(s) dict_keys(['example_kubernetes_executor']) retrieved from /home/airflow/.local/lib/python3.6/site-packages/airflow/example_dags/example_kubernetes_executor.py
[2021-07-01 10:12:27,543] {logging_mixin.py:104} INFO - [2021-07-01 10:12:27,543] {dag.py:1832} INFO - Sync 1 DAGs
[2021-07-01 10:12:27,560] {logging_mixin.py:104} INFO - [2021-07-01 10:12:27,560] {dag.py:2305} INFO - Setting next_dagrun for example_kubernetes_executor to None
[2021-07-01 10:12:27,571] {scheduler_job.py:190} INFO - Processing /home/airflow/.local/lib/python3.6/site-packages/airflow/example_dags/example_kubernetes_executor.py took 0.081 seconds
[2021-07-01 10:12:57,902] {scheduler_job.py:182} INFO - Started process (PID=157) to work on /home/airflow/.local/lib/python3.6/site-packages/airflow/example_dags/example_kubernetes_executor.py
[2021-07-01 10:12:57,904] {scheduler_job.py:633} INFO - Processing file /home/airflow/.local/lib/python3.6/site-packages/airflow/example_dags/example_kubernetes_executor.py for tasks to queue
[2021-07-01 10:12:57,905] {logging_mixin.py:104} INFO - [2021-07-01 10:12:57,905] {dagbag.py:487} INFO - Filling up the DagBag from /home/airflow/.local/lib/python3.6/site-packages/airflow/example_dags/example_kubernetes_executor.py
[2021-07-01 10:12:57,918] {scheduler_job.py:643} INFO - DAG(s) dict_keys(['example_kubernetes_executor']) retrieved from /home/airflow/.local/lib/python3.6/site-packages/airflow/example_dags/example_kubernetes_executor.py
[2021-07-01 10:12:57,937] {logging_mixin.py:104} INFO - [2021-07-01 10:12:57,937] {dag.py:1832} INFO - Sync 1 DAGs
[2021-07-01 10:12:57,953] {logging_mixin.py:104} INFO - [2021-07-01 10:12:57,953] {dag.py:2305} INFO - Setting next_dagrun for example_kubernetes_executor to None
[2021-07-01 10:12:57,964] {scheduler_job.py:190} INFO - Processing /home/airflow/.local/lib/python3.6/site-packages/airflow/example_dags/example_kubernetes_executor.py took 0.067 seconds
[2021-07-01 10:13:28,271] {scheduler_job.py:182} INFO - Started process (PID=213) to work on /home/airflow/.local/lib/python3.6/site-packages/airflow/example_dags/example_kubernetes_executor.py
[2021-07-01 10:13:28,273] {scheduler_job.py:633} INFO - Processing file /home/airflow/.local/lib/python3.6/site-packages/airflow/example_dags/example_kubernetes_executor.py for tasks to queue
[2021-07-01 10:13:28,275] {logging_mixin.py:104} INFO - [2021-07-01 10:13:28,275] {dagbag.py:487} INFO - Filling up the DagBag from /home/airflow/.local/lib/python3.6/site-packages/airflow/example_dags/example_kubernetes_executor.py
[2021-07-01 10:13:28,291] {scheduler_job.py:643} INFO - DAG(s) dict_keys(['example_kubernetes_executor']) retrieved from /home/airflow/.local/lib/python3.6/site-packages/airflow/example_dags/example_kubernetes_executor.py
[2021-07-01 10:13:28,318] {logging_mixin.py:104} INFO - [2021-07-01 10:13:28,317] {dag.py:1832} INFO - Sync 1 DAGs
[2021-07-01 10:13:28,339] {logging_mixin.py:104} INFO - [2021-07-01 10:13:28,339] {dag.py:2305} INFO - Setting next_dagrun for example_kubernetes_executor to None
[2021-07-01 10:13:28,353] {scheduler_job.py:190} INFO - Processing /home/airflow/.local/lib/python3.6/site-packages/airflow/example_dags/example_kubernetes_executor.py took 0.087 seconds
[2021-07-01 10:13:59,604] {scheduler_job.py:182} INFO - Started process (PID=278) to work on /home/airflow/.local/lib/python3.6/site-packages/airflow/example_dags/example_kubernetes_executor.py
[2021-07-01 10:13:59,607] {scheduler_job.py:633} INFO - Processing file /home/airflow/.local/lib/python3.6/site-packages/airflow/example_dags/example_kubernetes_executor.py for tasks to queue
[2021-07-01 10:13:59,610] {logging_mixin.py:104} INFO - [2021-07-01 10:13:59,610] {dagbag.py:487} INFO - Filling up the DagBag from /home/airflow/.local/lib/python3.6/site-packages/airflow/example_dags/example_kubernetes_executor.py
[2021-07-01 10:13:59,631] {scheduler_job.py:643} INFO - DAG(s) dict_keys(['example_kubernetes_executor']) retrieved from /home/airflow/.local/lib/python3.6/site-packages/airflow/example_dags/example_kubernetes_executor.py
[2021-07-01 10:13:59,655] {logging_mixin.py:104} INFO - [2021-07-01 10:13:59,655] {dag.py:1832} INFO - Sync 1 DAGs
[2021-07-01 10:13:59,672] {logging_mixin.py:104} INFO - [2021-07-01 10:13:59,672] {dag.py:2305} INFO - Setting next_dagrun for example_kubernetes_executor to None
[2021-07-01 10:13:59,701] {scheduler_job.py:190} INFO - Processing /home/airflow/.local/lib/python3.6/site-packages/airflow/example_dags/example_kubernetes_executor.py took 0.108 seconds
[2021-07-01 10:14:30,358] {scheduler_job.py:182} INFO - Started process (PID=334) to work on /home/airflow/.local/lib/python3.6/site-packages/airflow/example_dags/example_kubernetes_executor.py
[2021-07-01 10:14:30,360] {scheduler_job.py:633} INFO - Processing file /home/airflow/.local/lib/python3.6/site-packages/airflow/example_dags/example_kubernetes_executor.py for tasks to queue
[2021-07-01 10:14:30,361] {logging_mixin.py:104} INFO - [2021-07-01 10:14:30,361] {dagbag.py:487} INFO - Filling up the DagBag from /home/airflow/.local/lib/python3.6/site-packages/airflow/example_dags/example_kubernetes_executor.py
[2021-07-01 10:14:30,374] {scheduler_job.py:643} INFO - DAG(s) dict_keys(['example_kubernetes_executor']) retrieved from /home/airflow/.local/lib/python3.6/site-packages/airflow/example_dags/example_kubernetes_executor.py
[2021-07-01 10:14:30,396] {logging_mixin.py:104} INFO - [2021-07-01 10:14:30,396] {dag.py:1832} INFO - Sync 1 DAGs
[2021-07-01 10:14:30,413] {logging_mixin.py:104} INFO - [2021-07-01 10:14:30,413] {dag.py:2305} INFO - Setting next_dagrun for example_kubernetes_executor to None
[2021-07-01 10:14:30,422] {scheduler_job.py:190} INFO - Processing /home/airflow/.local/lib/python3.6/site-packages/airflow/example_dags/example_kubernetes_executor.py took 0.068 seconds
[2021-07-01 10:15:00,471] {scheduler_job.py:182} INFO - Started process (PID=398) to work on /home/airflow/.local/lib/python3.6/site-packages/airflow/example_dags/example_kubernetes_executor.py
[2021-07-01 10:15:00,473] {scheduler_job.py:633} INFO - Processing file /home/airflow/.local/lib/python3.6/site-packages/airflow/example_dags/example_kubernetes_executor.py for tasks to queue
[2021-07-01 10:15:00,475] {logging_mixin.py:104} INFO - [2021-07-01 10:15:00,475] {dagbag.py:487} INFO - Filling up the DagBag from /home/airflow/.local/lib/python3.6/site-packages/airflow/example_dags/example_kubernetes_executor.py
[2021-07-01 10:15:00,490] {scheduler_job.py:643} INFO - DAG(s) dict_keys(['example_kubernetes_executor']) retrieved from /home/airflow/.local/lib/python3.6/site-packages/airflow/example_dags/example_kubernetes_executor.py
[2021-07-01 10:15:00,513] {logging_mixin.py:104} INFO - [2021-07-01 10:15:00,513] {dag.py:1832} INFO - Sync 1 DAGs
[2021-07-01 10:15:00,530] {logging_mixin.py:104} INFO - [2021-07-01 10:15:00,530] {dag.py:2305} INFO - Setting next_dagrun for example_kubernetes_executor to None
[2021-07-01 10:15:00,540] {scheduler_job.py:190} INFO - Processing /home/airflow/.local/lib/python3.6/site-packages/airflow/example_dags/example_kubernetes_executor.py took 0.075 seconds
[2021-07-01 10:15:31,122] {scheduler_job.py:182} INFO - Started process (PID=463) to work on /home/airflow/.local/lib/python3.6/site-packages/airflow/example_dags/example_kubernetes_executor.py
[2021-07-01 10:15:31,128] {scheduler_job.py:633} INFO - Processing file /home/airflow/.local/lib/python3.6/site-packages/airflow/example_dags/example_kubernetes_executor.py for tasks to queue
[2021-07-01 10:15:31,130] {logging_mixin.py:104} INFO - [2021-07-01 10:15:31,130] {dagbag.py:487} INFO - Filling up the DagBag from /home/airflow/.local/lib/python3.6/site-packages/airflow/example_dags/example_kubernetes_executor.py
[2021-07-01 10:15:31,159] {scheduler_job.py:643} INFO - DAG(s) dict_keys(['example_kubernetes_executor']) retrieved from /home/airflow/.local/lib/python3.6/site-packages/airflow/example_dags/example_kubernetes_executor.py
[2021-07-01 10:15:31,188] {logging_mixin.py:104} INFO - [2021-07-01 10:15:31,188] {dag.py:1832} INFO - Sync 1 DAGs
[2021-07-01 10:15:31,210] {logging_mixin.py:104} INFO - [2021-07-01 10:15:31,210] {dag.py:2305} INFO - Setting next_dagrun for example_kubernetes_executor to None
[2021-07-01 10:15:31,243] {scheduler_job.py:190} INFO - Processing /home/airflow/.local/lib/python3.6/site-packages/airflow/example_dags/example_kubernetes_executor.py took 0.129 seconds
[2021-07-01 10:16:02,164] {scheduler_job.py:182} INFO - Started process (PID=521) to work on /home/airflow/.local/lib/python3.6/site-packages/airflow/example_dags/example_kubernetes_executor.py
[2021-07-01 10:16:02,166] {scheduler_job.py:633} INFO - Processing file /home/airflow/.local/lib/python3.6/site-packages/airflow/example_dags/example_kubernetes_executor.py for tasks to queue
[2021-07-01 10:16:02,169] {logging_mixin.py:104} INFO - [2021-07-01 10:16:02,168] {dagbag.py:487} INFO - Filling up the DagBag from /home/airflow/.local/lib/python3.6/site-packages/airflow/example_dags/example_kubernetes_executor.py
[2021-07-01 10:16:02,185] {scheduler_job.py:643} INFO - DAG(s) dict_keys(['example_kubernetes_executor']) retrieved from /home/airflow/.local/lib/python3.6/site-packages/airflow/example_dags/example_kubernetes_executor.py
[2021-07-01 10:16:02,209] {logging_mixin.py:104} INFO - [2021-07-01 10:16:02,209] {dag.py:1832} INFO - Sync 1 DAGs
[2021-07-01 10:16:02,229] {logging_mixin.py:104} INFO - [2021-07-01 10:16:02,229] {dag.py:2305} INFO - Setting next_dagrun for example_kubernetes_executor to None
[2021-07-01 10:16:02,243] {scheduler_job.py:190} INFO - Processing /home/airflow/.local/lib/python3.6/site-packages/airflow/example_dags/example_kubernetes_executor.py took 0.085 seconds
