[2021-07-01 10:11:55,249] {scheduler_job.py:182} INFO - Started process (PID=27) to work on /home/airflow/.local/lib/python3.6/site-packages/airflow/example_dags/example_xcomargs.py
[2021-07-01 10:11:55,258] {scheduler_job.py:633} INFO - Processing file /home/airflow/.local/lib/python3.6/site-packages/airflow/example_dags/example_xcomargs.py for tasks to queue
[2021-07-01 10:11:55,263] {logging_mixin.py:104} INFO - [2021-07-01 10:11:55,262] {dagbag.py:487} INFO - Filling up the DagBag from /home/airflow/.local/lib/python3.6/site-packages/airflow/example_dags/example_xcomargs.py
[2021-07-01 10:11:55,370] {scheduler_job.py:643} INFO - DAG(s) dict_keys(['example_xcom_args', 'example_xcom_args_with_operators']) retrieved from /home/airflow/.local/lib/python3.6/site-packages/airflow/example_dags/example_xcomargs.py
[2021-07-01 10:11:56,332] {logging_mixin.py:104} INFO - [2021-07-01 10:11:56,332] {dag.py:1832} INFO - Sync 2 DAGs
[2021-07-01 10:11:56,374] {logging_mixin.py:104} INFO - [2021-07-01 10:11:56,374] {dag.py:2305} INFO - Setting next_dagrun for example_xcom_args to None
[2021-07-01 10:11:56,381] {logging_mixin.py:104} INFO - [2021-07-01 10:11:56,381] {dag.py:2305} INFO - Setting next_dagrun for example_xcom_args_with_operators to None
[2021-07-01 10:11:56,420] {scheduler_job.py:190} INFO - Processing /home/airflow/.local/lib/python3.6/site-packages/airflow/example_dags/example_xcomargs.py took 1.200 seconds
[2021-07-01 10:12:26,556] {scheduler_job.py:182} INFO - Started process (PID=83) to work on /home/airflow/.local/lib/python3.6/site-packages/airflow/example_dags/example_xcomargs.py
[2021-07-01 10:12:26,567] {scheduler_job.py:633} INFO - Processing file /home/airflow/.local/lib/python3.6/site-packages/airflow/example_dags/example_xcomargs.py for tasks to queue
[2021-07-01 10:12:26,574] {logging_mixin.py:104} INFO - [2021-07-01 10:12:26,574] {dagbag.py:487} INFO - Filling up the DagBag from /home/airflow/.local/lib/python3.6/site-packages/airflow/example_dags/example_xcomargs.py
[2021-07-01 10:12:26,617] {scheduler_job.py:643} INFO - DAG(s) dict_keys(['example_xcom_args', 'example_xcom_args_with_operators']) retrieved from /home/airflow/.local/lib/python3.6/site-packages/airflow/example_dags/example_xcomargs.py
[2021-07-01 10:12:27,196] {logging_mixin.py:104} INFO - [2021-07-01 10:12:27,196] {dag.py:1832} INFO - Sync 2 DAGs
[2021-07-01 10:12:27,212] {logging_mixin.py:104} INFO - [2021-07-01 10:12:27,212] {dag.py:2305} INFO - Setting next_dagrun for example_xcom_args to None
[2021-07-01 10:12:27,214] {logging_mixin.py:104} INFO - [2021-07-01 10:12:27,214] {dag.py:2305} INFO - Setting next_dagrun for example_xcom_args_with_operators to None
[2021-07-01 10:12:27,229] {scheduler_job.py:190} INFO - Processing /home/airflow/.local/lib/python3.6/site-packages/airflow/example_dags/example_xcomargs.py took 0.680 seconds
[2021-07-01 10:12:57,612] {scheduler_job.py:182} INFO - Started process (PID=153) to work on /home/airflow/.local/lib/python3.6/site-packages/airflow/example_dags/example_xcomargs.py
[2021-07-01 10:12:57,616] {scheduler_job.py:633} INFO - Processing file /home/airflow/.local/lib/python3.6/site-packages/airflow/example_dags/example_xcomargs.py for tasks to queue
[2021-07-01 10:12:57,617] {logging_mixin.py:104} INFO - [2021-07-01 10:12:57,617] {dagbag.py:487} INFO - Filling up the DagBag from /home/airflow/.local/lib/python3.6/site-packages/airflow/example_dags/example_xcomargs.py
[2021-07-01 10:12:57,665] {scheduler_job.py:643} INFO - DAG(s) dict_keys(['example_xcom_args', 'example_xcom_args_with_operators']) retrieved from /home/airflow/.local/lib/python3.6/site-packages/airflow/example_dags/example_xcomargs.py
[2021-07-01 10:12:57,950] {logging_mixin.py:104} INFO - [2021-07-01 10:12:57,950] {dag.py:1832} INFO - Sync 2 DAGs
[2021-07-01 10:12:57,969] {logging_mixin.py:104} INFO - [2021-07-01 10:12:57,969] {dag.py:2305} INFO - Setting next_dagrun for example_xcom_args to None
[2021-07-01 10:12:57,970] {logging_mixin.py:104} INFO - [2021-07-01 10:12:57,970] {dag.py:2305} INFO - Setting next_dagrun for example_xcom_args_with_operators to None
[2021-07-01 10:12:57,984] {scheduler_job.py:190} INFO - Processing /home/airflow/.local/lib/python3.6/site-packages/airflow/example_dags/example_xcomargs.py took 0.378 seconds
[2021-07-01 10:13:28,159] {scheduler_job.py:182} INFO - Started process (PID=212) to work on /home/airflow/.local/lib/python3.6/site-packages/airflow/example_dags/example_xcomargs.py
[2021-07-01 10:13:28,162] {scheduler_job.py:633} INFO - Processing file /home/airflow/.local/lib/python3.6/site-packages/airflow/example_dags/example_xcomargs.py for tasks to queue
[2021-07-01 10:13:28,163] {logging_mixin.py:104} INFO - [2021-07-01 10:13:28,163] {dagbag.py:487} INFO - Filling up the DagBag from /home/airflow/.local/lib/python3.6/site-packages/airflow/example_dags/example_xcomargs.py
[2021-07-01 10:13:28,189] {scheduler_job.py:643} INFO - DAG(s) dict_keys(['example_xcom_args', 'example_xcom_args_with_operators']) retrieved from /home/airflow/.local/lib/python3.6/site-packages/airflow/example_dags/example_xcomargs.py
[2021-07-01 10:13:28,437] {logging_mixin.py:104} INFO - [2021-07-01 10:13:28,437] {dag.py:1832} INFO - Sync 2 DAGs
[2021-07-01 10:13:28,452] {logging_mixin.py:104} INFO - [2021-07-01 10:13:28,452] {dag.py:2305} INFO - Setting next_dagrun for example_xcom_args to None
[2021-07-01 10:13:28,454] {logging_mixin.py:104} INFO - [2021-07-01 10:13:28,454] {dag.py:2305} INFO - Setting next_dagrun for example_xcom_args_with_operators to None
[2021-07-01 10:13:28,465] {scheduler_job.py:190} INFO - Processing /home/airflow/.local/lib/python3.6/site-packages/airflow/example_dags/example_xcomargs.py took 0.310 seconds
[2021-07-01 10:13:58,910] {scheduler_job.py:182} INFO - Started process (PID=274) to work on /home/airflow/.local/lib/python3.6/site-packages/airflow/example_dags/example_xcomargs.py
[2021-07-01 10:13:58,914] {scheduler_job.py:633} INFO - Processing file /home/airflow/.local/lib/python3.6/site-packages/airflow/example_dags/example_xcomargs.py for tasks to queue
[2021-07-01 10:13:58,916] {logging_mixin.py:104} INFO - [2021-07-01 10:13:58,916] {dagbag.py:487} INFO - Filling up the DagBag from /home/airflow/.local/lib/python3.6/site-packages/airflow/example_dags/example_xcomargs.py
[2021-07-01 10:13:58,961] {scheduler_job.py:643} INFO - DAG(s) dict_keys(['example_xcom_args', 'example_xcom_args_with_operators']) retrieved from /home/airflow/.local/lib/python3.6/site-packages/airflow/example_dags/example_xcomargs.py
[2021-07-01 10:13:59,503] {logging_mixin.py:104} INFO - [2021-07-01 10:13:59,503] {dag.py:1832} INFO - Sync 2 DAGs
[2021-07-01 10:13:59,527] {logging_mixin.py:104} INFO - [2021-07-01 10:13:59,527] {dag.py:2305} INFO - Setting next_dagrun for example_xcom_args to None
[2021-07-01 10:13:59,539] {logging_mixin.py:104} INFO - [2021-07-01 10:13:59,539] {dag.py:2305} INFO - Setting next_dagrun for example_xcom_args_with_operators to None
[2021-07-01 10:13:59,570] {scheduler_job.py:190} INFO - Processing /home/airflow/.local/lib/python3.6/site-packages/airflow/example_dags/example_xcomargs.py took 0.665 seconds
[2021-07-01 10:14:30,154] {scheduler_job.py:182} INFO - Started process (PID=331) to work on /home/airflow/.local/lib/python3.6/site-packages/airflow/example_dags/example_xcomargs.py
[2021-07-01 10:14:30,158] {scheduler_job.py:633} INFO - Processing file /home/airflow/.local/lib/python3.6/site-packages/airflow/example_dags/example_xcomargs.py for tasks to queue
[2021-07-01 10:14:30,160] {logging_mixin.py:104} INFO - [2021-07-01 10:14:30,160] {dagbag.py:487} INFO - Filling up the DagBag from /home/airflow/.local/lib/python3.6/site-packages/airflow/example_dags/example_xcomargs.py
[2021-07-01 10:14:30,189] {scheduler_job.py:643} INFO - DAG(s) dict_keys(['example_xcom_args', 'example_xcom_args_with_operators']) retrieved from /home/airflow/.local/lib/python3.6/site-packages/airflow/example_dags/example_xcomargs.py
[2021-07-01 10:14:30,437] {logging_mixin.py:104} INFO - [2021-07-01 10:14:30,437] {dag.py:1832} INFO - Sync 2 DAGs
[2021-07-01 10:14:30,454] {logging_mixin.py:104} INFO - [2021-07-01 10:14:30,454] {dag.py:2305} INFO - Setting next_dagrun for example_xcom_args to None
[2021-07-01 10:14:30,456] {logging_mixin.py:104} INFO - [2021-07-01 10:14:30,456] {dag.py:2305} INFO - Setting next_dagrun for example_xcom_args_with_operators to None
[2021-07-01 10:14:30,467] {scheduler_job.py:190} INFO - Processing /home/airflow/.local/lib/python3.6/site-packages/airflow/example_dags/example_xcomargs.py took 0.319 seconds
[2021-07-01 10:15:00,566] {scheduler_job.py:182} INFO - Started process (PID=399) to work on /home/airflow/.local/lib/python3.6/site-packages/airflow/example_dags/example_xcomargs.py
[2021-07-01 10:15:00,569] {scheduler_job.py:633} INFO - Processing file /home/airflow/.local/lib/python3.6/site-packages/airflow/example_dags/example_xcomargs.py for tasks to queue
[2021-07-01 10:15:00,571] {logging_mixin.py:104} INFO - [2021-07-01 10:15:00,571] {dagbag.py:487} INFO - Filling up the DagBag from /home/airflow/.local/lib/python3.6/site-packages/airflow/example_dags/example_xcomargs.py
[2021-07-01 10:15:00,596] {scheduler_job.py:643} INFO - DAG(s) dict_keys(['example_xcom_args', 'example_xcom_args_with_operators']) retrieved from /home/airflow/.local/lib/python3.6/site-packages/airflow/example_dags/example_xcomargs.py
[2021-07-01 10:15:00,623] {logging_mixin.py:104} INFO - [2021-07-01 10:15:00,623] {dag.py:1832} INFO - Sync 2 DAGs
[2021-07-01 10:15:00,648] {logging_mixin.py:104} INFO - [2021-07-01 10:15:00,648] {dag.py:2305} INFO - Setting next_dagrun for example_xcom_args to None
[2021-07-01 10:15:00,652] {logging_mixin.py:104} INFO - [2021-07-01 10:15:00,652] {dag.py:2305} INFO - Setting next_dagrun for example_xcom_args_with_operators to None
[2021-07-01 10:15:00,664] {scheduler_job.py:190} INFO - Processing /home/airflow/.local/lib/python3.6/site-packages/airflow/example_dags/example_xcomargs.py took 0.104 seconds
[2021-07-01 10:15:30,757] {scheduler_job.py:182} INFO - Started process (PID=457) to work on /home/airflow/.local/lib/python3.6/site-packages/airflow/example_dags/example_xcomargs.py
[2021-07-01 10:15:30,762] {scheduler_job.py:633} INFO - Processing file /home/airflow/.local/lib/python3.6/site-packages/airflow/example_dags/example_xcomargs.py for tasks to queue
[2021-07-01 10:15:30,773] {logging_mixin.py:104} INFO - [2021-07-01 10:15:30,772] {dagbag.py:487} INFO - Filling up the DagBag from /home/airflow/.local/lib/python3.6/site-packages/airflow/example_dags/example_xcomargs.py
[2021-07-01 10:15:30,814] {scheduler_job.py:643} INFO - DAG(s) dict_keys(['example_xcom_args', 'example_xcom_args_with_operators']) retrieved from /home/airflow/.local/lib/python3.6/site-packages/airflow/example_dags/example_xcomargs.py
[2021-07-01 10:15:31,145] {logging_mixin.py:104} INFO - [2021-07-01 10:15:31,144] {dag.py:1832} INFO - Sync 2 DAGs
[2021-07-01 10:15:31,172] {logging_mixin.py:104} INFO - [2021-07-01 10:15:31,172] {dag.py:2305} INFO - Setting next_dagrun for example_xcom_args to None
[2021-07-01 10:15:31,178] {logging_mixin.py:104} INFO - [2021-07-01 10:15:31,178] {dag.py:2305} INFO - Setting next_dagrun for example_xcom_args_with_operators to None
[2021-07-01 10:15:31,198] {scheduler_job.py:190} INFO - Processing /home/airflow/.local/lib/python3.6/site-packages/airflow/example_dags/example_xcomargs.py took 0.444 seconds
[2021-07-01 10:16:02,153] {scheduler_job.py:182} INFO - Started process (PID=520) to work on /home/airflow/.local/lib/python3.6/site-packages/airflow/example_dags/example_xcomargs.py
[2021-07-01 10:16:02,158] {scheduler_job.py:633} INFO - Processing file /home/airflow/.local/lib/python3.6/site-packages/airflow/example_dags/example_xcomargs.py for tasks to queue
[2021-07-01 10:16:02,159] {logging_mixin.py:104} INFO - [2021-07-01 10:16:02,159] {dagbag.py:487} INFO - Filling up the DagBag from /home/airflow/.local/lib/python3.6/site-packages/airflow/example_dags/example_xcomargs.py
[2021-07-01 10:16:02,183] {scheduler_job.py:643} INFO - DAG(s) dict_keys(['example_xcom_args', 'example_xcom_args_with_operators']) retrieved from /home/airflow/.local/lib/python3.6/site-packages/airflow/example_dags/example_xcomargs.py
[2021-07-01 10:16:02,430] {logging_mixin.py:104} INFO - [2021-07-01 10:16:02,430] {dag.py:1832} INFO - Sync 2 DAGs
[2021-07-01 10:16:02,446] {logging_mixin.py:104} INFO - [2021-07-01 10:16:02,446] {dag.py:2305} INFO - Setting next_dagrun for example_xcom_args to None
[2021-07-01 10:16:02,447] {logging_mixin.py:104} INFO - [2021-07-01 10:16:02,447] {dag.py:2305} INFO - Setting next_dagrun for example_xcom_args_with_operators to None
[2021-07-01 10:16:02,457] {scheduler_job.py:190} INFO - Processing /home/airflow/.local/lib/python3.6/site-packages/airflow/example_dags/example_xcomargs.py took 0.309 seconds
