[2021-07-01 10:11:56,499] {scheduler_job.py:182} INFO - Started process (PID=29) to work on /home/airflow/.local/lib/python3.6/site-packages/airflow/example_dags/example_branch_python_dop_operator_3.py
[2021-07-01 10:11:56,525] {scheduler_job.py:633} INFO - Processing file /home/airflow/.local/lib/python3.6/site-packages/airflow/example_dags/example_branch_python_dop_operator_3.py for tasks to queue
[2021-07-01 10:11:56,527] {logging_mixin.py:104} INFO - [2021-07-01 10:11:56,527] {dagbag.py:487} INFO - Filling up the DagBag from /home/airflow/.local/lib/python3.6/site-packages/airflow/example_dags/example_branch_python_dop_operator_3.py
[2021-07-01 10:11:56,592] {scheduler_job.py:643} INFO - DAG(s) dict_keys(['example_branch_dop_operator_v3']) retrieved from /home/airflow/.local/lib/python3.6/site-packages/airflow/example_dags/example_branch_python_dop_operator_3.py
[2021-07-01 10:11:56,664] {logging_mixin.py:104} INFO - [2021-07-01 10:11:56,664] {dag.py:1832} INFO - Sync 1 DAGs
[2021-07-01 10:11:56,743] {logging_mixin.py:104} INFO - [2021-07-01 10:11:56,743] {dag.py:2305} INFO - Setting next_dagrun for example_branch_dop_operator_v3 to 2021-06-29 00:00:00+00:00
[2021-07-01 10:11:56,776] {scheduler_job.py:190} INFO - Processing /home/airflow/.local/lib/python3.6/site-packages/airflow/example_dags/example_branch_python_dop_operator_3.py took 0.289 seconds
[2021-07-01 10:12:27,267] {scheduler_job.py:182} INFO - Started process (PID=85) to work on /home/airflow/.local/lib/python3.6/site-packages/airflow/example_dags/example_branch_python_dop_operator_3.py
[2021-07-01 10:12:27,270] {scheduler_job.py:633} INFO - Processing file /home/airflow/.local/lib/python3.6/site-packages/airflow/example_dags/example_branch_python_dop_operator_3.py for tasks to queue
[2021-07-01 10:12:27,272] {logging_mixin.py:104} INFO - [2021-07-01 10:12:27,271] {dagbag.py:487} INFO - Filling up the DagBag from /home/airflow/.local/lib/python3.6/site-packages/airflow/example_dags/example_branch_python_dop_operator_3.py
[2021-07-01 10:12:27,288] {scheduler_job.py:643} INFO - DAG(s) dict_keys(['example_branch_dop_operator_v3']) retrieved from /home/airflow/.local/lib/python3.6/site-packages/airflow/example_dags/example_branch_python_dop_operator_3.py
[2021-07-01 10:12:27,308] {logging_mixin.py:104} INFO - [2021-07-01 10:12:27,308] {dag.py:1832} INFO - Sync 1 DAGs
[2021-07-01 10:12:27,336] {logging_mixin.py:104} INFO - [2021-07-01 10:12:27,336] {dag.py:2305} INFO - Setting next_dagrun for example_branch_dop_operator_v3 to 2021-06-29 00:00:00+00:00
[2021-07-01 10:12:27,350] {scheduler_job.py:190} INFO - Processing /home/airflow/.local/lib/python3.6/site-packages/airflow/example_dags/example_branch_python_dop_operator_3.py took 0.088 seconds
[2021-07-01 10:12:57,711] {scheduler_job.py:182} INFO - Started process (PID=155) to work on /home/airflow/.local/lib/python3.6/site-packages/airflow/example_dags/example_branch_python_dop_operator_3.py
[2021-07-01 10:12:57,713] {scheduler_job.py:633} INFO - Processing file /home/airflow/.local/lib/python3.6/site-packages/airflow/example_dags/example_branch_python_dop_operator_3.py for tasks to queue
[2021-07-01 10:12:57,714] {logging_mixin.py:104} INFO - [2021-07-01 10:12:57,714] {dagbag.py:487} INFO - Filling up the DagBag from /home/airflow/.local/lib/python3.6/site-packages/airflow/example_dags/example_branch_python_dop_operator_3.py
[2021-07-01 10:12:57,728] {scheduler_job.py:643} INFO - DAG(s) dict_keys(['example_branch_dop_operator_v3']) retrieved from /home/airflow/.local/lib/python3.6/site-packages/airflow/example_dags/example_branch_python_dop_operator_3.py
[2021-07-01 10:12:57,750] {logging_mixin.py:104} INFO - [2021-07-01 10:12:57,750] {dag.py:1832} INFO - Sync 1 DAGs
[2021-07-01 10:12:57,776] {logging_mixin.py:104} INFO - [2021-07-01 10:12:57,776] {dag.py:2305} INFO - Setting next_dagrun for example_branch_dop_operator_v3 to 2021-06-29 00:00:00+00:00
[2021-07-01 10:12:57,785] {scheduler_job.py:190} INFO - Processing /home/airflow/.local/lib/python3.6/site-packages/airflow/example_dags/example_branch_python_dop_operator_3.py took 0.078 seconds
[2021-07-01 10:13:27,947] {scheduler_job.py:182} INFO - Started process (PID=210) to work on /home/airflow/.local/lib/python3.6/site-packages/airflow/example_dags/example_branch_python_dop_operator_3.py
[2021-07-01 10:13:27,950] {scheduler_job.py:633} INFO - Processing file /home/airflow/.local/lib/python3.6/site-packages/airflow/example_dags/example_branch_python_dop_operator_3.py for tasks to queue
[2021-07-01 10:13:27,951] {logging_mixin.py:104} INFO - [2021-07-01 10:13:27,951] {dagbag.py:487} INFO - Filling up the DagBag from /home/airflow/.local/lib/python3.6/site-packages/airflow/example_dags/example_branch_python_dop_operator_3.py
[2021-07-01 10:13:27,973] {scheduler_job.py:643} INFO - DAG(s) dict_keys(['example_branch_dop_operator_v3']) retrieved from /home/airflow/.local/lib/python3.6/site-packages/airflow/example_dags/example_branch_python_dop_operator_3.py
[2021-07-01 10:13:28,030] {logging_mixin.py:104} INFO - [2021-07-01 10:13:28,030] {dag.py:1832} INFO - Sync 1 DAGs
[2021-07-01 10:13:28,098] {logging_mixin.py:104} INFO - [2021-07-01 10:13:28,098] {dag.py:2305} INFO - Setting next_dagrun for example_branch_dop_operator_v3 to 2021-06-29 00:00:00+00:00
[2021-07-01 10:13:28,108] {scheduler_job.py:190} INFO - Processing /home/airflow/.local/lib/python3.6/site-packages/airflow/example_dags/example_branch_python_dop_operator_3.py took 0.167 seconds
[2021-07-01 10:13:59,079] {scheduler_job.py:182} INFO - Started process (PID=276) to work on /home/airflow/.local/lib/python3.6/site-packages/airflow/example_dags/example_branch_python_dop_operator_3.py
[2021-07-01 10:13:59,083] {scheduler_job.py:633} INFO - Processing file /home/airflow/.local/lib/python3.6/site-packages/airflow/example_dags/example_branch_python_dop_operator_3.py for tasks to queue
[2021-07-01 10:13:59,085] {logging_mixin.py:104} INFO - [2021-07-01 10:13:59,084] {dagbag.py:487} INFO - Filling up the DagBag from /home/airflow/.local/lib/python3.6/site-packages/airflow/example_dags/example_branch_python_dop_operator_3.py
[2021-07-01 10:13:59,125] {scheduler_job.py:643} INFO - DAG(s) dict_keys(['example_branch_dop_operator_v3']) retrieved from /home/airflow/.local/lib/python3.6/site-packages/airflow/example_dags/example_branch_python_dop_operator_3.py
[2021-07-01 10:13:59,210] {logging_mixin.py:104} INFO - [2021-07-01 10:13:59,210] {dag.py:1832} INFO - Sync 1 DAGs
[2021-07-01 10:13:59,456] {logging_mixin.py:104} INFO - [2021-07-01 10:13:59,456] {dag.py:2305} INFO - Setting next_dagrun for example_branch_dop_operator_v3 to 2021-06-29 00:00:00+00:00
[2021-07-01 10:13:59,490] {scheduler_job.py:190} INFO - Processing /home/airflow/.local/lib/python3.6/site-packages/airflow/example_dags/example_branch_python_dop_operator_3.py took 0.416 seconds
[2021-07-01 10:14:30,160] {scheduler_job.py:182} INFO - Started process (PID=332) to work on /home/airflow/.local/lib/python3.6/site-packages/airflow/example_dags/example_branch_python_dop_operator_3.py
[2021-07-01 10:14:30,162] {scheduler_job.py:633} INFO - Processing file /home/airflow/.local/lib/python3.6/site-packages/airflow/example_dags/example_branch_python_dop_operator_3.py for tasks to queue
[2021-07-01 10:14:30,163] {logging_mixin.py:104} INFO - [2021-07-01 10:14:30,163] {dagbag.py:487} INFO - Filling up the DagBag from /home/airflow/.local/lib/python3.6/site-packages/airflow/example_dags/example_branch_python_dop_operator_3.py
[2021-07-01 10:14:30,177] {scheduler_job.py:643} INFO - DAG(s) dict_keys(['example_branch_dop_operator_v3']) retrieved from /home/airflow/.local/lib/python3.6/site-packages/airflow/example_dags/example_branch_python_dop_operator_3.py
[2021-07-01 10:14:30,198] {logging_mixin.py:104} INFO - [2021-07-01 10:14:30,198] {dag.py:1832} INFO - Sync 1 DAGs
[2021-07-01 10:14:30,223] {logging_mixin.py:104} INFO - [2021-07-01 10:14:30,223] {dag.py:2305} INFO - Setting next_dagrun for example_branch_dop_operator_v3 to 2021-06-29 00:00:00+00:00
[2021-07-01 10:14:30,233] {scheduler_job.py:190} INFO - Processing /home/airflow/.local/lib/python3.6/site-packages/airflow/example_dags/example_branch_python_dop_operator_3.py took 0.077 seconds
[2021-07-01 10:15:00,302] {scheduler_job.py:182} INFO - Started process (PID=396) to work on /home/airflow/.local/lib/python3.6/site-packages/airflow/example_dags/example_branch_python_dop_operator_3.py
[2021-07-01 10:15:00,306] {scheduler_job.py:633} INFO - Processing file /home/airflow/.local/lib/python3.6/site-packages/airflow/example_dags/example_branch_python_dop_operator_3.py for tasks to queue
[2021-07-01 10:15:00,308] {logging_mixin.py:104} INFO - [2021-07-01 10:15:00,307] {dagbag.py:487} INFO - Filling up the DagBag from /home/airflow/.local/lib/python3.6/site-packages/airflow/example_dags/example_branch_python_dop_operator_3.py
[2021-07-01 10:15:00,323] {scheduler_job.py:643} INFO - DAG(s) dict_keys(['example_branch_dop_operator_v3']) retrieved from /home/airflow/.local/lib/python3.6/site-packages/airflow/example_dags/example_branch_python_dop_operator_3.py
[2021-07-01 10:15:00,344] {logging_mixin.py:104} INFO - [2021-07-01 10:15:00,344] {dag.py:1832} INFO - Sync 1 DAGs
[2021-07-01 10:15:00,375] {logging_mixin.py:104} INFO - [2021-07-01 10:15:00,375] {dag.py:2305} INFO - Setting next_dagrun for example_branch_dop_operator_v3 to 2021-06-29 00:00:00+00:00
[2021-07-01 10:15:00,388] {scheduler_job.py:190} INFO - Processing /home/airflow/.local/lib/python3.6/site-packages/airflow/example_dags/example_branch_python_dop_operator_3.py took 0.092 seconds
[2021-07-01 10:15:30,770] {scheduler_job.py:182} INFO - Started process (PID=458) to work on /home/airflow/.local/lib/python3.6/site-packages/airflow/example_dags/example_branch_python_dop_operator_3.py
[2021-07-01 10:15:30,778] {scheduler_job.py:633} INFO - Processing file /home/airflow/.local/lib/python3.6/site-packages/airflow/example_dags/example_branch_python_dop_operator_3.py for tasks to queue
[2021-07-01 10:15:30,780] {logging_mixin.py:104} INFO - [2021-07-01 10:15:30,779] {dagbag.py:487} INFO - Filling up the DagBag from /home/airflow/.local/lib/python3.6/site-packages/airflow/example_dags/example_branch_python_dop_operator_3.py
[2021-07-01 10:15:30,806] {scheduler_job.py:643} INFO - DAG(s) dict_keys(['example_branch_dop_operator_v3']) retrieved from /home/airflow/.local/lib/python3.6/site-packages/airflow/example_dags/example_branch_python_dop_operator_3.py
[2021-07-01 10:15:30,849] {logging_mixin.py:104} INFO - [2021-07-01 10:15:30,849] {dag.py:1832} INFO - Sync 1 DAGs
[2021-07-01 10:15:30,900] {logging_mixin.py:104} INFO - [2021-07-01 10:15:30,900] {dag.py:2305} INFO - Setting next_dagrun for example_branch_dop_operator_v3 to 2021-06-29 00:00:00+00:00
[2021-07-01 10:15:30,923] {scheduler_job.py:190} INFO - Processing /home/airflow/.local/lib/python3.6/site-packages/airflow/example_dags/example_branch_python_dop_operator_3.py took 0.159 seconds
[2021-07-01 10:16:01,007] {scheduler_job.py:182} INFO - Started process (PID=518) to work on /home/airflow/.local/lib/python3.6/site-packages/airflow/example_dags/example_branch_python_dop_operator_3.py
[2021-07-01 10:16:01,011] {scheduler_job.py:633} INFO - Processing file /home/airflow/.local/lib/python3.6/site-packages/airflow/example_dags/example_branch_python_dop_operator_3.py for tasks to queue
[2021-07-01 10:16:01,013] {logging_mixin.py:104} INFO - [2021-07-01 10:16:01,013] {dagbag.py:487} INFO - Filling up the DagBag from /home/airflow/.local/lib/python3.6/site-packages/airflow/example_dags/example_branch_python_dop_operator_3.py
[2021-07-01 10:16:01,039] {scheduler_job.py:643} INFO - DAG(s) dict_keys(['example_branch_dop_operator_v3']) retrieved from /home/airflow/.local/lib/python3.6/site-packages/airflow/example_dags/example_branch_python_dop_operator_3.py
[2021-07-01 10:16:01,075] {logging_mixin.py:104} INFO - [2021-07-01 10:16:01,074] {dag.py:1832} INFO - Sync 1 DAGs
[2021-07-01 10:16:01,104] {logging_mixin.py:104} INFO - [2021-07-01 10:16:01,104] {dag.py:2305} INFO - Setting next_dagrun for example_branch_dop_operator_v3 to 2021-06-29 00:00:00+00:00
[2021-07-01 10:16:01,117] {scheduler_job.py:190} INFO - Processing /home/airflow/.local/lib/python3.6/site-packages/airflow/example_dags/example_branch_python_dop_operator_3.py took 0.116 seconds
