[2021-07-01 10:11:59,443] {scheduler_job.py:182} INFO - Started process (PID=48) to work on /home/airflow/.local/lib/python3.6/site-packages/airflow/example_dags/example_kubernetes_executor_config.py
[2021-07-01 10:11:59,454] {scheduler_job.py:633} INFO - Processing file /home/airflow/.local/lib/python3.6/site-packages/airflow/example_dags/example_kubernetes_executor_config.py for tasks to queue
[2021-07-01 10:11:59,463] {logging_mixin.py:104} INFO - [2021-07-01 10:11:59,461] {dagbag.py:487} INFO - Filling up the DagBag from /home/airflow/.local/lib/python3.6/site-packages/airflow/example_dags/example_kubernetes_executor_config.py
[2021-07-01 10:11:59,542] {scheduler_job.py:643} INFO - DAG(s) dict_keys(['example_kubernetes_executor_config']) retrieved from /home/airflow/.local/lib/python3.6/site-packages/airflow/example_dags/example_kubernetes_executor_config.py
[2021-07-01 10:11:59,635] {logging_mixin.py:104} INFO - [2021-07-01 10:11:59,635] {dag.py:1832} INFO - Sync 1 DAGs
[2021-07-01 10:11:59,726] {logging_mixin.py:104} INFO - [2021-07-01 10:11:59,726] {dag.py:2305} INFO - Setting next_dagrun for example_kubernetes_executor_config to None
[2021-07-01 10:11:59,772] {scheduler_job.py:190} INFO - Processing /home/airflow/.local/lib/python3.6/site-packages/airflow/example_dags/example_kubernetes_executor_config.py took 0.347 seconds
[2021-07-01 10:12:30,508] {scheduler_job.py:182} INFO - Started process (PID=106) to work on /home/airflow/.local/lib/python3.6/site-packages/airflow/example_dags/example_kubernetes_executor_config.py
[2021-07-01 10:12:30,514] {scheduler_job.py:633} INFO - Processing file /home/airflow/.local/lib/python3.6/site-packages/airflow/example_dags/example_kubernetes_executor_config.py for tasks to queue
[2021-07-01 10:12:30,516] {logging_mixin.py:104} INFO - [2021-07-01 10:12:30,515] {dagbag.py:487} INFO - Filling up the DagBag from /home/airflow/.local/lib/python3.6/site-packages/airflow/example_dags/example_kubernetes_executor_config.py
[2021-07-01 10:12:30,577] {scheduler_job.py:643} INFO - DAG(s) dict_keys(['example_kubernetes_executor_config']) retrieved from /home/airflow/.local/lib/python3.6/site-packages/airflow/example_dags/example_kubernetes_executor_config.py
[2021-07-01 10:12:30,637] {logging_mixin.py:104} INFO - [2021-07-01 10:12:30,637] {dag.py:1832} INFO - Sync 1 DAGs
[2021-07-01 10:12:30,668] {logging_mixin.py:104} INFO - [2021-07-01 10:12:30,668] {dag.py:2305} INFO - Setting next_dagrun for example_kubernetes_executor_config to None
[2021-07-01 10:12:30,685] {scheduler_job.py:190} INFO - Processing /home/airflow/.local/lib/python3.6/site-packages/airflow/example_dags/example_kubernetes_executor_config.py took 0.187 seconds
[2021-07-01 10:13:01,675] {scheduler_job.py:182} INFO - Started process (PID=164) to work on /home/airflow/.local/lib/python3.6/site-packages/airflow/example_dags/example_kubernetes_executor_config.py
[2021-07-01 10:13:01,677] {scheduler_job.py:633} INFO - Processing file /home/airflow/.local/lib/python3.6/site-packages/airflow/example_dags/example_kubernetes_executor_config.py for tasks to queue
[2021-07-01 10:13:01,679] {logging_mixin.py:104} INFO - [2021-07-01 10:13:01,679] {dagbag.py:487} INFO - Filling up the DagBag from /home/airflow/.local/lib/python3.6/site-packages/airflow/example_dags/example_kubernetes_executor_config.py
[2021-07-01 10:13:01,697] {scheduler_job.py:643} INFO - DAG(s) dict_keys(['example_kubernetes_executor_config']) retrieved from /home/airflow/.local/lib/python3.6/site-packages/airflow/example_dags/example_kubernetes_executor_config.py
[2021-07-01 10:13:01,727] {logging_mixin.py:104} INFO - [2021-07-01 10:13:01,727] {dag.py:1832} INFO - Sync 1 DAGs
[2021-07-01 10:13:01,745] {logging_mixin.py:104} INFO - [2021-07-01 10:13:01,745] {dag.py:2305} INFO - Setting next_dagrun for example_kubernetes_executor_config to None
[2021-07-01 10:13:01,756] {scheduler_job.py:190} INFO - Processing /home/airflow/.local/lib/python3.6/site-packages/airflow/example_dags/example_kubernetes_executor_config.py took 0.088 seconds
[2021-07-01 10:13:33,013] {scheduler_job.py:182} INFO - Started process (PID=230) to work on /home/airflow/.local/lib/python3.6/site-packages/airflow/example_dags/example_kubernetes_executor_config.py
[2021-07-01 10:13:33,021] {scheduler_job.py:633} INFO - Processing file /home/airflow/.local/lib/python3.6/site-packages/airflow/example_dags/example_kubernetes_executor_config.py for tasks to queue
[2021-07-01 10:13:33,025] {logging_mixin.py:104} INFO - [2021-07-01 10:13:33,025] {dagbag.py:487} INFO - Filling up the DagBag from /home/airflow/.local/lib/python3.6/site-packages/airflow/example_dags/example_kubernetes_executor_config.py
[2021-07-01 10:13:33,075] {scheduler_job.py:643} INFO - DAG(s) dict_keys(['example_kubernetes_executor_config']) retrieved from /home/airflow/.local/lib/python3.6/site-packages/airflow/example_dags/example_kubernetes_executor_config.py
[2021-07-01 10:13:33,129] {logging_mixin.py:104} INFO - [2021-07-01 10:13:33,129] {dag.py:1832} INFO - Sync 1 DAGs
[2021-07-01 10:13:33,163] {logging_mixin.py:104} INFO - [2021-07-01 10:13:33,163] {dag.py:2305} INFO - Setting next_dagrun for example_kubernetes_executor_config to None
[2021-07-01 10:13:33,179] {scheduler_job.py:190} INFO - Processing /home/airflow/.local/lib/python3.6/site-packages/airflow/example_dags/example_kubernetes_executor_config.py took 0.180 seconds
[2021-07-01 10:14:03,922] {scheduler_job.py:182} INFO - Started process (PID=284) to work on /home/airflow/.local/lib/python3.6/site-packages/airflow/example_dags/example_kubernetes_executor_config.py
[2021-07-01 10:14:03,924] {scheduler_job.py:633} INFO - Processing file /home/airflow/.local/lib/python3.6/site-packages/airflow/example_dags/example_kubernetes_executor_config.py for tasks to queue
[2021-07-01 10:14:03,927] {logging_mixin.py:104} INFO - [2021-07-01 10:14:03,926] {dagbag.py:487} INFO - Filling up the DagBag from /home/airflow/.local/lib/python3.6/site-packages/airflow/example_dags/example_kubernetes_executor_config.py
[2021-07-01 10:14:03,946] {scheduler_job.py:643} INFO - DAG(s) dict_keys(['example_kubernetes_executor_config']) retrieved from /home/airflow/.local/lib/python3.6/site-packages/airflow/example_dags/example_kubernetes_executor_config.py
[2021-07-01 10:14:03,972] {logging_mixin.py:104} INFO - [2021-07-01 10:14:03,972] {dag.py:1832} INFO - Sync 1 DAGs
[2021-07-01 10:14:03,998] {logging_mixin.py:104} INFO - [2021-07-01 10:14:03,998] {dag.py:2305} INFO - Setting next_dagrun for example_kubernetes_executor_config to None
[2021-07-01 10:14:04,010] {scheduler_job.py:190} INFO - Processing /home/airflow/.local/lib/python3.6/site-packages/airflow/example_dags/example_kubernetes_executor_config.py took 0.093 seconds
[2021-07-01 10:14:34,780] {scheduler_job.py:182} INFO - Started process (PID=351) to work on /home/airflow/.local/lib/python3.6/site-packages/airflow/example_dags/example_kubernetes_executor_config.py
[2021-07-01 10:14:34,782] {scheduler_job.py:633} INFO - Processing file /home/airflow/.local/lib/python3.6/site-packages/airflow/example_dags/example_kubernetes_executor_config.py for tasks to queue
[2021-07-01 10:14:34,783] {logging_mixin.py:104} INFO - [2021-07-01 10:14:34,783] {dagbag.py:487} INFO - Filling up the DagBag from /home/airflow/.local/lib/python3.6/site-packages/airflow/example_dags/example_kubernetes_executor_config.py
[2021-07-01 10:14:34,798] {scheduler_job.py:643} INFO - DAG(s) dict_keys(['example_kubernetes_executor_config']) retrieved from /home/airflow/.local/lib/python3.6/site-packages/airflow/example_dags/example_kubernetes_executor_config.py
[2021-07-01 10:14:34,818] {logging_mixin.py:104} INFO - [2021-07-01 10:14:34,818] {dag.py:1832} INFO - Sync 1 DAGs
[2021-07-01 10:14:34,836] {logging_mixin.py:104} INFO - [2021-07-01 10:14:34,836] {dag.py:2305} INFO - Setting next_dagrun for example_kubernetes_executor_config to None
[2021-07-01 10:14:34,845] {scheduler_job.py:190} INFO - Processing /home/airflow/.local/lib/python3.6/site-packages/airflow/example_dags/example_kubernetes_executor_config.py took 0.068 seconds
[2021-07-01 10:15:04,961] {scheduler_job.py:182} INFO - Started process (PID=405) to work on /home/airflow/.local/lib/python3.6/site-packages/airflow/example_dags/example_kubernetes_executor_config.py
[2021-07-01 10:15:04,965] {scheduler_job.py:633} INFO - Processing file /home/airflow/.local/lib/python3.6/site-packages/airflow/example_dags/example_kubernetes_executor_config.py for tasks to queue
[2021-07-01 10:15:04,968] {logging_mixin.py:104} INFO - [2021-07-01 10:15:04,967] {dagbag.py:487} INFO - Filling up the DagBag from /home/airflow/.local/lib/python3.6/site-packages/airflow/example_dags/example_kubernetes_executor_config.py
[2021-07-01 10:15:04,991] {scheduler_job.py:643} INFO - DAG(s) dict_keys(['example_kubernetes_executor_config']) retrieved from /home/airflow/.local/lib/python3.6/site-packages/airflow/example_dags/example_kubernetes_executor_config.py
[2021-07-01 10:15:05,022] {logging_mixin.py:104} INFO - [2021-07-01 10:15:05,022] {dag.py:1832} INFO - Sync 1 DAGs
[2021-07-01 10:15:05,046] {logging_mixin.py:104} INFO - [2021-07-01 10:15:05,046] {dag.py:2305} INFO - Setting next_dagrun for example_kubernetes_executor_config to None
[2021-07-01 10:15:05,062] {scheduler_job.py:190} INFO - Processing /home/airflow/.local/lib/python3.6/site-packages/airflow/example_dags/example_kubernetes_executor_config.py took 0.112 seconds
[2021-07-01 10:15:35,796] {scheduler_job.py:182} INFO - Started process (PID=472) to work on /home/airflow/.local/lib/python3.6/site-packages/airflow/example_dags/example_kubernetes_executor_config.py
[2021-07-01 10:15:35,801] {scheduler_job.py:633} INFO - Processing file /home/airflow/.local/lib/python3.6/site-packages/airflow/example_dags/example_kubernetes_executor_config.py for tasks to queue
[2021-07-01 10:15:35,803] {logging_mixin.py:104} INFO - [2021-07-01 10:15:35,803] {dagbag.py:487} INFO - Filling up the DagBag from /home/airflow/.local/lib/python3.6/site-packages/airflow/example_dags/example_kubernetes_executor_config.py
[2021-07-01 10:15:35,821] {scheduler_job.py:643} INFO - DAG(s) dict_keys(['example_kubernetes_executor_config']) retrieved from /home/airflow/.local/lib/python3.6/site-packages/airflow/example_dags/example_kubernetes_executor_config.py
[2021-07-01 10:15:35,851] {logging_mixin.py:104} INFO - [2021-07-01 10:15:35,851] {dag.py:1832} INFO - Sync 1 DAGs
[2021-07-01 10:15:35,876] {logging_mixin.py:104} INFO - [2021-07-01 10:15:35,876] {dag.py:2305} INFO - Setting next_dagrun for example_kubernetes_executor_config to None
[2021-07-01 10:15:35,891] {scheduler_job.py:190} INFO - Processing /home/airflow/.local/lib/python3.6/site-packages/airflow/example_dags/example_kubernetes_executor_config.py took 0.098 seconds
[2021-07-01 10:16:06,739] {scheduler_job.py:182} INFO - Started process (PID=528) to work on /home/airflow/.local/lib/python3.6/site-packages/airflow/example_dags/example_kubernetes_executor_config.py
[2021-07-01 10:16:06,742] {scheduler_job.py:633} INFO - Processing file /home/airflow/.local/lib/python3.6/site-packages/airflow/example_dags/example_kubernetes_executor_config.py for tasks to queue
[2021-07-01 10:16:06,743] {logging_mixin.py:104} INFO - [2021-07-01 10:16:06,743] {dagbag.py:487} INFO - Filling up the DagBag from /home/airflow/.local/lib/python3.6/site-packages/airflow/example_dags/example_kubernetes_executor_config.py
[2021-07-01 10:16:06,764] {scheduler_job.py:643} INFO - DAG(s) dict_keys(['example_kubernetes_executor_config']) retrieved from /home/airflow/.local/lib/python3.6/site-packages/airflow/example_dags/example_kubernetes_executor_config.py
[2021-07-01 10:16:06,803] {logging_mixin.py:104} INFO - [2021-07-01 10:16:06,803] {dag.py:1832} INFO - Sync 1 DAGs
[2021-07-01 10:16:06,840] {logging_mixin.py:104} INFO - [2021-07-01 10:16:06,840] {dag.py:2305} INFO - Setting next_dagrun for example_kubernetes_executor_config to None
[2021-07-01 10:16:06,858] {scheduler_job.py:190} INFO - Processing /home/airflow/.local/lib/python3.6/site-packages/airflow/example_dags/example_kubernetes_executor_config.py took 0.125 seconds
