[2021-07-01 10:11:59,859] {scheduler_job.py:182} INFO - Started process (PID=50) to work on /home/airflow/.local/lib/python3.6/site-packages/airflow/example_dags/tutorial.py
[2021-07-01 10:11:59,880] {scheduler_job.py:633} INFO - Processing file /home/airflow/.local/lib/python3.6/site-packages/airflow/example_dags/tutorial.py for tasks to queue
[2021-07-01 10:11:59,888] {logging_mixin.py:104} INFO - [2021-07-01 10:11:59,887] {dagbag.py:487} INFO - Filling up the DagBag from /home/airflow/.local/lib/python3.6/site-packages/airflow/example_dags/tutorial.py
[2021-07-01 10:12:00,003] {scheduler_job.py:643} INFO - DAG(s) dict_keys(['tutorial']) retrieved from /home/airflow/.local/lib/python3.6/site-packages/airflow/example_dags/tutorial.py
[2021-07-01 10:12:00,134] {logging_mixin.py:104} INFO - [2021-07-01 10:12:00,134] {dag.py:1832} INFO - Sync 1 DAGs
[2021-07-01 10:12:00,236] {logging_mixin.py:104} INFO - [2021-07-01 10:12:00,236] {dag.py:2305} INFO - Setting next_dagrun for tutorial to 2021-06-29 00:00:00+00:00
[2021-07-01 10:12:00,274] {scheduler_job.py:190} INFO - Processing /home/airflow/.local/lib/python3.6/site-packages/airflow/example_dags/tutorial.py took 0.430 seconds
[2021-07-01 10:12:30,722] {scheduler_job.py:182} INFO - Started process (PID=108) to work on /home/airflow/.local/lib/python3.6/site-packages/airflow/example_dags/tutorial.py
[2021-07-01 10:12:30,725] {scheduler_job.py:633} INFO - Processing file /home/airflow/.local/lib/python3.6/site-packages/airflow/example_dags/tutorial.py for tasks to queue
[2021-07-01 10:12:30,727] {logging_mixin.py:104} INFO - [2021-07-01 10:12:30,727] {dagbag.py:487} INFO - Filling up the DagBag from /home/airflow/.local/lib/python3.6/site-packages/airflow/example_dags/tutorial.py
[2021-07-01 10:12:30,741] {scheduler_job.py:643} INFO - DAG(s) dict_keys(['tutorial']) retrieved from /home/airflow/.local/lib/python3.6/site-packages/airflow/example_dags/tutorial.py
[2021-07-01 10:12:30,759] {logging_mixin.py:104} INFO - [2021-07-01 10:12:30,759] {dag.py:1832} INFO - Sync 1 DAGs
[2021-07-01 10:12:30,778] {logging_mixin.py:104} INFO - [2021-07-01 10:12:30,778] {dag.py:2305} INFO - Setting next_dagrun for tutorial to 2021-06-29 00:00:00+00:00
[2021-07-01 10:12:30,793] {scheduler_job.py:190} INFO - Processing /home/airflow/.local/lib/python3.6/site-packages/airflow/example_dags/tutorial.py took 0.077 seconds
[2021-07-01 10:13:01,893] {scheduler_job.py:182} INFO - Started process (PID=166) to work on /home/airflow/.local/lib/python3.6/site-packages/airflow/example_dags/tutorial.py
[2021-07-01 10:13:01,903] {scheduler_job.py:633} INFO - Processing file /home/airflow/.local/lib/python3.6/site-packages/airflow/example_dags/tutorial.py for tasks to queue
[2021-07-01 10:13:01,905] {logging_mixin.py:104} INFO - [2021-07-01 10:13:01,905] {dagbag.py:487} INFO - Filling up the DagBag from /home/airflow/.local/lib/python3.6/site-packages/airflow/example_dags/tutorial.py
[2021-07-01 10:13:01,938] {scheduler_job.py:643} INFO - DAG(s) dict_keys(['tutorial']) retrieved from /home/airflow/.local/lib/python3.6/site-packages/airflow/example_dags/tutorial.py
[2021-07-01 10:13:02,274] {logging_mixin.py:104} INFO - [2021-07-01 10:13:02,273] {dag.py:1832} INFO - Sync 1 DAGs
[2021-07-01 10:13:02,289] {logging_mixin.py:104} INFO - [2021-07-01 10:13:02,289] {dag.py:2305} INFO - Setting next_dagrun for tutorial to 2021-06-29 00:00:00+00:00
[2021-07-01 10:13:02,303] {scheduler_job.py:190} INFO - Processing /home/airflow/.local/lib/python3.6/site-packages/airflow/example_dags/tutorial.py took 0.416 seconds
[2021-07-01 10:13:33,695] {scheduler_job.py:182} INFO - Started process (PID=233) to work on /home/airflow/.local/lib/python3.6/site-packages/airflow/example_dags/tutorial.py
[2021-07-01 10:13:33,702] {scheduler_job.py:633} INFO - Processing file /home/airflow/.local/lib/python3.6/site-packages/airflow/example_dags/tutorial.py for tasks to queue
[2021-07-01 10:13:33,709] {logging_mixin.py:104} INFO - [2021-07-01 10:13:33,708] {dagbag.py:487} INFO - Filling up the DagBag from /home/airflow/.local/lib/python3.6/site-packages/airflow/example_dags/tutorial.py
[2021-07-01 10:13:33,749] {scheduler_job.py:643} INFO - DAG(s) dict_keys(['tutorial']) retrieved from /home/airflow/.local/lib/python3.6/site-packages/airflow/example_dags/tutorial.py
[2021-07-01 10:13:33,794] {logging_mixin.py:104} INFO - [2021-07-01 10:13:33,794] {dag.py:1832} INFO - Sync 1 DAGs
[2021-07-01 10:13:33,819] {logging_mixin.py:104} INFO - [2021-07-01 10:13:33,819] {dag.py:2305} INFO - Setting next_dagrun for tutorial to 2021-06-29 00:00:00+00:00
[2021-07-01 10:13:33,839] {scheduler_job.py:190} INFO - Processing /home/airflow/.local/lib/python3.6/site-packages/airflow/example_dags/tutorial.py took 0.194 seconds
[2021-07-01 10:14:04,042] {scheduler_job.py:182} INFO - Started process (PID=286) to work on /home/airflow/.local/lib/python3.6/site-packages/airflow/example_dags/tutorial.py
[2021-07-01 10:14:04,044] {scheduler_job.py:633} INFO - Processing file /home/airflow/.local/lib/python3.6/site-packages/airflow/example_dags/tutorial.py for tasks to queue
[2021-07-01 10:14:04,047] {logging_mixin.py:104} INFO - [2021-07-01 10:14:04,046] {dagbag.py:487} INFO - Filling up the DagBag from /home/airflow/.local/lib/python3.6/site-packages/airflow/example_dags/tutorial.py
[2021-07-01 10:14:04,062] {scheduler_job.py:643} INFO - DAG(s) dict_keys(['tutorial']) retrieved from /home/airflow/.local/lib/python3.6/site-packages/airflow/example_dags/tutorial.py
[2021-07-01 10:14:04,082] {logging_mixin.py:104} INFO - [2021-07-01 10:14:04,081] {dag.py:1832} INFO - Sync 1 DAGs
[2021-07-01 10:14:04,103] {logging_mixin.py:104} INFO - [2021-07-01 10:14:04,103] {dag.py:2305} INFO - Setting next_dagrun for tutorial to 2021-06-29 00:00:00+00:00
[2021-07-01 10:14:04,116] {scheduler_job.py:190} INFO - Processing /home/airflow/.local/lib/python3.6/site-packages/airflow/example_dags/tutorial.py took 0.080 seconds
[2021-07-01 10:14:34,956] {scheduler_job.py:182} INFO - Started process (PID=353) to work on /home/airflow/.local/lib/python3.6/site-packages/airflow/example_dags/tutorial.py
[2021-07-01 10:14:34,958] {scheduler_job.py:633} INFO - Processing file /home/airflow/.local/lib/python3.6/site-packages/airflow/example_dags/tutorial.py for tasks to queue
[2021-07-01 10:14:34,959] {logging_mixin.py:104} INFO - [2021-07-01 10:14:34,959] {dagbag.py:487} INFO - Filling up the DagBag from /home/airflow/.local/lib/python3.6/site-packages/airflow/example_dags/tutorial.py
[2021-07-01 10:14:34,972] {scheduler_job.py:643} INFO - DAG(s) dict_keys(['tutorial']) retrieved from /home/airflow/.local/lib/python3.6/site-packages/airflow/example_dags/tutorial.py
[2021-07-01 10:14:35,671] {logging_mixin.py:104} INFO - [2021-07-01 10:14:35,671] {dag.py:1832} INFO - Sync 1 DAGs
[2021-07-01 10:14:35,904] {logging_mixin.py:104} INFO - [2021-07-01 10:14:35,904] {dag.py:2305} INFO - Setting next_dagrun for tutorial to 2021-06-29 00:00:00+00:00
[2021-07-01 10:14:35,958] {scheduler_job.py:190} INFO - Processing /home/airflow/.local/lib/python3.6/site-packages/airflow/example_dags/tutorial.py took 1.006 seconds
[2021-07-01 10:15:06,099] {scheduler_job.py:182} INFO - Started process (PID=408) to work on /home/airflow/.local/lib/python3.6/site-packages/airflow/example_dags/tutorial.py
[2021-07-01 10:15:06,103] {scheduler_job.py:633} INFO - Processing file /home/airflow/.local/lib/python3.6/site-packages/airflow/example_dags/tutorial.py for tasks to queue
[2021-07-01 10:15:06,105] {logging_mixin.py:104} INFO - [2021-07-01 10:15:06,104] {dagbag.py:487} INFO - Filling up the DagBag from /home/airflow/.local/lib/python3.6/site-packages/airflow/example_dags/tutorial.py
[2021-07-01 10:15:06,121] {scheduler_job.py:643} INFO - DAG(s) dict_keys(['tutorial']) retrieved from /home/airflow/.local/lib/python3.6/site-packages/airflow/example_dags/tutorial.py
[2021-07-01 10:15:06,146] {logging_mixin.py:104} INFO - [2021-07-01 10:15:06,146] {dag.py:1832} INFO - Sync 1 DAGs
[2021-07-01 10:15:06,175] {logging_mixin.py:104} INFO - [2021-07-01 10:15:06,175] {dag.py:2305} INFO - Setting next_dagrun for tutorial to 2021-06-29 00:00:00+00:00
[2021-07-01 10:15:06,191] {scheduler_job.py:190} INFO - Processing /home/airflow/.local/lib/python3.6/site-packages/airflow/example_dags/tutorial.py took 0.100 seconds
[2021-07-01 10:15:36,908] {scheduler_job.py:182} INFO - Started process (PID=474) to work on /home/airflow/.local/lib/python3.6/site-packages/airflow/example_dags/tutorial.py
[2021-07-01 10:15:36,913] {scheduler_job.py:633} INFO - Processing file /home/airflow/.local/lib/python3.6/site-packages/airflow/example_dags/tutorial.py for tasks to queue
[2021-07-01 10:15:36,915] {logging_mixin.py:104} INFO - [2021-07-01 10:15:36,914] {dagbag.py:487} INFO - Filling up the DagBag from /home/airflow/.local/lib/python3.6/site-packages/airflow/example_dags/tutorial.py
[2021-07-01 10:15:36,931] {scheduler_job.py:643} INFO - DAG(s) dict_keys(['tutorial']) retrieved from /home/airflow/.local/lib/python3.6/site-packages/airflow/example_dags/tutorial.py
[2021-07-01 10:15:36,948] {logging_mixin.py:104} INFO - [2021-07-01 10:15:36,948] {dag.py:1832} INFO - Sync 1 DAGs
[2021-07-01 10:15:36,966] {logging_mixin.py:104} INFO - [2021-07-01 10:15:36,966] {dag.py:2305} INFO - Setting next_dagrun for tutorial to 2021-06-29 00:00:00+00:00
[2021-07-01 10:15:36,976] {scheduler_job.py:190} INFO - Processing /home/airflow/.local/lib/python3.6/site-packages/airflow/example_dags/tutorial.py took 0.072 seconds
[2021-07-01 10:16:07,010] {scheduler_job.py:182} INFO - Started process (PID=530) to work on /home/airflow/.local/lib/python3.6/site-packages/airflow/example_dags/tutorial.py
[2021-07-01 10:16:07,012] {scheduler_job.py:633} INFO - Processing file /home/airflow/.local/lib/python3.6/site-packages/airflow/example_dags/tutorial.py for tasks to queue
[2021-07-01 10:16:07,014] {logging_mixin.py:104} INFO - [2021-07-01 10:16:07,014] {dagbag.py:487} INFO - Filling up the DagBag from /home/airflow/.local/lib/python3.6/site-packages/airflow/example_dags/tutorial.py
[2021-07-01 10:16:07,033] {scheduler_job.py:643} INFO - DAG(s) dict_keys(['tutorial']) retrieved from /home/airflow/.local/lib/python3.6/site-packages/airflow/example_dags/tutorial.py
[2021-07-01 10:16:07,268] {logging_mixin.py:104} INFO - [2021-07-01 10:16:07,267] {dag.py:1832} INFO - Sync 1 DAGs
[2021-07-01 10:16:07,281] {logging_mixin.py:104} INFO - [2021-07-01 10:16:07,281] {dag.py:2305} INFO - Setting next_dagrun for tutorial to 2021-06-29 00:00:00+00:00
[2021-07-01 10:16:07,301] {scheduler_job.py:190} INFO - Processing /home/airflow/.local/lib/python3.6/site-packages/airflow/example_dags/tutorial.py took 0.294 seconds
