[2021-07-01 10:12:05,113] {scheduler_job.py:182} INFO - Started process (PID=67) to work on /opt/airflow/dags/tuto.py
[2021-07-01 10:12:05,121] {scheduler_job.py:633} INFO - Processing file /opt/airflow/dags/tuto.py for tasks to queue
[2021-07-01 10:12:05,122] {logging_mixin.py:104} INFO - [2021-07-01 10:12:05,122] {dagbag.py:487} INFO - Filling up the DagBag from /opt/airflow/dags/tuto.py
[2021-07-01 10:12:05,183] {scheduler_job.py:643} INFO - DAG(s) dict_keys(['tutorial']) retrieved from /opt/airflow/dags/tuto.py
[2021-07-01 10:12:05,615] {logging_mixin.py:104} INFO - [2021-07-01 10:12:05,615] {dag.py:1832} INFO - Sync 1 DAGs
[2021-07-01 10:12:05,646] {logging_mixin.py:104} INFO - [2021-07-01 10:12:05,646] {dag.py:2305} INFO - Setting next_dagrun for tutorial to 2015-06-01T00:00:00+00:00
[2021-07-01 10:12:05,672] {scheduler_job.py:190} INFO - Processing /opt/airflow/dags/tuto.py took 0.573 seconds
[2021-07-01 10:12:36,052] {scheduler_job.py:182} INFO - Started process (PID=125) to work on /opt/airflow/dags/tuto.py
[2021-07-01 10:12:36,055] {scheduler_job.py:633} INFO - Processing file /opt/airflow/dags/tuto.py for tasks to queue
[2021-07-01 10:12:36,057] {logging_mixin.py:104} INFO - [2021-07-01 10:12:36,057] {dagbag.py:487} INFO - Filling up the DagBag from /opt/airflow/dags/tuto.py
[2021-07-01 10:12:36,081] {scheduler_job.py:643} INFO - DAG(s) dict_keys(['tutorial']) retrieved from /opt/airflow/dags/tuto.py
[2021-07-01 10:12:36,104] {logging_mixin.py:104} INFO - [2021-07-01 10:12:36,104] {dag.py:1832} INFO - Sync 1 DAGs
[2021-07-01 10:12:36,127] {logging_mixin.py:104} INFO - [2021-07-01 10:12:36,127] {dag.py:2305} INFO - Setting next_dagrun for tutorial to 2015-06-01T00:00:00+00:00
[2021-07-01 10:12:36,140] {scheduler_job.py:190} INFO - Processing /opt/airflow/dags/tuto.py took 0.091 seconds
[2021-07-01 10:13:06,207] {scheduler_job.py:182} INFO - Started process (PID=181) to work on /opt/airflow/dags/tuto.py
[2021-07-01 10:13:06,209] {scheduler_job.py:633} INFO - Processing file /opt/airflow/dags/tuto.py for tasks to queue
[2021-07-01 10:13:06,211] {logging_mixin.py:104} INFO - [2021-07-01 10:13:06,211] {dagbag.py:487} INFO - Filling up the DagBag from /opt/airflow/dags/tuto.py
[2021-07-01 10:13:06,242] {scheduler_job.py:643} INFO - DAG(s) dict_keys(['tutorial']) retrieved from /opt/airflow/dags/tuto.py
[2021-07-01 10:13:06,257] {logging_mixin.py:104} INFO - [2021-07-01 10:13:06,257] {dag.py:1832} INFO - Sync 1 DAGs
[2021-07-01 10:13:06,276] {logging_mixin.py:104} INFO - [2021-07-01 10:13:06,276] {dag.py:2305} INFO - Setting next_dagrun for tutorial to 2015-06-01T00:00:00+00:00
[2021-07-01 10:13:06,285] {scheduler_job.py:190} INFO - Processing /opt/airflow/dags/tuto.py took 0.086 seconds
[2021-07-01 10:13:36,406] {scheduler_job.py:182} INFO - Started process (PID=248) to work on /opt/airflow/dags/tuto.py
[2021-07-01 10:13:36,409] {scheduler_job.py:633} INFO - Processing file /opt/airflow/dags/tuto.py for tasks to queue
[2021-07-01 10:13:36,414] {logging_mixin.py:104} INFO - [2021-07-01 10:13:36,414] {dagbag.py:487} INFO - Filling up the DagBag from /opt/airflow/dags/tuto.py
[2021-07-01 10:13:36,450] {scheduler_job.py:643} INFO - DAG(s) dict_keys(['tutorial']) retrieved from /opt/airflow/dags/tuto.py
[2021-07-01 10:13:36,646] {logging_mixin.py:104} INFO - [2021-07-01 10:13:36,646] {dag.py:1832} INFO - Sync 1 DAGs
[2021-07-01 10:13:36,660] {logging_mixin.py:104} INFO - [2021-07-01 10:13:36,660] {dag.py:2305} INFO - Setting next_dagrun for tutorial to 2015-06-01T00:00:00+00:00
[2021-07-01 10:13:36,674] {scheduler_job.py:190} INFO - Processing /opt/airflow/dags/tuto.py took 0.279 seconds
[2021-07-01 10:14:07,496] {scheduler_job.py:182} INFO - Started process (PID=303) to work on /opt/airflow/dags/tuto.py
[2021-07-01 10:14:07,500] {scheduler_job.py:633} INFO - Processing file /opt/airflow/dags/tuto.py for tasks to queue
[2021-07-01 10:14:07,501] {logging_mixin.py:104} INFO - [2021-07-01 10:14:07,501] {dagbag.py:487} INFO - Filling up the DagBag from /opt/airflow/dags/tuto.py
[2021-07-01 10:14:07,529] {scheduler_job.py:643} INFO - DAG(s) dict_keys(['tutorial']) retrieved from /opt/airflow/dags/tuto.py
[2021-07-01 10:14:07,551] {logging_mixin.py:104} INFO - [2021-07-01 10:14:07,550] {dag.py:1832} INFO - Sync 1 DAGs
[2021-07-01 10:14:07,568] {logging_mixin.py:104} INFO - [2021-07-01 10:14:07,568] {dag.py:2305} INFO - Setting next_dagrun for tutorial to 2015-06-01T00:00:00+00:00
[2021-07-01 10:14:07,580] {scheduler_job.py:190} INFO - Processing /opt/airflow/dags/tuto.py took 0.089 seconds
[2021-07-01 10:14:38,964] {scheduler_job.py:182} INFO - Started process (PID=369) to work on /opt/airflow/dags/tuto.py
[2021-07-01 10:14:38,966] {scheduler_job.py:633} INFO - Processing file /opt/airflow/dags/tuto.py for tasks to queue
[2021-07-01 10:14:38,968] {logging_mixin.py:104} INFO - [2021-07-01 10:14:38,968] {dagbag.py:487} INFO - Filling up the DagBag from /opt/airflow/dags/tuto.py
[2021-07-01 10:14:38,997] {scheduler_job.py:643} INFO - DAG(s) dict_keys(['tutorial']) retrieved from /opt/airflow/dags/tuto.py
[2021-07-01 10:14:39,017] {logging_mixin.py:104} INFO - [2021-07-01 10:14:39,017] {dag.py:1832} INFO - Sync 1 DAGs
[2021-07-01 10:14:39,040] {logging_mixin.py:104} INFO - [2021-07-01 10:14:39,040] {dag.py:2305} INFO - Setting next_dagrun for tutorial to 2015-06-01T00:00:00+00:00
[2021-07-01 10:14:39,054] {scheduler_job.py:190} INFO - Processing /opt/airflow/dags/tuto.py took 0.094 seconds
[2021-07-01 10:15:09,229] {scheduler_job.py:182} INFO - Started process (PID=434) to work on /opt/airflow/dags/tuto.py
[2021-07-01 10:15:09,231] {scheduler_job.py:633} INFO - Processing file /opt/airflow/dags/tuto.py for tasks to queue
[2021-07-01 10:15:09,232] {logging_mixin.py:104} INFO - [2021-07-01 10:15:09,232] {dagbag.py:487} INFO - Filling up the DagBag from /opt/airflow/dags/tuto.py
[2021-07-01 10:15:09,254] {scheduler_job.py:643} INFO - DAG(s) dict_keys(['tutorial']) retrieved from /opt/airflow/dags/tuto.py
[2021-07-01 10:15:09,493] {logging_mixin.py:104} INFO - [2021-07-01 10:15:09,493] {dag.py:1832} INFO - Sync 1 DAGs
[2021-07-01 10:15:09,513] {logging_mixin.py:104} INFO - [2021-07-01 10:15:09,513] {dag.py:2305} INFO - Setting next_dagrun for tutorial to 2015-06-01T00:00:00+00:00
[2021-07-01 10:15:09,535] {scheduler_job.py:190} INFO - Processing /opt/airflow/dags/tuto.py took 0.309 seconds
[2021-07-01 10:15:40,659] {scheduler_job.py:182} INFO - Started process (PID=490) to work on /opt/airflow/dags/tuto.py
[2021-07-01 10:15:40,662] {scheduler_job.py:633} INFO - Processing file /opt/airflow/dags/tuto.py for tasks to queue
[2021-07-01 10:15:40,667] {logging_mixin.py:104} INFO - [2021-07-01 10:15:40,667] {dagbag.py:487} INFO - Filling up the DagBag from /opt/airflow/dags/tuto.py
[2021-07-01 10:15:40,695] {scheduler_job.py:643} INFO - DAG(s) dict_keys(['tutorial']) retrieved from /opt/airflow/dags/tuto.py
[2021-07-01 10:15:40,739] {logging_mixin.py:104} INFO - [2021-07-01 10:15:40,739] {dag.py:1832} INFO - Sync 1 DAGs
[2021-07-01 10:15:40,757] {logging_mixin.py:104} INFO - [2021-07-01 10:15:40,757] {dag.py:2305} INFO - Setting next_dagrun for tutorial to 2015-06-01T00:00:00+00:00
[2021-07-01 10:15:40,767] {scheduler_job.py:190} INFO - Processing /opt/airflow/dags/tuto.py took 0.116 seconds
[2021-07-01 10:16:11,039] {scheduler_job.py:182} INFO - Started process (PID=558) to work on /opt/airflow/dags/tuto.py
[2021-07-01 10:16:11,042] {scheduler_job.py:633} INFO - Processing file /opt/airflow/dags/tuto.py for tasks to queue
[2021-07-01 10:16:11,049] {logging_mixin.py:104} INFO - [2021-07-01 10:16:11,048] {dagbag.py:487} INFO - Filling up the DagBag from /opt/airflow/dags/tuto.py
[2021-07-01 10:16:11,085] {scheduler_job.py:643} INFO - DAG(s) dict_keys(['tutorial']) retrieved from /opt/airflow/dags/tuto.py
[2021-07-01 10:16:11,119] {logging_mixin.py:104} INFO - [2021-07-01 10:16:11,119] {dag.py:1832} INFO - Sync 1 DAGs
[2021-07-01 10:16:11,146] {logging_mixin.py:104} INFO - [2021-07-01 10:16:11,146] {dag.py:2305} INFO - Setting next_dagrun for tutorial to 2015-06-01T00:00:00+00:00
[2021-07-01 10:16:11,156] {scheduler_job.py:190} INFO - Processing /opt/airflow/dags/tuto.py took 0.129 seconds
